#
# A fatal error has been detected by the Java Runtime Environment:
#
#  EXCEPTION_ACCESS_VIOLATION (0xc0000005) at pc=0x00007fffaaaa3fb4, pid=19788, tid=20232
#
# JRE version: OpenJDK Runtime Environment Temurin-21.0.2+13 (21.0.2+13) (build 21.0.2+13-LTS)
# Java VM: OpenJDK 64-Bit Server VM Temurin-21.0.2+13 (21.0.2+13-LTS, mixed mode, emulated-client, sharing, tiered, compressed oops, compressed class ptrs, g1 gc, windows-amd64)
# Problematic frame:
# V  [jvm.dll+0x363fb4]
#
# No core dump will be written. Minidumps are not enabled by default on client versions of Windows
#
# If you would like to submit a bug report, please visit:
#   https://github.com/adoptium/adoptium-support/issues
#

---------------  S U M M A R Y ------------

Command Line: -Dfile.encoding=UTF-8 -Dsun.jnu.encoding=UTF-8 -XX:+ShowCodeDetailsInExceptionMessages -agentlib:jdwp=transport=dt_socket,suspend=y,address=localhost:54162 -Dcom.sun.management.jmxremote -Dcom.sun.management.jmxremote.port=54161 -Dcom.sun.management.jmxremote.authenticate=false -Dcom.sun.management.jmxremote.ssl=false -Djava.rmi.server.hostname=localhost -Dspring.jmx.enabled=true -Dmanagement.endpoints.jmx.exposure.include=* -Dspring.application.admin.enabled=true -XX:TieredStopAtLevel=1 -Dspring.boot.project.name=MyEnglishServer -javaagent:C:\pleiades\2024-03\eclipse\configuration\org.eclipse.osgi\251\0\.cp\lib\javaagent-shaded.jar -Dfile.encoding=UTF-8 -Dstdout.encoding=UTF-8 -Dstderr.encoding=UTF-8 myenglish.MyEnglishServerApplication --spring.output.ansi.enabled=always

Host: Intel(R) Core(TM) i5-1035G4 CPU @ 1.10GHz, 8 cores, 7G,  Windows 11 , 64 bit Build 22621 (10.0.22621.3672)
Time: Sun Jun 23 13:12:12 2024  Windows 11 , 64 bit Build 22621 (10.0.22621.3672) elapsed time: 50880.275874 seconds (0d 14h 8m 0s)

---------------  T H R E A D  ---------------

Current thread (0x000001c9eaa99cb0):  WorkerThread "GC Thread#3"    [id=20232, stack(0x00000072fe400000,0x00000072fe500000) (1024K)]

Stack: [0x00000072fe400000,0x00000072fe500000],  sp=0x00000072fe4fdf40,  free space=1015k
Native frames: (J=compiled Java code, j=interpreted, Vv=VM code, C=native code)
V  [jvm.dll+0x363fb4]
V  [jvm.dll+0x31452b]
V  [jvm.dll+0x313f7d]
V  [jvm.dll+0x3ebbd5]
V  [jvm.dll+0x84cea6]
V  [jvm.dll+0x856931]
V  [jvm.dll+0x3646da]
V  [jvm.dll+0x36456a]
V  [jvm.dll+0x36be34]
V  [jvm.dll+0x36bfab]
V  [jvm.dll+0x8d0f87]
V  [jvm.dll+0x84cb3b]
V  [jvm.dll+0x6c7c2d]
C  [ucrtbase.dll+0x29333]
C  [KERNEL32.DLL+0x1257d]
C  [ntdll.dll+0x5af28]

JavaThread 0x000001c9ec8f3f10 (nid = 23496) was being processed
Java frames: (J=compiled Java code, j=interpreted, Vv=VM code)
j  java.lang.invoke.DirectMethodHandle$Holder.newInvokeSpecial(Ljava/lang/Object;Ljava/lang/Object;)Ljava/lang/Object;+16 java.base@21.0.2
J 20932 c1 java.lang.invoke.LambdaForm$MH+0x000001c981688000.invoke(Ljava/lang/Object;Ljava/lang/Object;)Ljava/lang/Object; java.base@21.0.2 (35 bytes) @ 0x000001c9de4f41e4 [0x000001c9de4f40e0+0x0000000000000104]
J 947 c1 jdk.internal.reflect.DirectConstructorHandleAccessor.newInstance([Ljava/lang/Object;)Ljava/lang/Object; java.base@21.0.2 (130 bytes) @ 0x000001c9dd7485ec [0x000001c9dd7483e0+0x000000000000020c]
J 946 c1 java.lang.reflect.Constructor.newInstanceWithCaller([Ljava/lang/Object;ZLjava/lang/Class;)Ljava/lang/Object; java.base@21.0.2 (51 bytes) @ 0x000001c9dd74623c [0x000001c9dd746160+0x00000000000000dc]
J 12414 c1 org.springframework.beans.BeanUtils.instantiateClass(Ljava/lang/reflect/Constructor;[Ljava/lang/Object;)Ljava/lang/Object; (208 bytes) @ 0x000001c9dd5c96f4 [0x000001c9dd5c9200+0x00000000000004f4]
J 20093 c1 org.springframework.beans.factory.support.ConstructorResolver.instantiate(Ljava/lang/String;Lorg/springframework/beans/factory/support/RootBeanDefinition;Ljava/lang/reflect/Constructor;[Ljava/lang/Object;)Ljava/lang/Object; (48 bytes) @ 0x000001c9de5174bc [0x000001c9de5173a0+0x000000000000011c]
J 20090 c1 org.springframework.beans.factory.support.ConstructorResolver.autowireConstructor(Ljava/lang/String;Lorg/springframework/beans/factory/support/RootBeanDefinition;[Ljava/lang/reflect/Constructor;[Ljava/lang/Object;)Lorg/springframework/beans/BeanWrapper; (909 bytes) @ 0x000001c9de46d264 [0x000001c9de46b800+0x0000000000001a64]
J 13621 c1 org.springframework.beans.factory.support.AbstractAutowireCapableBeanFactory.createBeanInstance(Ljava/lang/String;Lorg/springframework/beans/factory/support/RootBeanDefinition;[Ljava/lang/Object;)Lorg/springframework/beans/BeanWrapper; (245 bytes) @ 0x000001c9de0f89cc [0x000001c9de0f82c0+0x000000000000070c]
J 13620 c1 org.springframework.beans.factory.support.AbstractAutowireCapableBeanFactory.doCreateBean(Ljava/lang/String;Lorg/springframework/beans/factory/support/RootBeanDefinition;[Ljava/lang/Object;)Ljava/lang/Object; (469 bytes) @ 0x000001c9dd76a444 [0x000001c9dd76a2a0+0x00000000000001a4]
J 13608 c1 org.springframework.beans.factory.support.AbstractAutowireCapableBeanFactory.createBean(Ljava/lang/String;Lorg/springframework/beans/factory/support/RootBeanDefinition;[Ljava/lang/Object;)Ljava/lang/Object; (214 bytes) @ 0x000001c9ddb36c1c [0x000001c9ddb36740+0x00000000000004dc]
J 13639 c1 org.springframework.beans.factory.support.AbstractBeanFactory$$Lambda+0x000001c981276e08.getObject()Ljava/lang/Object; (20 bytes) @ 0x000001c9ddc581ac [0x000001c9ddc58120+0x000000000000008c]
J 13637 c1 org.springframework.beans.factory.support.DefaultSingletonBeanRegistry.getSingleton(Ljava/lang/String;Lorg/springframework/beans/factory/ObjectFactory;)Ljava/lang/Object; (279 bytes) @ 0x000001c9dde79724 [0x000001c9dde793e0+0x0000000000000344]
J 3276 c1 org.springframework.beans.factory.support.AbstractBeanFactory.doGetBean(Ljava/lang/String;Ljava/lang/Class;[Ljava/lang/Object;Z)Ljava/lang/Object; (787 bytes) @ 0x000001c9ddc82bec [0x000001c9ddc825c0+0x000000000000062c]
J 4803 c1 org.springframework.beans.factory.support.AbstractBeanFactory.getBean(Ljava/lang/String;)Ljava/lang/Object; (9 bytes) @ 0x000001c9ddf0c134 [0x000001c9ddf0c0c0+0x0000000000000074]
j  org.springframework.beans.factory.support.DefaultListableBeanFactory.preInstantiateSingletons()V+152
j  org.springframework.context.support.AbstractApplicationContext.finishBeanFactoryInitialization(Lorg/springframework/beans/factory/config/ConfigurableListableBeanFactory;)V+135
j  org.springframework.context.support.AbstractApplicationContext.refresh()V+94
j  org.springframework.boot.web.servlet.context.ServletWebServerApplicationContext.refresh()V+1
j  org.springframework.boot.SpringApplication.refresh(Lorg/springframework/context/ConfigurableApplicationContext;)V+1
j  org.springframework.boot.SpringApplication.refreshContext(Lorg/springframework/context/ConfigurableApplicationContext;)V+16
j  org.springframework.boot.SpringApplication.run([Ljava/lang/String;)Lorg/springframework/context/ConfigurableApplicationContext;+110
j  org.springframework.boot.SpringApplication.run([Ljava/lang/Class;[Ljava/lang/String;)Lorg/springframework/context/ConfigurableApplicationContext;+9
j  org.springframework.boot.SpringApplication.run(Ljava/lang/Class;[Ljava/lang/String;)Lorg/springframework/context/ConfigurableApplicationContext;+9
j  myenglish.MyEnglishServerApplication.main([Ljava/lang/String;)V+3
j  java.lang.invoke.LambdaForm$DMH+0x000001c981004c00.invokeStatic(Ljava/lang/Object;Ljava/lang/Object;)V+10 java.base@21.0.2
j  java.lang.invoke.LambdaForm$MH+0x000001c981435000.invoke(Ljava/lang/Object;Ljava/lang/Object;Ljava/lang/Object;)Ljava/lang/Object;+33 java.base@21.0.2
J 4531 c1 jdk.internal.reflect.DirectMethodHandleAccessor.invoke(Ljava/lang/Object;[Ljava/lang/Object;)Ljava/lang/Object; java.base@21.0.2 (92 bytes) @ 0x000001c9dde9131c [0x000001c9dde90fc0+0x000000000000035c]
J 4596 c1 java.lang.reflect.Method.invoke(Ljava/lang/Object;[Ljava/lang/Object;)Ljava/lang/Object; java.base@21.0.2 (108 bytes) @ 0x000001c9ddeaf0f4 [0x000001c9ddeaef00+0x00000000000001f4]
j  org.springframework.boot.devtools.restart.RestartLauncher.run()V+47
v  ~StubRoutines::call_stub 0x000001c9dd4010e7

siginfo: EXCEPTION_ACCESS_VIOLATION (0xc0000005), reading address 0x000001c9d36a5048


Registers:
RAX=0x000000000007280a, RBX=0x000001c9ec104858, RCX=0x0000000000000014, RDX=0x000001c9d35c0034
RSP=0x00000072fe4fdf40, RBP=0x00000072fe4fe070, RSI=0x00000072fe4fe240, RDI=0x0000007280afd988
R8 =0x0000007280afd988, R9 =0x000001c9d357d1e0, R10=0x000001c9dd400000, R11=0x00000072fe4fe0e8
R12=0x000001c9805447e8, R13=0x000001c9ea0c1930, R14=0x000001c9ea9c0a90, R15=0x0000000000000000
RIP=0x00007fffaaaa3fb4, EFLAGS=0x0000000000010207


Register to memory mapping:

RAX=0x000000000007280a is an unknown value
RBX=0x000001c9ec104858 points into unknown readable memory: 0x00007fffab1644a0 | a0 44 16 ab ff 7f 00 00
RCX=0x0000000000000014 is an unknown value
RDX=0x000001c9d35c0034 points into unknown readable memory: 00 00 00 00
RSP=0x00000072fe4fdf40 points into unknown readable memory: 0x00000072fe4fe000 | 00 e0 4f fe 72 00 00 00
RBP=0x00000072fe4fe070 points into unknown readable memory: 0x0000007200000000 | 00 00 00 00 72 00 00 00
RSI=0x00000072fe4fe240 points into unknown readable memory: 0x0000007280afd978 | 78 d9 af 80 72 00 00 00
RDI=0x0000007280afd988 is pointing into the stack for thread: 0x000001c9ec8f3f10
R8 =0x0000007280afd988 is pointing into the stack for thread: 0x000001c9ec8f3f10
R9 =0x000001c9d357d1e0 points into unknown readable memory: 0x00007fffab15b548 | 48 b5 15 ab ff 7f 00 00
R10=0x000001c9dd400000 points into unknown readable memory: 0x0000000000000006 | 06 00 00 00 00 00 00 00
R11=0x00000072fe4fe0e8 points into unknown readable memory: 0x00007fffaaa53f7d | 7d 3f a5 aa ff 7f 00 00
R12=0x000001c9805447e8 is pointing into metadata
R13=0x000001c9ea0c1930 points into unknown readable memory: 0x0000000000000000 | 00 00 00 00 00 00 00 00
R14=0x000001c9ea9c0a90 points into unknown readable memory: 0x2e696d722e6e7502 | 02 75 6e 2e 72 6d 69 2e
R15=0x0 is null

Top of Stack: (sp=0x00000072fe4fdf40)
0x00000072fe4fdf40:   00000072fe4fe000 00000072fe4fe240
0x00000072fe4fdf50:   000001c980480090 0000000000000000
0x00000072fe4fdf60:   000001c9ec104858 00007fffaaa5452b
0x00000072fe4fdf70:   0000000000000002 000001c9800b6488
0x00000072fe4fdf80:   000001c9ec104858 00000072fe4fe240
0x00000072fe4fdf90:   0000001000000001 000001c9800b6488
0x00000072fe4fdfa0:   000001c9eaa99cb0 000001c900000004
0x00000072fe4fdfb0:   00000000000003d8 000001c9ea0c1940
0x00000072fe4fdfc0:   000001c9ea0c1d18 000001c98072d0b0
0x00000072fe4fdfd0:   000001c9000000b8 000001c9800b6488
0x00000072fe4fdfe0:   00007fffab159f00 00000072fe4fe240
0x00000072fe4fdff0:   000001c9ec104858 0000000400000003
0x00000072fe4fe000:   000001c9805447e8 0000001300000001
0x00000072fe4fe010:   0000000000000044 000000010000000c
0x00000072fe4fe020:   000001c980480090 0000000000000000
0x00000072fe4fe030:   000001c9eb2e97b4 0000000000000002
0x00000072fe4fe040:   0000000300000001 0000ffff09c80000
0x00000072fe4fe050:   00007fffaaf95820 000001c9ec104858
0x00000072fe4fe060:   000001c980017600 00000006ea0c0013
0x00000072fe4fe070:   0000007200000000 0000000000000015
0x00000072fe4fe080:   000001c9ec104858 00007fffaaaa403e
0x00000072fe4fe090:   0000000000000000 0000007200000003
0x00000072fe4fe0a0:   00008c4dbed0067d 00007fffaaa64be7
0x00000072fe4fe0b0:   000001c9ec104858 00000000000003d8
0x00000072fe4fe0c0:   000001c9ea0c1d18 00000072fe4fe240
0x00000072fe4fe0d0:   000001c9ec104900 00007fffaaf95820
0x00000072fe4fe0e0:   000001c9ec104858 00007fffaaa53f7d
0x00000072fe4fe0f0:   0000000000000000 000001c9ec104900
0x00000072fe4fe100:   0000000000000000 00007fffaab2db06
0x00000072fe4fe110:   00000072fe4fe170 0000000000000000
0x00000072fe4fe120:   0000000000000000 0000000000000000
0x00000072fe4fe130:   000001c9ec8f3f10 00007fffaaedb0f1 

Instructions: (pc=0x00007fffaaaa3fb4)
0x00007fffaaaa3eb4:   00 00 48 d3 e8 0f b7 14 42 0f b7 c2 66 c1 e8 08
0x00007fffaaaa3ec4:   84 c0 78 3a 4c 8b 07 41 0f b6 c0 24 03 3c 03 75
0x00007fffaaaa3ed4:   06 49 83 e0 fc eb 12 48 8b 4b 10 4d 8b c8 4c 8b
0x00007fffaaaa3ee4:   c7 e8 96 1a ff ff 4c 8b c0 4c 2b 05 ac a0 8b 00
0x00007fffaaaa3ef4:   8b 0d ae a0 8b 00 49 d3 e8 44 89 06 eb 5a 3c fd
0x00007fffaaaa3f04:   75 37 41 8b 88 18 02 00 00 48 8b d7 49 8b 80 10
0x00007fffaaaa3f14:   02 00 00 48 d3 e0 8b 0d 20 73 92 00 48 2b d0 49
0x00007fffaaaa3f24:   8b 80 90 05 00 00 48 d3 ea 8b ca 80 7c 48 01 fd
0x00007fffaaaa3f34:   75 17 c6 44 48 01 ff eb 10 3c fc 75 0c 48 8b 4b
0x00007fffaaaa3f44:   10 48 8b d6 e8 f3 f2 ff ff 8b 53 18 4c 8b c7 48
0x00007fffaaaa3f54:   8b 4b 28 e8 54 59 fb ff 48 8b 4b 10 e8 cb f3 fe
0x00007fffaaaa3f64:   ff 48 8b 7c 24 30 48 8b 5c 24 38 48 83 c4 20 5e
0x00007fffaaaa3f74:   c3 cc cc cc cc cc cc cc cc cc cc cc 48 89 5c 24
0x00007fffaaaa3f84:   08 57 48 83 ec 20 4c 8b 02 48 8b fa 48 8b d9 4d
0x00007fffaaaa3f94:   85 c0 0f 84 a2 00 00 00 4c 8b 49 08 49 8b c0 41
0x00007fffaaaa3fa4:   8b 89 b0 05 00 00 49 8b 91 a0 05 00 00 48 d3 e8
0x00007fffaaaa3fb4:   0f b7 14 42 0f b7 c2 66 c1 e8 08 84 c0 78 29 49
0x00007fffaaaa3fc4:   8b 08 0f b6 c1 24 03 3c 03 75 09 48 83 e1 fc 48
0x00007fffaaaa3fd4:   89 0f eb 5d 4c 8b c9 48 8b 4b 10 e8 9c 19 ff ff
0x00007fffaaaa3fe4:   48 8b c8 48 89 07 eb 49 3c fd 75 35 41 8b 89 18
0x00007fffaaaa3ff4:   02 00 00 49 8b 81 10 02 00 00 48 d3 e0 8b 0d 39
0x00007fffaaaa4004:   72 92 00 4c 2b c0 49 8b 81 90 05 00 00 49 d3 e8
0x00007fffaaaa4014:   41 8b c8 80 7c 48 01 fd 75 17 c6 44 48 01 ff eb
0x00007fffaaaa4024:   10 3c fc 75 0c 48 8b 4b 10 48 8b d7 e8 ab f1 ff
0x00007fffaaaa4034:   ff 48 8b 4b 10 e8 f2 f2 fe ff 48 8b 5c 24 30 48
0x00007fffaaaa4044:   83 c4 20 5f c3 cc cc cc cc cc cc cc 48 89 5c 24
0x00007fffaaaa4054:   08 57 48 83 ec 20 8b 02 48 8b fa 48 8b d9 85 c0
0x00007fffaaaa4064:   0f 84 c6 00 00 00 8b 0d 38 9f 8b 00 44 8b d0 4c
0x00007fffaaaa4074:   8b 43 08 49 d3 e2 4c 03 15 1f 9f 8b 00 49 8b c2
0x00007fffaaaa4084:   41 8b 88 b0 05 00 00 49 8b 90 a0 05 00 00 48 d3
0x00007fffaaaa4094:   e8 0f b7 14 42 0f b7 c2 66 c1 e8 08 84 c0 78 3a
0x00007fffaaaa40a4:   4d 8b 02 41 0f b6 c0 24 03 3c 03 75 06 49 83 e0 


Stack slot to memory mapping:

stack at sp + 0 slots: 0x00000072fe4fe000 points into unknown readable memory: 0x000001c9805447e8 | e8 47 54 80 c9 01 00 00
stack at sp + 1 slots: 0x00000072fe4fe240 points into unknown readable memory: 0x0000007280afd978 | 78 d9 af 80 72 00 00 00
stack at sp + 2 slots: 0x000001c980480090 is pointing into metadata
stack at sp + 3 slots: 0x0 is null
stack at sp + 4 slots: 0x000001c9ec104858 points into unknown readable memory: 0x00007fffab1644a0 | a0 44 16 ab ff 7f 00 00
stack at sp + 5 slots: 0x00007fffaaa5452b jvm.dll
stack at sp + 6 slots: 0x0000000000000002 is an unknown value
stack at sp + 7 slots: {method} {0x000001c9800b6490} 'newInvokeSpecial' '(Ljava/lang/Object;Ljava/lang/Object;)Ljava/lang/Object;' in 'java/lang/invoke/DirectMethodHandle$Holder'


---------------  P R O C E S S  ---------------

Threads class SMR info:
_java_thread_list=0x000001c9ec9e90b0, length=34, elements={
0x000001c9e5da6e60, 0x000001c9e5da9b90, 0x000001c9e5dacf40, 0x000001c9e5db05d0,
0x000001c9e5db23f0, 0x000001c9e5db5210, 0x000001c9e5dc0d80, 0x000001c9ea0b84c0,
0x000001c9ea142200, 0x000001c9ea147db0, 0x000001c9ea14ca00, 0x000001c9ea0b6a80,
0x000001c9ea0b9870, 0x000001c9ea0b7110, 0x000001c9ea0b77a0, 0x000001c9ea0b7e30,
0x000001c9ea0b91e0, 0x000001c9ead1ed40, 0x000001c9ec79a910, 0x000001c9ead1f3d0,
0x000001c9ead22ee0, 0x000001c9ead20e10, 0x000001c9ead20780, 0x000001c9ead214a0,
0x000001c9ead1e020, 0x000001c9ead1d990, 0x000001c9ead21b30, 0x000001c9ec8f17b0,
0x000001c9ec8f3880, 0x000001c9ec8f3f10, 0x000001c9ec8efd70, 0x000001c9ec8f4c30,
0x000001c9ec8f0400, 0x000001c9ec8f0a90
}

Java Threads: ( => current thread )
  0x000001c9e5da6e60 JavaThread "Reference Handler"          daemon [_thread_blocked, id=9268, stack(0x00000072fd300000,0x00000072fd400000) (1024K)]
  0x000001c9e5da9b90 JavaThread "Finalizer"                  daemon [_thread_blocked, id=4068, stack(0x00000072fd400000,0x00000072fd500000) (1024K)]
  0x000001c9e5dacf40 JavaThread "Signal Dispatcher"          daemon [_thread_blocked, id=17072, stack(0x00000072fd500000,0x00000072fd600000) (1024K)]
  0x000001c9e5db05d0 JavaThread "Attach Listener"            daemon [_thread_blocked, id=22044, stack(0x00000072fd600000,0x00000072fd700000) (1024K)]
  0x000001c9e5db23f0 JavaThread "Service Thread"             daemon [_thread_blocked, id=20084, stack(0x00000072fd700000,0x00000072fd800000) (1024K)]
  0x000001c9e5db5210 JavaThread "Monitor Deflation Thread"   daemon [_thread_blocked, id=15964, stack(0x00000072fd800000,0x00000072fd900000) (1024K)]
  0x000001c9e5dc0d80 JavaThread "C1 CompilerThread0"         daemon [_thread_blocked, id=14964, stack(0x00000072fd900000,0x00000072fda00000) (1024K)]
  0x000001c9ea0b84c0 JavaThread "Common-Cleaner"             daemon [_thread_blocked, id=21248, stack(0x00000072fda00000,0x00000072fdb00000) (1024K)]
  0x000001c9ea142200 JavaThread "JDWP Transport Listener: dt_socket" daemon [_thread_blocked, id=7172, stack(0x00000072fdc00000,0x00000072fdd00000) (1024K)]
  0x000001c9ea147db0 JavaThread "JDWP Event Helper Thread"   daemon [_thread_blocked, id=1116, stack(0x00000072fdd00000,0x00000072fde00000) (1024K)]
  0x000001c9ea14ca00 JavaThread "JDWP Command Reader"        daemon [_thread_in_native, id=8908, stack(0x00000072fde00000,0x00000072fdf00000) (1024K)]
  0x000001c9ea0b6a80 JavaThread "Notification Thread"        daemon [_thread_blocked, id=8780, stack(0x00000072fdf00000,0x00000072fe000000) (1024K)]
  0x000001c9ea0b9870 JavaThread "RMI TCP Accept-0"           daemon [_thread_in_native, id=14368, stack(0x00000072fe100000,0x00000072fe200000) (1024K)]
  0x000001c9ea0b7110 JavaThread "RMI TCP Accept-54161"       daemon [_thread_in_native, id=4212, stack(0x00000072fe900000,0x00000072fea00000) (1024K)]
  0x000001c9ea0b77a0 JavaThread "RMI TCP Accept-0"           daemon [_thread_in_native, id=21228, stack(0x00000072fea00000,0x00000072feb00000) (1024K)]
  0x000001c9ea0b7e30 JavaThread "RMI Scheduler(0)"           daemon [_thread_blocked, id=3020, stack(0x00000072fec00000,0x00000072fed00000) (1024K)]
  0x000001c9ea0b91e0 JavaThread "RMI TCP Connection(idle)"   daemon [_thread_blocked, id=17692, stack(0x00000072fed00000,0x00000072fee00000) (1024K)]
  0x000001c9ead1ed40 JavaThread "Live Reload Server"         daemon [_thread_in_native, id=1364, stack(0x00000072ffd00000,0x00000072ffe00000) (1024K)]
  0x000001c9ec79a910 JavaThread "DestroyJavaVM"                     [_thread_blocked, id=4496, stack(0x00000072fcb00000,0x00000072fcc00000) (1024K)]
  0x000001c9ead1f3d0 JavaThread "File Watcher"               daemon [_thread_blocked, id=14852, stack(0x0000007280200000,0x0000007280300000) (1024K)]
  0x000001c9ead22ee0 JavaThread "File Watcher"               daemon [_thread_blocked, id=8360, stack(0x0000007280300000,0x0000007280400000) (1024K)]
  0x000001c9ead20e10 JavaThread "File Watcher"               daemon [_thread_blocked, id=6720, stack(0x0000007280400000,0x0000007280500000) (1024K)]
  0x000001c9ead20780 JavaThread "File Watcher"               daemon [_thread_blocked, id=4152, stack(0x0000007280500000,0x0000007280600000) (1024K)]
  0x000001c9ead214a0 JavaThread "File Watcher"               daemon [_thread_blocked, id=15632, stack(0x0000007280600000,0x0000007280700000) (1024K)]
  0x000001c9ead1e020 JavaThread "File Watcher"               daemon [_thread_blocked, id=6332, stack(0x0000007280700000,0x0000007280800000) (1024K)]
  0x000001c9ead1d990 JavaThread "PostgreSQL-JDBC-Cleaner"    daemon [_thread_blocked, id=22048, stack(0x0000007280e00000,0x0000007280f00000) (1024K)]
  0x000001c9ead21b30 JavaThread "File Watcher"               daemon [_thread_blocked, id=5184, stack(0x0000007280800000,0x0000007280900000) (1024K)]
  0x000001c9ec8f17b0 JavaThread "JMX server connection timeout 394" daemon [_thread_blocked, id=20524, stack(0x0000007280100000,0x0000007280200000) (1024K)]
  0x000001c9ec8f3880 JavaThread "Thread-116"                        [_thread_blocked, id=22572, stack(0x0000007280000000,0x0000007280100000) (1024K)]
  0x000001c9ec8f3f10 JavaThread "restartedMain"                     [_thread_blocked, id=23496, stack(0x0000007280a00000,0x0000007280b00000) (1024K)]
  0x000001c9ec8efd70 JavaThread "Catalina-utility-1"                [_thread_blocked, id=10676, stack(0x0000007280b00000,0x0000007280c00000) (1024K)]
  0x000001c9ec8f4c30 JavaThread "Catalina-utility-2"                [_thread_blocked, id=8260, stack(0x0000007280c00000,0x0000007280d00000) (1024K)]
  0x000001c9ec8f0400 JavaThread "container-7"                       [_thread_blocked, id=12872, stack(0x0000007280d00000,0x0000007280e00000) (1024K)]
  0x000001c9ec8f0a90 JavaThread "HikariPool-32 housekeeper"  daemon [_thread_blocked, id=21340, stack(0x0000007280f00000,0x0000007281000000) (1024K)]
Total: 34

Other Threads:
  0x000001c9e5d861c0 VMThread "VM Thread"                           [id=16952, stack(0x00000072fd200000,0x00000072fd300000) (1024K)]
  0x000001c9e5d71bd0 WatcherThread "VM Periodic Task Thread"        [id=15984, stack(0x00000072fd100000,0x00000072fd200000) (1024K)]
  0x000001c9d35c2090 WorkerThread "GC Thread#0"                     [id=21272, stack(0x00000072fcc00000,0x00000072fcd00000) (1024K)]
  0x000001c9eaa4fc00 WorkerThread "GC Thread#1"                     [id=14432, stack(0x00000072fe200000,0x00000072fe300000) (1024K)]
  0x000001c9eaa50f00 WorkerThread "GC Thread#2"                     [id=12716, stack(0x00000072fe300000,0x00000072fe400000) (1024K)]
=>0x000001c9eaa99cb0 WorkerThread "GC Thread#3"                     [id=20232, stack(0x00000072fe400000,0x00000072fe500000) (1024K)]
  0x000001c9eaa9a050 WorkerThread "GC Thread#4"                     [id=20956, stack(0x00000072fe500000,0x00000072fe600000) (1024K)]
  0x000001c9eaa9a3f0 WorkerThread "GC Thread#5"                     [id=1428, stack(0x00000072fe600000,0x00000072fe700000) (1024K)]
  0x000001c9eaab27b0 WorkerThread "GC Thread#6"                     [id=21196, stack(0x00000072fe700000,0x00000072fe800000) (1024K)]
  0x000001c9eaab2b50 WorkerThread "GC Thread#7"                     [id=17136, stack(0x00000072fe800000,0x00000072fe900000) (1024K)]
  0x000001c9d35d3420 ConcurrentGCThread "G1 Main Marker"            [id=8124, stack(0x00000072fcd00000,0x00000072fce00000) (1024K)]
  0x000001c9d35d3e30 WorkerThread "G1 Conc#0"                       [id=22132, stack(0x00000072fce00000,0x00000072fcf00000) (1024K)]
  0x000001c9eb12bfe0 WorkerThread "G1 Conc#1"                       [id=3416, stack(0x00000072ff500000,0x00000072ff600000) (1024K)]
  0x000001c9d361e940 ConcurrentGCThread "G1 Refine#0"               [id=12248, stack(0x00000072fcf00000,0x00000072fd000000) (1024K)]
  0x000001c9e5c48500 ConcurrentGCThread "G1 Service"                [id=12292, stack(0x00000072fd000000,0x00000072fd100000) (1024K)]
Total: 15

Threads with active compile tasks:
Total: 0

VM state: at safepoint (normal execution)

VM Mutex/Monitor currently owned by a thread:  ([mutex/lock_event])
[0x00007fffab3e3198] Threads_lock - owner thread: 0x000001c9e5d861c0
[0x00007fffab3e3298] Heap_lock - owner thread: 0x000001c9ead21b30

Heap address: 0x0000000086600000, size: 1946 MB, Compressed Oops mode: 32-bit

CDS archive(s) mapped at: [0x000001c980000000-0x000001c980c90000-0x000001c980c90000), size 13172736, SharedBaseAddress: 0x000001c980000000, ArchiveRelocationMode: 1.
Compressed class space mapped at: 0x000001c981000000-0x000001c9c1000000, reserved size: 1073741824
Narrow klass base: 0x000001c980000000, Narrow klass shift: 0, Narrow klass range: 0x100000000

GC Precious Log:
 CardTable entry size: 512
 Card Set container configuration: InlinePtr #cards 5 size 8 Array Of Cards #cards 12 size 40 Howl #buckets 4 coarsen threshold 1843 Howl Bitmap #cards 512 size 80 coarsen threshold 460 Card regions per heap region 1 cards per card region 2048
 CPUs: 8 total, 8 available
 Memory: 7778M
 Large Page Support: Disabled
 NUMA Support: Disabled
 Compressed Oops: Enabled (32-bit)
 Heap Region Size: 1M
 Heap Min Capacity: 8M
 Heap Initial Capacity: 122M
 Heap Max Capacity: 1946M
 Pre-touch: Disabled
 Parallel Workers: 8
 Concurrent Workers: 2
 Concurrent Refinement Workers: 8
 Periodic GC: Disabled

Heap:
 garbage-first heap   total 65536K, used 55656K [0x0000000086600000, 0x0000000100000000)
  region size 1024K, 33 young (33792K), 1 survivors (1024K)
 Metaspace       used 49031K, committed 49792K, reserved 1114112K
  class space    used 6468K, committed 6784K, reserved 1048576K

Heap Regions: E=young(eden), S=young(survivor), O=old, HS=humongous(starts), HC=humongous(continues), CS=collection set, F=free, TAMS=top-at-mark-start, PB=parsable bottom
|   0|0x0000000086600000, 0x00000000866fffb8, 0x0000000086700000| 99%| O|  |TAMS 0x0000000086600000| PB 0x0000000086600000| Untracked 
|   1|0x0000000086700000, 0x0000000086800000, 0x0000000086800000|100%| O|  |TAMS 0x0000000086700000| PB 0x0000000086700000| Untracked 
|   2|0x0000000086800000, 0x00000000868ffff8, 0x0000000086900000| 99%| O|  |TAMS 0x0000000086800000| PB 0x0000000086800000| Untracked 
|   3|0x0000000086900000, 0x0000000086a00000, 0x0000000086a00000|100%| O|  |TAMS 0x0000000086900000| PB 0x0000000086900000| Untracked 
|   4|0x0000000086a00000, 0x0000000086affff8, 0x0000000086b00000| 99%| O|  |TAMS 0x0000000086a00000| PB 0x0000000086a00000| Untracked 
|   5|0x0000000086b00000, 0x0000000086bfffa0, 0x0000000086c00000| 99%| O|  |TAMS 0x0000000086b00000| PB 0x0000000086b00000| Untracked 
|   6|0x0000000086c00000, 0x0000000086cfff98, 0x0000000086d00000| 99%| O|  |TAMS 0x0000000086c00000| PB 0x0000000086c00000| Untracked 
|   7|0x0000000086d00000, 0x0000000086dfffe8, 0x0000000086e00000| 99%| O|  |TAMS 0x0000000086d00000| PB 0x0000000086d00000| Untracked 
|   8|0x0000000086e00000, 0x0000000086f00000, 0x0000000086f00000|100%| O|  |TAMS 0x0000000086e00000| PB 0x0000000086e00000| Untracked 
|   9|0x0000000086f00000, 0x0000000086fffff0, 0x0000000087000000| 99%| O|  |TAMS 0x0000000086f00000| PB 0x0000000086f00000| Untracked 
|  10|0x0000000087000000, 0x00000000870fedd8, 0x0000000087100000| 99%| O|  |TAMS 0x0000000087000000| PB 0x0000000087000000| Untracked 
|  11|0x0000000087100000, 0x00000000871fffc0, 0x0000000087200000| 99%| O|  |TAMS 0x0000000087100000| PB 0x0000000087100000| Untracked 
|  12|0x0000000087200000, 0x00000000872ffff0, 0x0000000087300000| 99%| O|  |TAMS 0x0000000087200000| PB 0x0000000087200000| Untracked 
|  13|0x0000000087300000, 0x00000000873cb240, 0x0000000087400000| 79%| O|  |TAMS 0x0000000087300000| PB 0x0000000087300000| Untracked 
|  14|0x0000000087400000, 0x0000000087500000, 0x0000000087500000|100%| O|  |TAMS 0x0000000087400000| PB 0x0000000087400000| Untracked 
|  15|0x0000000087500000, 0x0000000087600000, 0x0000000087600000|100%| O|  |TAMS 0x0000000087500000| PB 0x0000000087500000| Untracked 
|  16|0x0000000087600000, 0x00000000876fffc0, 0x0000000087700000| 99%| O|  |TAMS 0x0000000087600000| PB 0x0000000087600000| Untracked 
|  17|0x0000000087700000, 0x00000000877ffff8, 0x0000000087800000| 99%| O|  |TAMS 0x0000000087700000| PB 0x0000000087700000| Untracked 
|  18|0x0000000087800000, 0x0000000087814d18, 0x0000000087900000|  8%| O|  |TAMS 0x0000000087800000| PB 0x0000000087800000| Untracked 
|  19|0x0000000087900000, 0x0000000087909a80, 0x0000000087a00000|  3%| O|Cm|TAMS 0x0000000087900000| PB 0x0000000087900000| Complete 
|  20|0x0000000087a00000, 0x0000000087aa1150, 0x0000000087b00000| 62%| O|  |TAMS 0x0000000087a00000| PB 0x0000000087a00000| Untracked 
|  21|0x0000000087b00000, 0x0000000087c00000, 0x0000000087c00000|100%| O|  |TAMS 0x0000000087b00000| PB 0x0000000087b00000| Untracked 
|  22|0x0000000087c00000, 0x0000000087cd6228, 0x0000000087d00000| 83%| O|  |TAMS 0x0000000087c00000| PB 0x0000000087c00000| Untracked 
|  23|0x0000000087d00000, 0x0000000087e00000, 0x0000000087e00000|100%| O|  |TAMS 0x0000000087d00000| PB 0x0000000087d00000| Untracked 
|  24|0x0000000087e00000, 0x0000000087eac6b0, 0x0000000087f00000| 67%| O|  |TAMS 0x0000000087e00000| PB 0x0000000087e00000| Untracked 
|  25|0x0000000087f00000, 0x0000000087f00000, 0x0000000088000000|  0%| F|  |TAMS 0x0000000087f00000| PB 0x0000000087f00000| Untracked 
|  26|0x0000000088000000, 0x00000000880fa930, 0x0000000088100000| 97%| E|CS|TAMS 0x0000000088000000| PB 0x0000000088000000| Complete 
|  27|0x0000000088100000, 0x0000000088200000, 0x0000000088200000|100%| E|CS|TAMS 0x0000000088100000| PB 0x0000000088100000| Complete 
|  28|0x0000000088200000, 0x0000000088300000, 0x0000000088300000|100%| E|CS|TAMS 0x0000000088200000| PB 0x0000000088200000| Complete 
|  29|0x0000000088300000, 0x0000000088300000, 0x0000000088400000|  0%| F|  |TAMS 0x0000000088300000| PB 0x0000000088300000| Untracked 
|  30|0x0000000088400000, 0x0000000088400000, 0x0000000088500000|  0%| F|  |TAMS 0x0000000088400000| PB 0x0000000088400000| Untracked 
|  31|0x0000000088500000, 0x00000000885eac60, 0x0000000088600000| 91%| S|  |TAMS 0x0000000088500000| PB 0x0000000088500000| Complete 
|  32|0x0000000088600000, 0x0000000088700000, 0x0000000088700000|100%| E|CS|TAMS 0x0000000088600000| PB 0x0000000088600000| Complete 
|  33|0x0000000088700000, 0x0000000088800000, 0x0000000088800000|100%| E|CS|TAMS 0x0000000088700000| PB 0x0000000088700000| Complete 
|  34|0x0000000088800000, 0x0000000088900000, 0x0000000088900000|100%| E|CS|TAMS 0x0000000088800000| PB 0x0000000088800000| Complete 
|  35|0x0000000088900000, 0x0000000088a00000, 0x0000000088a00000|100%| E|CS|TAMS 0x0000000088900000| PB 0x0000000088900000| Complete 
|  36|0x0000000088a00000, 0x0000000088b00000, 0x0000000088b00000|100%| E|CS|TAMS 0x0000000088a00000| PB 0x0000000088a00000| Complete 
|  37|0x0000000088b00000, 0x0000000088c00000, 0x0000000088c00000|100%| E|CS|TAMS 0x0000000088b00000| PB 0x0000000088b00000| Complete 
|  38|0x0000000088c00000, 0x0000000088d00000, 0x0000000088d00000|100%| E|CS|TAMS 0x0000000088c00000| PB 0x0000000088c00000| Complete 
|  39|0x0000000088d00000, 0x0000000088e00000, 0x0000000088e00000|100%| E|CS|TAMS 0x0000000088d00000| PB 0x0000000088d00000| Complete 
|  40|0x0000000088e00000, 0x0000000088f00000, 0x0000000088f00000|100%| E|CS|TAMS 0x0000000088e00000| PB 0x0000000088e00000| Complete 
|  41|0x0000000088f00000, 0x0000000089000000, 0x0000000089000000|100%| E|CS|TAMS 0x0000000088f00000| PB 0x0000000088f00000| Complete 
|  42|0x0000000089000000, 0x0000000089100000, 0x0000000089100000|100%| E|CS|TAMS 0x0000000089000000| PB 0x0000000089000000| Complete 
|  43|0x0000000089100000, 0x0000000089200000, 0x0000000089200000|100%| E|CS|TAMS 0x0000000089100000| PB 0x0000000089100000| Complete 
|  44|0x0000000089200000, 0x0000000089300000, 0x0000000089300000|100%| E|CS|TAMS 0x0000000089200000| PB 0x0000000089200000| Complete 
|  45|0x0000000089300000, 0x0000000089400000, 0x0000000089400000|100%| E|CS|TAMS 0x0000000089300000| PB 0x0000000089300000| Complete 
|  46|0x0000000089400000, 0x0000000089500000, 0x0000000089500000|100%| E|CS|TAMS 0x0000000089400000| PB 0x0000000089400000| Complete 
|  47|0x0000000089500000, 0x0000000089600000, 0x0000000089600000|100%| E|CS|TAMS 0x0000000089500000| PB 0x0000000089500000| Complete 
|  48|0x0000000089600000, 0x0000000089700000, 0x0000000089700000|100%| E|CS|TAMS 0x0000000089600000| PB 0x0000000089600000| Complete 
|  49|0x0000000089700000, 0x0000000089800000, 0x0000000089800000|100%| E|CS|TAMS 0x0000000089700000| PB 0x0000000089700000| Complete 
|  50|0x0000000089800000, 0x0000000089900000, 0x0000000089900000|100%| E|CS|TAMS 0x0000000089800000| PB 0x0000000089800000| Complete 
|  51|0x0000000089900000, 0x0000000089a00000, 0x0000000089a00000|100%| E|CS|TAMS 0x0000000089900000| PB 0x0000000089900000| Complete 
|  52|0x0000000089a00000, 0x0000000089b00000, 0x0000000089b00000|100%| E|CS|TAMS 0x0000000089a00000| PB 0x0000000089a00000| Complete 
|  53|0x0000000089b00000, 0x0000000089c00000, 0x0000000089c00000|100%| E|CS|TAMS 0x0000000089b00000| PB 0x0000000089b00000| Complete 
|  54|0x0000000089c00000, 0x0000000089d00000, 0x0000000089d00000|100%| E|CS|TAMS 0x0000000089c00000| PB 0x0000000089c00000| Complete 
|  55|0x0000000089d00000, 0x0000000089e00000, 0x0000000089e00000|100%| E|CS|TAMS 0x0000000089d00000| PB 0x0000000089d00000| Complete 
|  56|0x0000000089e00000, 0x0000000089f00000, 0x0000000089f00000|100%| E|CS|TAMS 0x0000000089e00000| PB 0x0000000089e00000| Complete 
|  57|0x0000000089f00000, 0x000000008a000000, 0x000000008a000000|100%| E|CS|TAMS 0x0000000089f00000| PB 0x0000000089f00000| Complete 
|  58|0x000000008a000000, 0x000000008a100000, 0x000000008a100000|100%| E|CS|TAMS 0x000000008a000000| PB 0x000000008a000000| Complete 
|  59|0x000000008a100000, 0x000000008a200000, 0x000000008a200000|100%| E|CS|TAMS 0x000000008a100000| PB 0x000000008a100000| Complete 
|  60|0x000000008a200000, 0x000000008a300000, 0x000000008a300000|100%| E|CS|TAMS 0x000000008a200000| PB 0x000000008a200000| Complete 
|  61|0x000000008a300000, 0x000000008a400000, 0x000000008a400000|100%| E|CS|TAMS 0x000000008a300000| PB 0x000000008a300000| Complete 
|  62|0x000000008a400000, 0x000000008a500000, 0x000000008a500000|100%| E|CS|TAMS 0x000000008a400000| PB 0x000000008a400000| Complete 
|  63|0x000000008a500000, 0x000000008a600000, 0x000000008a600000|100%| E|CS|TAMS 0x000000008a500000| PB 0x000000008a500000| Complete 

Card table byte_map: [0x000001c9e10b0000,0x000001c9e1480000] _byte_map_base: 0x000001c9e0c7d000

Marking Bits: (CMBitMap*) 0x000001c9d35c26a0
 Bits: [0x000001c9e1480000, 0x000001c9e32e8000)

Polling page: 0x000001c9d3620000

Metaspace:

Usage:
  Non-class:     41.57 MB used.
      Class:      6.32 MB used.
       Both:     47.88 MB used.

Virtual space:
  Non-class space:       64.00 MB reserved,      42.00 MB ( 66%) committed,  1 nodes.
      Class space:        1.00 GB reserved,       6.62 MB ( <1%) committed,  1 nodes.
             Both:        1.06 GB reserved,      48.62 MB (  4%) committed. 

Chunk freelists:
   Non-Class:  5.69 MB
       Class:  9.31 MB
        Both:  15.00 MB

MaxMetaspaceSize: unlimited
CompressedClassSpaceSize: 1.00 GB
Initial GC threshold: 21.00 MB
Current GC threshold: 80.75 MB
CDS: on
 - commit_granule_bytes: 65536.
 - commit_granule_words: 8192.
 - virtual_space_node_default_size: 8388608.
 - enlarge_chunks_in_place: 1.
 - use_allocation_guard: 0.


Internal statistics:

num_allocs_failed_limit: 3.
num_arena_births: 3414.
num_arena_deaths: 2706.
num_vsnodes_births: 2.
num_vsnodes_deaths: 0.
num_space_committed: 780.
num_space_uncommitted: 2.
num_chunks_returned_to_freelist: 3802.
num_chunks_taken_from_freelist: 6501.
num_chunk_merges: 622.
num_chunk_splits: 2748.
num_chunks_enlarged: 1673.
num_inconsistent_stats: 0.

CodeCache: size=49152Kb used=17091Kb max_used=18650Kb free=32060Kb
 bounds [0x000001c9dd400000, 0x000001c9de770000, 0x000001c9e0400000]
 total_blobs=8044 nmethods=7405 adapters=561
 compilation: enabled
              stopped_count=0, restarted_count=0
 full_count=0

Compilation events (20 events):
Event: 50785.739 Thread 0x000001c9e5dc0d80 21464       1       org.springframework.cglib.core.ClassInfo::equals (35 bytes)
Event: 50785.740 Thread 0x000001c9e5dc0d80 nmethod 21464 0x000001c9de4e9510 code [0x000001c9de4e96e0, 0x000001c9de4e9940]
Event: 50785.740 Thread 0x000001c9e5dc0d80 21466       1       org.springframework.asm.Frame::addInitializedType (77 bytes)
Event: 50785.740 Thread 0x000001c9e5dc0d80 nmethod 21466 0x000001c9de1a6510 code [0x000001c9de1a66c0, 0x000001c9de1a6a98]
Event: 50785.742 Thread 0x000001c9e5dc0d80 21467       1       java.lang.invoke.LambdaFormEditor::buffer (12 bytes)
Event: 50785.742 Thread 0x000001c9e5dc0d80 nmethod 21467 0x000001c9dde93f90 code [0x000001c9dde94140, 0x000001c9dde942a0]
Event: 50785.742 Thread 0x000001c9e5dc0d80 21468       1       java.lang.invoke.BoundMethodHandle$Species_L::<init> (12 bytes)
Event: 50785.742 Thread 0x000001c9e5dc0d80 nmethod 21468 0x000001c9ddebc310 code [0x000001c9ddebc4c0, 0x000001c9ddebc620]
Event: 50785.743 Thread 0x000001c9e5dc0d80 21469       1       java.lang.invoke.LambdaForm$Name::replaceNames (175 bytes)
Event: 50785.744 Thread 0x000001c9e5dc0d80 nmethod 21469 0x000001c9de2bdc90 code [0x000001c9de2bdec0, 0x000001c9de2be5d8]
Event: 50785.744 Thread 0x000001c9e5dc0d80 21470       1       java.lang.invoke.LambdaFormEditor::oldSpeciesData (8 bytes)
Event: 50785.744 Thread 0x000001c9e5dc0d80 nmethod 21470 0x000001c9ddf6b190 code [0x000001c9ddf6b340, 0x000001c9ddf6b4d8]
Event: 50785.744 Thread 0x000001c9e5dc0d80 21471       1       java.lang.invoke.ClassSpecializer$SpeciesData::getterFunctions (5 bytes)
Event: 50785.744 Thread 0x000001c9e5dc0d80 nmethod 21471 0x000001c9de397690 code [0x000001c9de397820, 0x000001c9de3978e8]
Event: 50785.744 Thread 0x000001c9e5dc0d80 21472       1       org.springframework.aop.framework.CglibAopProxy$AdvisedDispatcher::loadObject (5 bytes)
Event: 50785.744 Thread 0x000001c9e5dc0d80 nmethod 21472 0x000001c9de39e690 code [0x000001c9de39e820, 0x000001c9de39e8e8]
Event: 50786.539 Thread 0x000001c9e5dc0d80 21473       1       sun.rmi.transport.tcp.TCPConnection::releaseOutputStream (15 bytes)
Event: 50786.539 Thread 0x000001c9e5dc0d80 nmethod 21473 0x000001c9de39ff10 code [0x000001c9de3a00c0, 0x000001c9de3a01c8]
Event: 50787.496 Thread 0x000001c9e5dc0d80 21474       1       org.springframework.boot.devtools.filewatch.StaticSnapshotStateRepository::save (6 bytes)
Event: 50787.496 Thread 0x000001c9e5dc0d80 nmethod 21474 0x000001c9de3ae490 code [0x000001c9de3ae620, 0x000001c9de3ae738]

GC Heap History (20 events):
Event: 50682.748 GC heap after
{Heap after GC invocations=162 (full 21):
 garbage-first heap   total 65536K, used 19828K [0x0000000086600000, 0x0000000100000000)
  region size 1024K, 0 young (0K), 0 survivors (0K)
 Metaspace       used 48746K, committed 49600K, reserved 1114112K
  class space    used 6435K, committed 6720K, reserved 1048576K
}
Event: 50683.177 GC heap before
{Heap before GC invocations=162 (full 21):
 garbage-first heap   total 65536K, used 53620K [0x0000000086600000, 0x0000000100000000)
  region size 1024K, 34 young (34816K), 0 survivors (0K)
 Metaspace       used 48790K, committed 49600K, reserved 1114112K
  class space    used 6445K, committed 6720K, reserved 1048576K
}
Event: 50683.180 GC heap after
{Heap after GC invocations=163 (full 21):
 garbage-first heap   total 65536K, used 22769K [0x0000000086600000, 0x0000000100000000)
  region size 1024K, 3 young (3072K), 3 survivors (3072K)
 Metaspace       used 48790K, committed 49600K, reserved 1114112K
  class space    used 6445K, committed 6720K, reserved 1048576K
}
Event: 50688.907 GC heap before
{Heap before GC invocations=164 (full 21):
 garbage-first heap   total 65536K, used 51441K [0x0000000086600000, 0x0000000100000000)
  region size 1024K, 33 young (33792K), 3 survivors (3072K)
 Metaspace       used 48845K, committed 49600K, reserved 1114112K
  class space    used 6451K, committed 6720K, reserved 1048576K
}
Event: 50688.942 GC heap after
{Heap after GC invocations=165 (full 22):
 garbage-first heap   total 65536K, used 19955K [0x0000000086600000, 0x0000000100000000)
  region size 1024K, 0 young (0K), 0 survivors (0K)
 Metaspace       used 48839K, committed 49600K, reserved 1114112K
  class space    used 6450K, committed 6720K, reserved 1048576K
}
Event: 50689.346 GC heap before
{Heap before GC invocations=165 (full 22):
 garbage-first heap   total 65536K, used 54771K [0x0000000086600000, 0x0000000100000000)
  region size 1024K, 34 young (34816K), 0 survivors (0K)
 Metaspace       used 48884K, committed 49664K, reserved 1114112K
  class space    used 6459K, committed 6784K, reserved 1048576K
}
Event: 50689.348 GC heap after
{Heap after GC invocations=166 (full 22):
 garbage-first heap   total 65536K, used 22899K [0x0000000086600000, 0x0000000100000000)
  region size 1024K, 3 young (3072K), 3 survivors (3072K)
 Metaspace       used 48884K, committed 49664K, reserved 1114112K
  class space    used 6459K, committed 6784K, reserved 1048576K
}
Event: 50705.963 GC heap before
{Heap before GC invocations=167 (full 22):
 garbage-first heap   total 65536K, used 54643K [0x0000000086600000, 0x0000000100000000)
  region size 1024K, 35 young (35840K), 3 survivors (3072K)
 Metaspace       used 48932K, committed 49664K, reserved 1114112K
  class space    used 6463K, committed 6784K, reserved 1048576K
}
Event: 50705.965 GC heap after
{Heap after GC invocations=168 (full 22):
 garbage-first heap   total 65536K, used 23947K [0x0000000086600000, 0x0000000100000000)
  region size 1024K, 2 young (2048K), 2 survivors (2048K)
 Metaspace       used 48932K, committed 49664K, reserved 1114112K
  class space    used 6463K, committed 6784K, reserved 1048576K
}
Event: 50725.728 GC heap before
{Heap before GC invocations=168 (full 22):
 garbage-first heap   total 65536K, used 30091K [0x0000000086600000, 0x0000000100000000)
  region size 1024K, 9 young (9216K), 2 survivors (2048K)
 Metaspace       used 48935K, committed 49664K, reserved 1114112K
  class space    used 6463K, committed 6784K, reserved 1048576K
}
Event: 50725.776 GC heap after
{Heap after GC invocations=169 (full 23):
 garbage-first heap   total 65536K, used 19936K [0x0000000086600000, 0x0000000100000000)
  region size 1024K, 0 young (0K), 0 survivors (0K)
 Metaspace       used 48831K, committed 49664K, reserved 1114112K
  class space    used 6436K, committed 6784K, reserved 1048576K
}
Event: 50726.385 GC heap before
{Heap before GC invocations=169 (full 23):
 garbage-first heap   total 65536K, used 55776K [0x0000000086600000, 0x0000000100000000)
  region size 1024K, 35 young (35840K), 0 survivors (0K)
 Metaspace       used 48876K, committed 49664K, reserved 1114112K
  class space    used 6445K, committed 6784K, reserved 1048576K
}
Event: 50726.387 GC heap after
{Heap after GC invocations=170 (full 23):
 garbage-first heap   total 65536K, used 23186K [0x0000000086600000, 0x0000000100000000)
  region size 1024K, 4 young (4096K), 4 survivors (4096K)
 Metaspace       used 48876K, committed 49664K, reserved 1114112K
  class space    used 6445K, committed 6784K, reserved 1048576K
}
Event: 50743.533 GC heap before
{Heap before GC invocations=171 (full 23):
 garbage-first heap   total 65536K, used 53906K [0x0000000086600000, 0x0000000100000000)
  region size 1024K, 35 young (35840K), 4 survivors (4096K)
 Metaspace       used 48930K, committed 49664K, reserved 1114112K
  class space    used 6450K, committed 6784K, reserved 1048576K
}
Event: 50743.540 GC heap after
{Heap after GC invocations=172 (full 23):
 garbage-first heap   total 65536K, used 24041K [0x0000000086600000, 0x0000000100000000)
  region size 1024K, 2 young (2048K), 2 survivors (2048K)
 Metaspace       used 48930K, committed 49664K, reserved 1114112K
  class space    used 6450K, committed 6784K, reserved 1048576K
}
Event: 50785.220 GC heap before
{Heap before GC invocations=172 (full 23):
 garbage-first heap   total 65536K, used 36329K [0x0000000086600000, 0x0000000100000000)
  region size 1024K, 15 young (15360K), 2 survivors (2048K)
 Metaspace       used 48936K, committed 49664K, reserved 1114112K
  class space    used 6452K, committed 6784K, reserved 1048576K
}
Event: 50785.257 GC heap after
{Heap after GC invocations=173 (full 24):
 garbage-first heap   total 65536K, used 19838K [0x0000000086600000, 0x0000000100000000)
  region size 1024K, 0 young (0K), 0 survivors (0K)
 Metaspace       used 48929K, committed 49664K, reserved 1114112K
  class space    used 6451K, committed 6784K, reserved 1048576K
}
Event: 50785.710 GC heap before
{Heap before GC invocations=173 (full 24):
 garbage-first heap   total 65536K, used 54654K [0x0000000086600000, 0x0000000100000000)
  region size 1024K, 35 young (35840K), 0 survivors (0K)
 Metaspace       used 48973K, committed 49728K, reserved 1114112K
  class space    used 6460K, committed 6784K, reserved 1048576K
}
Event: 50785.713 GC heap after
{Heap after GC invocations=174 (full 24):
 garbage-first heap   total 65536K, used 22888K [0x0000000086600000, 0x0000000100000000)
  region size 1024K, 3 young (3072K), 3 survivors (3072K)
 Metaspace       used 48973K, committed 49728K, reserved 1114112K
  class space    used 6460K, committed 6784K, reserved 1048576K
}
Event: 50880.233 GC heap before
{Heap before GC invocations=175 (full 24):
 garbage-first heap   total 65536K, used 55656K [0x0000000086600000, 0x0000000100000000)
  region size 1024K, 35 young (35840K), 3 survivors (3072K)
 Metaspace       used 49031K, committed 49792K, reserved 1114112K
  class space    used 6468K, committed 6784K, reserved 1048576K
}

Dll operation events (12 events):
Event: 0.011 Loaded shared library C:\pleiades\2024-03\java\21\bin\java.dll
Event: 0.221 Loaded shared library C:\pleiades\2024-03\java\21\bin\zip.dll
Event: 0.229 Loaded shared library C:\pleiades\2024-03\java\21\bin\instrument.dll
Event: 0.238 Loaded shared library C:\pleiades\2024-03\java\21\bin\net.dll
Event: 0.239 Loaded shared library C:\pleiades\2024-03\java\21\bin\nio.dll
Event: 0.246 Loaded shared library C:\pleiades\2024-03\java\21\bin\zip.dll
Event: 0.416 Loaded shared library C:\pleiades\2024-03\java\21\bin\jimage.dll
Event: 0.477 Loaded shared library C:\pleiades\2024-03\java\21\bin\management.dll
Event: 0.492 Loaded shared library C:\pleiades\2024-03\java\21\bin\management_ext.dll
Event: 0.740 Loaded shared library C:\pleiades\2024-03\java\21\bin\verify.dll
Event: 0.871 Loaded shared library C:\pleiades\2024-03\java\21\bin\extnet.dll
Event: 2.539 Loaded shared library C:\pleiades\2024-03\java\21\bin\sunmscapi.dll

Deoptimization events (20 events):
Event: 50785.747 Thread 0x000001c9ec8f3f10 DEOPT PACKING pc=0x000001c9ddc0cc64 sp=0x0000007280afcc20
Event: 50785.747 Thread 0x000001c9ec8f3f10 DEOPT UNPACKING pc=0x000001c9dd4588e2 sp=0x0000007280afc1d0 mode 1
Event: 50785.747 Thread 0x000001c9ec8f3f10 DEOPT PACKING pc=0x000001c9ddc12b14 sp=0x0000007280afcd90
Event: 50785.747 Thread 0x000001c9ec8f3f10 DEOPT UNPACKING pc=0x000001c9dd4588e2 sp=0x0000007280afc350 mode 1
Event: 50786.350 Thread 0x000001c9ec8f3f10 DEOPT PACKING pc=0x000001c9dd96f334 sp=0x0000007280afd980
Event: 50786.350 Thread 0x000001c9ec8f3f10 DEOPT UNPACKING pc=0x000001c9dd4588e2 sp=0x0000007280afce38 mode 0
Event: 50786.539 Thread 0x000001c9ea0b91e0 DEOPT PACKING pc=0x000001c9ddfcc764 sp=0x00000072fedfe560
Event: 50786.539 Thread 0x000001c9ea0b91e0 DEOPT UNPACKING pc=0x000001c9dd4588e2 sp=0x00000072fedfdac8 mode 1
Event: 50786.539 Thread 0x000001c9ea0b91e0 DEOPT PACKING pc=0x000001c9ddfcc764 sp=0x00000072fedfe560
Event: 50786.539 Thread 0x000001c9ea0b91e0 DEOPT UNPACKING pc=0x000001c9dd4588e2 sp=0x00000072fedfdac8 mode 1
Event: 50786.539 Thread 0x000001c9ea0b91e0 DEOPT PACKING pc=0x000001c9ddfcc764 sp=0x00000072fedfe560
Event: 50786.539 Thread 0x000001c9ea0b91e0 DEOPT UNPACKING pc=0x000001c9dd4588e2 sp=0x00000072fedfdac8 mode 1
Event: 50786.539 Thread 0x000001c9ea0b91e0 DEOPT PACKING pc=0x000001c9ddfcc764 sp=0x00000072fedfe560
Event: 50786.539 Thread 0x000001c9ea0b91e0 DEOPT UNPACKING pc=0x000001c9dd4588e2 sp=0x00000072fedfdac8 mode 1
Event: 50786.539 Thread 0x000001c9ea0b91e0 DEOPT PACKING pc=0x000001c9ddfcc764 sp=0x00000072fedfe560
Event: 50786.539 Thread 0x000001c9ea0b91e0 DEOPT UNPACKING pc=0x000001c9dd4588e2 sp=0x00000072fedfdac8 mode 1
Event: 50786.539 Thread 0x000001c9ea0b91e0 DEOPT PACKING pc=0x000001c9ddfcc764 sp=0x00000072fedfe560
Event: 50786.539 Thread 0x000001c9ea0b91e0 DEOPT UNPACKING pc=0x000001c9dd4588e2 sp=0x00000072fedfdac8 mode 1
Event: 50786.539 Thread 0x000001c9ea0b91e0 DEOPT PACKING pc=0x000001c9ddfcc764 sp=0x00000072fedfe560
Event: 50786.539 Thread 0x000001c9ea0b91e0 DEOPT UNPACKING pc=0x000001c9dd4588e2 sp=0x00000072fedfdac8 mode 1

Classes loaded (20 events):
Event: 45163.448 Loading class java/lang/StringEditor
Event: 45163.448 Loading class java/lang/StringEditor done
Event: 47923.152 Loading class java/time/DurationEditor
Event: 47923.152 Loading class java/time/DurationEditor done
Event: 48637.111 Loading class java/time/DurationEditor
Event: 48637.111 Loading class java/time/DurationEditor done
Event: 48718.920 Loading class java/time/DurationEditor
Event: 48718.920 Loading class java/time/DurationEditor done
Event: 48728.155 Loading class java/lang/StringEditor
Event: 48728.155 Loading class java/lang/StringEditor done
Event: 48939.828 Loading class java/lang/StringEditor
Event: 48939.828 Loading class java/lang/StringEditor done
Event: 50007.153 Loading class java/time/DurationEditor
Event: 50007.153 Loading class java/time/DurationEditor done
Event: 50066.750 Loading class java/time/DurationEditor
Event: 50066.750 Loading class java/time/DurationEditor done
Event: 50396.653 Loading class java/time/DurationEditor
Event: 50396.653 Loading class java/time/DurationEditor done
Event: 50653.235 Loading class java/time/DurationEditor
Event: 50653.235 Loading class java/time/DurationEditor done

Classes unloaded (20 events):
Event: 50725.741 Thread 0x000001c9e5d861c0 Unloading class 0x000001c98133c800 'java/lang/invoke/LambdaForm$MH+0x000001c98133c800'
Event: 50725.741 Thread 0x000001c9e5d861c0 Unloading class 0x000001c981007400 'java/lang/invoke/LambdaForm$MH+0x000001c981007400'
Event: 50725.741 Thread 0x000001c9e5d861c0 Unloading class 0x000001c9813bac00 'java/lang/invoke/LambdaForm$MH+0x000001c9813bac00'
Event: 50725.741 Thread 0x000001c9e5d861c0 Unloading class 0x000001c981620800 'java/lang/invoke/LambdaForm$MH+0x000001c981620800'
Event: 50725.741 Thread 0x000001c9e5d861c0 Unloading class 0x000001c9813dc800 'java/lang/invoke/LambdaForm$MH+0x000001c9813dc800'
Event: 50725.741 Thread 0x000001c9e5d861c0 Unloading class 0x000001c9815e0c00 'java/lang/invoke/LambdaForm$MH+0x000001c9815e0c00'
Event: 50725.741 Thread 0x000001c9e5d861c0 Unloading class 0x000001c9810cac00 'java/lang/invoke/LambdaForm$MH+0x000001c9810cac00'
Event: 50725.741 Thread 0x000001c9e5d861c0 Unloading class 0x000001c9811c4800 'java/lang/invoke/LambdaForm$MH+0x000001c9811c4800'
Event: 50725.741 Thread 0x000001c9e5d861c0 Unloading class 0x000001c9816a0000 'java/lang/invoke/LambdaForm$MH+0x000001c9816a0000'
Event: 50725.741 Thread 0x000001c9e5d861c0 Unloading class 0x000001c981006c00 'java/lang/invoke/LambdaForm$MH+0x000001c981006c00'
Event: 50725.741 Thread 0x000001c9e5d861c0 Unloading class 0x000001c9810cb400 'java/lang/invoke/LambdaForm$MH+0x000001c9810cb400'
Event: 50725.741 Thread 0x000001c9e5d861c0 Unloading class 0x000001c98133d800 'java/lang/invoke/LambdaForm$BMH+0x000001c98133d800'
Event: 50725.741 Thread 0x000001c9e5d861c0 Unloading class 0x000001c981007c00 'java/lang/invoke/LambdaForm$MH+0x000001c981007c00'
Event: 50725.741 Thread 0x000001c9e5d861c0 Unloading class 0x000001c981434c00 'java/lang/invoke/LambdaForm$MH+0x000001c981434c00'
Event: 50725.741 Thread 0x000001c9e5d861c0 Unloading class 0x000001c9816ad400 'java/lang/invoke/LambdaForm$MH+0x000001c9816ad400'
Event: 50725.741 Thread 0x000001c9e5d861c0 Unloading class 0x000001c981004000 'java/lang/invoke/LambdaForm$MH+0x000001c981004000'
Event: 50785.231 Thread 0x000001c9e5d861c0 Unloading class 0x000001c981698400 'jdk/internal/reflect/GeneratedSerializationConstructorAccessor163'
Event: 50785.231 Thread 0x000001c9e5d861c0 Unloading class 0x000001c9816b4800 'org/apache/catalina/loader/JdbcLeakPrevention'
Event: 50785.729 Thread 0x000001c9e5d861c0 Unloading class 0x000001c981686800 'java/lang/invoke/LambdaForm$MH+0x000001c981686800'
Event: 50785.729 Thread 0x000001c9e5d861c0 Unloading class 0x000001c9816ac800 'jdk/internal/reflect/GeneratedSerializationConstructorAccessor157'

Classes redefined (20 events):
Event: 1175.824 Thread 0x000001c9e5d861c0 redefined class name=myenglish.web.quizdetails.MyEnglishQuizDetailsController, count=4
Event: 1175.824 Thread 0x000001c9e5d861c0 redefined class name=myenglish.web.quizdetails.MyEnglishQuizDetailsController, count=1
Event: 1175.824 Thread 0x000001c9e5d861c0 redefined class name=myenglish.web.quizdetails.MyEnglishQuizDetailsController, count=5
Event: 1251.410 Thread 0x000001c9e5d861c0 redefined class name=myenglish.web.quizdetails.MyEnglishQuizDetailsController, count=4
Event: 1251.410 Thread 0x000001c9e5d861c0 redefined class name=myenglish.web.quizdetails.MyEnglishQuizDetailsController, count=3
Event: 1251.410 Thread 0x000001c9e5d861c0 redefined class name=myenglish.web.quizdetails.MyEnglishQuizDetailsController, count=5
Event: 1251.410 Thread 0x000001c9e5d861c0 redefined class name=myenglish.web.quizdetails.MyEnglishQuizDetailsController, count=1
Event: 1251.410 Thread 0x000001c9e5d861c0 redefined class name=myenglish.web.quizdetails.MyEnglishQuizDetailsController, count=2
Event: 1251.410 Thread 0x000001c9e5d861c0 redefined class name=myenglish.web.quizdetails.MyEnglishQuizDetailsController, count=6
Event: 1459.141 Thread 0x000001c9e5d861c0 redefined class name=myenglish.web.quizdetails.MyEnglishQuizDetailsController, count=4
Event: 1459.141 Thread 0x000001c9e5d861c0 redefined class name=myenglish.web.quizdetails.MyEnglishQuizDetailsController, count=2
Event: 1459.141 Thread 0x000001c9e5d861c0 redefined class name=myenglish.web.quizdetails.MyEnglishQuizDetailsController, count=3
Event: 1459.141 Thread 0x000001c9e5d861c0 redefined class name=myenglish.web.quizdetails.MyEnglishQuizDetailsController, count=1
Event: 1459.141 Thread 0x000001c9e5d861c0 redefined class name=myenglish.web.quizdetails.MyEnglishQuizDetailsController, count=7
Event: 47921.162 Thread 0x000001c9e5d861c0 redefined class name=myenglish.mapper.QuizTitleCoreMapper, count=1
Event: 47921.162 Thread 0x000001c9e5d861c0 redefined class name=myenglish.mapper.QuizTitleCoreMapper, count=1
Event: 47921.162 Thread 0x000001c9e5d861c0 redefined class name=myenglish.mapper.QuizTitleCoreMapper, count=1
Event: 47921.162 Thread 0x000001c9e5d861c0 redefined class name=myenglish.mapper.QuizTitleCoreMapper, count=1
Event: 47921.162 Thread 0x000001c9e5d861c0 redefined class name=myenglish.mapper.QuizTitleCoreMapper, count=1
Event: 47921.162 Thread 0x000001c9e5d861c0 redefined class name=myenglish.mapper.QuizTitleCoreMapper, count=1

Internal exceptions (20 events):
Event: 50725.727 Thread 0x000001c9ec8ef050 Exception <a 'java/lang/InterruptedException'{0x0000000089f42780}: sleep interrupted> (0x0000000089f42780) 
thrown [s\src\hotspot\share\prims\jvm.cpp, line 3074]
Event: 50725.794 Thread 0x000001c9ead221c0 Exception <a 'sun/nio/fs/WindowsException'{0x000000008a5760b0}> (0x000000008a5760b0) 
thrown [s\src\hotspot\share\prims\jni.cpp, line 520]
Event: 50726.015 Thread 0x000001c9ead221c0 Exception <a 'java/lang/NoClassDefFoundError'{0x0000000088f33cf0}: org/flywaydb/core/Flyway> (0x0000000088f33cf0) 
thrown [s\src\hotspot\share\oops\constantPool.cpp, line 871]
Event: 50726.189 Thread 0x000001c9ead221c0 Exception <a 'java/lang/NoClassDefFoundError'{0x0000000088f34350}: liquibase/integration/spring/SpringLiquibase> (0x0000000088f34350) 
thrown [s\src\hotspot\share\oops\constantPool.cpp, line 871]
Event: 50726.192 Thread 0x000001c9ead221c0 Exception <a 'java/lang/NoClassDefFoundError'{0x0000000088f570a0}: org/springframework/batch/core/repository/JobRepository> (0x0000000088f570a0) 
thrown [s\src\hotspot\share\oops\constantPool.cpp, line 871]
Event: 50726.192 Thread 0x000001c9ead221c0 Exception <a 'java/lang/NoClassDefFoundError'{0x0000000088f576f8}: org/quartz/Scheduler> (0x0000000088f576f8) 
thrown [s\src\hotspot\share\oops\constantPool.cpp, line 871]
Event: 50726.193 Thread 0x000001c9ead221c0 Exception <a 'java/lang/NoClassDefFoundError'{0x0000000088f57d78}: org/springframework/session/jdbc/JdbcIndexedSessionRepository> (0x0000000088f57d78) 
thrown [s\src\hotspot\share\oops\constantPool.cpp, line 871]
Event: 50726.195 Thread 0x000001c9ead221c0 Exception <a 'java/lang/NoClassDefFoundError'{0x0000000088f97450}: org/jooq/DSLContext> (0x0000000088f97450) 
thrown [s\src\hotspot\share\oops\constantPool.cpp, line 871]
Event: 50726.196 Thread 0x000001c9ead221c0 Exception <a 'java/lang/NoClassDefFoundError'{0x0000000088f98d30}: jakarta/persistence/EntityManagerFactory> (0x0000000088f98d30) 
thrown [s\src\hotspot\share\oops\constantPool.cpp, line 871]
Event: 50726.238 Thread 0x000001c9ead221c0 Exception <a 'java/io/FileNotFoundException'{0x00000000889869e0}> (0x00000000889869e0) 
thrown [s\src\hotspot\share\prims\jni.cpp, line 520]
Event: 50785.219 Thread 0x000001c9ead1bf50 Exception <a 'java/lang/InterruptedException'{0x0000000089911d78}: sleep interrupted> (0x0000000089911d78) 
thrown [s\src\hotspot\share\prims\jvm.cpp, line 3074]
Event: 50785.269 Thread 0x000001c9ec8f3f10 Exception <a 'sun/nio/fs/WindowsException'{0x000000008a57e988}> (0x000000008a57e988) 
thrown [s\src\hotspot\share\prims\jni.cpp, line 520]
Event: 50785.493 Thread 0x000001c9ec8f3f10 Exception <a 'java/lang/NoClassDefFoundError'{0x0000000088f197c0}: org/flywaydb/core/Flyway> (0x0000000088f197c0) 
thrown [s\src\hotspot\share\oops\constantPool.cpp, line 871]
Event: 50785.495 Thread 0x000001c9ec8f3f10 Exception <a 'java/lang/NoClassDefFoundError'{0x0000000088f19e20}: liquibase/integration/spring/SpringLiquibase> (0x0000000088f19e20) 
thrown [s\src\hotspot\share\oops\constantPool.cpp, line 871]
Event: 50785.500 Thread 0x000001c9ec8f3f10 Exception <a 'java/lang/NoClassDefFoundError'{0x0000000088f31a98}: org/springframework/batch/core/repository/JobRepository> (0x0000000088f31a98) 
thrown [s\src\hotspot\share\oops\constantPool.cpp, line 871]
Event: 50785.502 Thread 0x000001c9ec8f3f10 Exception <a 'java/lang/NoClassDefFoundError'{0x0000000088f320f0}: org/quartz/Scheduler> (0x0000000088f320f0) 
thrown [s\src\hotspot\share\oops\constantPool.cpp, line 871]
Event: 50785.505 Thread 0x000001c9ec8f3f10 Exception <a 'java/lang/NoClassDefFoundError'{0x0000000088f32770}: org/springframework/session/jdbc/JdbcIndexedSessionRepository> (0x0000000088f32770) 
thrown [s\src\hotspot\share\oops\constantPool.cpp, line 871]
Event: 50785.509 Thread 0x000001c9ec8f3f10 Exception <a 'java/lang/NoClassDefFoundError'{0x0000000088f712f0}: org/jooq/DSLContext> (0x0000000088f712f0) 
thrown [s\src\hotspot\share\oops\constantPool.cpp, line 871]
Event: 50785.512 Thread 0x000001c9ec8f3f10 Exception <a 'java/lang/NoClassDefFoundError'{0x0000000088f72bf0}: jakarta/persistence/EntityManagerFactory> (0x0000000088f72bf0) 
thrown [s\src\hotspot\share\oops\constantPool.cpp, line 871]
Event: 50785.556 Thread 0x000001c9ec8f3f10 Exception <a 'java/io/FileNotFoundException'{0x0000000088955640}> (0x0000000088955640) 
thrown [s\src\hotspot\share\prims\jni.cpp, line 520]

ZGC Phase Switch (0 events):
No events

VM Operations (20 events):
Event: 50786.199 Executing VM operation: get/set locals done
Event: 50786.200 Executing VM operation: get/set locals
Event: 50786.200 Executing VM operation: get/set locals done
Event: 50786.200 Executing VM operation: get/set locals
Event: 50786.200 Executing VM operation: get/set locals done
Event: 50786.349 Executing VM operation: ChangeSingleStep
Event: 50786.350 Executing VM operation: ChangeSingleStep done
Event: 50786.350 Executing VM operation: ChangeSingleStep
Event: 50786.350 Executing VM operation: ChangeSingleStep done
Event: 50786.521 Executing VM operation: get/set locals
Event: 50786.521 Executing VM operation: get/set locals done
Event: 50786.521 Executing VM operation: get/set locals
Event: 50786.521 Executing VM operation: get/set locals done
Event: 50786.522 Executing VM operation: get/set locals
Event: 50786.522 Executing VM operation: get/set locals done
Event: 50786.523 Executing VM operation: get/set locals
Event: 50786.523 Executing VM operation: get/set locals done
Event: 50787.526 Executing VM operation: Cleanup
Event: 50787.526 Executing VM operation: Cleanup done
Event: 50880.233 Executing VM operation: G1CollectForAllocation (G1 Evacuation Pause)

Events (20 events):
Event: 50785.237 Thread 0x000001c9e5d861c0 flushing nmethod 0x000001c9dd8a3590
Event: 50785.237 Thread 0x000001c9e5d861c0 flushing nmethod 0x000001c9dd835190
Event: 50785.237 Thread 0x000001c9e5d861c0 flushing nmethod 0x000001c9dd7e9e10
Event: 50785.237 Thread 0x000001c9e5d861c0 flushing nmethod 0x000001c9dd7fdd10
Event: 50785.237 Thread 0x000001c9e5d861c0 flushing nmethod 0x000001c9dd77a290
Event: 50785.237 Thread 0x000001c9e5d861c0 flushing nmethod 0x000001c9dd73b690
Event: 50785.237 Thread 0x000001c9e5d861c0 flushing nmethod 0x000001c9dd71c590
Event: 50785.237 Thread 0x000001c9e5d861c0 flushing nmethod 0x000001c9dd70da90
Event: 50785.237 Thread 0x000001c9e5d861c0 flushing nmethod 0x000001c9dd5cd590
Event: 50785.258 Thread 0x000001c9ec8f45a0 Thread added: 0x000001c9ec8f45a0
Event: 50785.258 Thread 0x000001c9ec8f45a0 Thread exited: 0x000001c9ec8f45a0
Event: 50785.258 Thread 0x000001c9ec8f3f10 Thread added: 0x000001c9ec8f3f10
Event: 50785.304 Thread 0x000001c9ec8f45a0 Thread added: 0x000001c9ec8f45a0
Event: 50785.338 Thread 0x000001c9ec8f45a0 Thread exited: 0x000001c9ec8f45a0
Event: 50785.569 Thread 0x000001c9ec8efd70 Thread added: 0x000001c9ec8efd70
Event: 50785.570 Thread 0x000001c9ec8f4c30 Thread added: 0x000001c9ec8f4c30
Event: 50785.570 Thread 0x000001c9ec8f0400 Thread added: 0x000001c9ec8f0400
Event: 50785.643 Thread 0x000001c9ec8f0a90 Thread added: 0x000001c9ec8f0a90
Event: 50785.756 Thread 0x000001c9ec8ef6e0 Thread added: 0x000001c9ec8ef6e0
Event: 50791.464 Thread 0x000001c9ec8ef6e0 Thread exited: 0x000001c9ec8ef6e0


Dynamic libraries:
0x00007ff773060000 - 0x00007ff77306e000 	C:\pleiades\2024-03\java\21\bin\javaw.exe
0x00007ff818370000 - 0x00007ff818587000 	C:\WINDOWS\SYSTEM32\ntdll.dll
0x00007ff817510000 - 0x00007ff8175d4000 	C:\WINDOWS\System32\KERNEL32.DLL
0x00007ff815a50000 - 0x00007ff815dfc000 	C:\WINDOWS\System32\KERNELBASE.dll
0x00007ff815e00000 - 0x00007ff815f11000 	C:\WINDOWS\System32\ucrtbase.dll
0x00007ff808900000 - 0x00007ff808918000 	C:\pleiades\2024-03\java\21\bin\jli.dll
0x00007ff80f3a0000 - 0x00007ff80f3bb000 	C:\pleiades\2024-03\java\21\bin\VCRUNTIME140.dll
0x00007ff816110000 - 0x00007ff8162be000 	C:\WINDOWS\System32\USER32.dll
0x00007ff815a20000 - 0x00007ff815a46000 	C:\WINDOWS\System32\win32u.dll
0x00007ff801c40000 - 0x00007ff801ed3000 	C:\WINDOWS\WinSxS\amd64_microsoft.windows.common-controls_6595b64144ccf1df_6.0.22621.3672_none_2713b9d173822955\COMCTL32.dll
0x00007ff817b50000 - 0x00007ff817b79000 	C:\WINDOWS\System32\GDI32.dll
0x00007ff817700000 - 0x00007ff8177a7000 	C:\WINDOWS\System32\msvcrt.dll
0x00007ff8156a0000 - 0x00007ff8157b9000 	C:\WINDOWS\System32\gdi32full.dll
0x00007ff815f20000 - 0x00007ff815fba000 	C:\WINDOWS\System32\msvcp_win.dll
0x00007ff816950000 - 0x00007ff816981000 	C:\WINDOWS\System32\IMM32.DLL
0x00007ff8128b0000 - 0x00007ff8128bc000 	C:\pleiades\2024-03\java\21\bin\vcruntime140_1.dll
0x00007fffeacb0000 - 0x00007fffead3e000 	C:\pleiades\2024-03\java\21\bin\msvcp140.dll
0x00007fffaa740000 - 0x00007fffab4c3000 	C:\pleiades\2024-03\java\21\bin\server\jvm.dll
0x00007ff817b80000 - 0x00007ff817c32000 	C:\WINDOWS\System32\ADVAPI32.dll
0x00007ff817970000 - 0x00007ff817a1a000 	C:\WINDOWS\System32\sechost.dll
0x00007ff8157c0000 - 0x00007ff8157e8000 	C:\WINDOWS\System32\bcrypt.dll
0x00007ff816830000 - 0x00007ff816945000 	C:\WINDOWS\System32\RPCRT4.dll
0x00007ff817680000 - 0x00007ff8176f1000 	C:\WINDOWS\System32\WS2_32.dll
0x00007ff814fc0000 - 0x00007ff81500d000 	C:\WINDOWS\SYSTEM32\POWRPROF.dll
0x00007ff80cc40000 - 0x00007ff80cc4a000 	C:\WINDOWS\SYSTEM32\VERSION.dll
0x00007ff80e910000 - 0x00007ff80e944000 	C:\WINDOWS\SYSTEM32\WINMM.dll
0x00007ff814ef0000 - 0x00007ff814f03000 	C:\WINDOWS\SYSTEM32\UMPDC.dll
0x00007ff8146d0000 - 0x00007ff8146e8000 	C:\WINDOWS\SYSTEM32\kernel.appcore.dll
0x00007ff80f8a0000 - 0x00007ff80f8aa000 	C:\pleiades\2024-03\java\21\bin\jimage.dll
0x00007ff8120a0000 - 0x00007ff8122d2000 	C:\WINDOWS\SYSTEM32\DBGHELP.DLL
0x00007ff816420000 - 0x00007ff8167a8000 	C:\WINDOWS\System32\combase.dll
0x00007ff817a70000 - 0x00007ff817b47000 	C:\WINDOWS\System32\OLEAUT32.dll
0x00007ff80d7e0000 - 0x00007ff80d812000 	C:\WINDOWS\SYSTEM32\dbgcore.DLL
0x00007ff816030000 - 0x00007ff8160ab000 	C:\WINDOWS\System32\bcryptPrimitives.dll
0x00007ff808c30000 - 0x00007ff808c6c000 	C:\pleiades\2024-03\java\21\bin\jdwp.dll
0x00007ff80f310000 - 0x00007ff80f31f000 	C:\pleiades\2024-03\java\21\bin\instrument.dll
0x00007ff8096f0000 - 0x00007ff80970f000 	C:\pleiades\2024-03\java\21\bin\java.dll
0x00007ff816b80000 - 0x00007ff8173dc000 	C:\WINDOWS\System32\SHELL32.dll
0x00007ff8135f0000 - 0x00007ff813ee7000 	C:\WINDOWS\SYSTEM32\windows.storage.dll
0x00007ff8134b0000 - 0x00007ff8135ef000 	C:\WINDOWS\SYSTEM32\wintypes.dll
0x00007ff8173f0000 - 0x00007ff8174e4000 	C:\WINDOWS\System32\SHCORE.dll
0x00007ff817600000 - 0x00007ff81765e000 	C:\WINDOWS\System32\shlwapi.dll
0x00007ff8155d0000 - 0x00007ff8155f1000 	C:\WINDOWS\SYSTEM32\profapi.dll
0x00007ff8128d0000 - 0x00007ff8128dc000 	C:\pleiades\2024-03\java\21\bin\dt_socket.dll
0x00007ff814140000 - 0x00007ff81416d000 	C:\WINDOWS\SYSTEM32\IPHLPAPI.DLL
0x00007ff814b40000 - 0x00007ff814ba9000 	C:\WINDOWS\system32\mswsock.dll
0x00007ff814170000 - 0x00007ff814268000 	C:\WINDOWS\SYSTEM32\DNSAPI.dll
0x00007ff817960000 - 0x00007ff817969000 	C:\WINDOWS\System32\NSI.dll
0x00007ff80d7d0000 - 0x00007ff80d7da000 	C:\Windows\System32\rasadhlp.dll
0x00007ff80e060000 - 0x00007ff80e0e3000 	C:\WINDOWS\System32\fwpuclnt.dll
0x00007fffd28a0000 - 0x00007fffd28b8000 	C:\pleiades\2024-03\java\21\bin\zip.dll
0x00007ff80f2c0000 - 0x00007ff80f2d0000 	C:\pleiades\2024-03\java\21\bin\net.dll
0x00007ff810f80000 - 0x00007ff8110b6000 	C:\WINDOWS\SYSTEM32\WINHTTP.dll
0x00007fffd2880000 - 0x00007fffd2896000 	C:\pleiades\2024-03\java\21\bin\nio.dll
0x00007ff8105c0000 - 0x00007ff8105ca000 	C:\pleiades\2024-03\java\21\bin\management.dll
0x00007ff80f330000 - 0x00007ff80f33b000 	C:\pleiades\2024-03\java\21\bin\management_ext.dll
0x00007ff8173e0000 - 0x00007ff8173e8000 	C:\WINDOWS\System32\PSAPI.DLL
0x00007ff801f50000 - 0x00007ff801f67000 	C:\WINDOWS\system32\napinsp.dll
0x00007ff801f30000 - 0x00007ff801f4b000 	C:\WINDOWS\system32\pnrpnsp.dll
0x00007ff801f10000 - 0x00007ff801f21000 	C:\WINDOWS\System32\winrnr.dll
0x00007ff80d970000 - 0x00007ff80d985000 	C:\WINDOWS\system32\wshbth.dll
0x00007ff801ee0000 - 0x00007ff801f07000 	C:\WINDOWS\system32\nlansp_c.dll
0x00007ff80f8b0000 - 0x00007ff80f8c0000 	C:\pleiades\2024-03\java\21\bin\verify.dll
0x00007ff814da0000 - 0x00007ff814dbb000 	C:\WINDOWS\SYSTEM32\CRYPTSP.dll
0x00007ff814630000 - 0x00007ff814665000 	C:\WINDOWS\system32\rsaenh.dll
0x00007ff814c40000 - 0x00007ff814c68000 	C:\WINDOWS\SYSTEM32\USERENV.dll
0x00007ff814dc0000 - 0x00007ff814dcc000 	C:\WINDOWS\SYSTEM32\CRYPTBASE.dll
0x00007ff80c6c0000 - 0x00007ff80c6c9000 	C:\pleiades\2024-03\java\21\bin\extnet.dll
0x00007ff80da20000 - 0x00007ff80da2e000 	C:\pleiades\2024-03\java\21\bin\sunmscapi.dll
0x00007ff8158b0000 - 0x00007ff815a17000 	C:\WINDOWS\System32\CRYPT32.dll
0x00007ff815050000 - 0x00007ff81507e000 	C:\WINDOWS\SYSTEM32\ncrypt.dll
0x00007ff815010000 - 0x00007ff815047000 	C:\WINDOWS\SYSTEM32\NTASN1.dll
0x00007ff810600000 - 0x00007ff810608000 	C:\WINDOWS\system32\wshunix.dll

dbghelp: loaded successfully - version: 4.0.5 - missing functions: none
symbol engine: initialized successfully - sym options: 0x614 - pdb path: .;C:\pleiades\2024-03\java\21\bin;C:\WINDOWS\SYSTEM32;C:\WINDOWS\WinSxS\amd64_microsoft.windows.common-controls_6595b64144ccf1df_6.0.22621.3672_none_2713b9d173822955;C:\pleiades\2024-03\java\21\bin\server

VM Arguments:
jvm_args: -Dfile.encoding=UTF-8 -Dsun.jnu.encoding=UTF-8 -XX:+ShowCodeDetailsInExceptionMessages -agentlib:jdwp=transport=dt_socket,suspend=y,address=localhost:54162 -Dcom.sun.management.jmxremote -Dcom.sun.management.jmxremote.port=54161 -Dcom.sun.management.jmxremote.authenticate=false -Dcom.sun.management.jmxremote.ssl=false -Djava.rmi.server.hostname=localhost -Dspring.jmx.enabled=true -Dmanagement.endpoints.jmx.exposure.include=* -Dspring.application.admin.enabled=true -XX:TieredStopAtLevel=1 -Dspring.boot.project.name=MyEnglishServer -javaagent:C:\pleiades\2024-03\eclipse\configuration\org.eclipse.osgi\251\0\.cp\lib\javaagent-shaded.jar -Dfile.encoding=UTF-8 -Dstdout.encoding=UTF-8 -Dstderr.encoding=UTF-8 
java_command: myenglish.MyEnglishServerApplication --spring.output.ansi.enabled=always
java_class_path (initial): C:\pleiades\2024-03\workspace\MyEnglishServer\bin\main;C:\Users\R\.gradle\caches\modules-2\files-2.1\org.projectlombok\lombok\1.18.32\17d46b3e205515e1e8efd3ee4d57ce8018914163\lombok-1.18.32.jar;C:\Users\R\.gradle\caches\modules-2\files-2.1\org.springframework.boot\spring-boot-starter-thymeleaf\3.2.7-SNAPSHOT\87eb6f1ec9e86d2db917e6711afb1843e04536c7\spring-boot-starter-thymeleaf-3.2.7-SNAPSHOT.jar;C:\Users\R\.gradle\caches\modules-2\files-2.1\org.springframework.boot\spring-boot-starter-validation\3.2.7-SNAPSHOT\cdf716576e17c2be22ae31ed8c5bf6b8268b1d5c\spring-boot-starter-validation-3.2.7-SNAPSHOT.jar;C:\Users\R\.gradle\caches\modules-2\files-2.1\org.springframework.boot\spring-boot-starter-web\3.2.7-SNAPSHOT\407e82f7d030552978a563792eff4e841ef3b570\spring-boot-starter-web-3.2.7-SNAPSHOT.jar;C:\Users\R\.gradle\caches\modules-2\files-2.1\org.mybatis.spring.boot\mybatis-spring-boot-starter\3.0.3\19528356bf8bad2be5f8bf796dfc30bcc4996054\mybatis-spring-boot-starter-3.0.3.jar;C:\Users\R\.gradle\caches\modules-2\files-2.1\org.springframework.boot\spring-boot-starter-json\3.2.7-SNAPSHOT\35f5e13da815c2bc9026ada23fc628470a8fd252\spring-boot-starter-json-3.2.7-SNAPSHOT.jar;C:\Users\R\.gradle\caches\modules-2\files-2.1\org.springframework.boot\spring-boot-starter-jdbc\3.2.7-SNAPSHOT\9ebb171d28178727cfb1521311b2bc95d8d8855a\spring-boot-starter-jdbc-3.2.7-SNAPSHOT.jar;C:\Users\R\.gradle\caches\modules-2\files-2.1\org.springframework.boot\spring-boot-starter\3.2.7-SNAPSHOT\3820020fd4cf3e7668a5189fd0acac57562c75dc\spring-boot-starter-3.2.7-SNAPSHOT.jar;C:\Users\R\.gradle\caches\modules-2\files-2.1\org.thymeleaf\thymeleaf-spring6\3.1.2.RELEASE\6030c7b4e260c41336f378e53da6e8531263f24b\thymeleaf-spring6-3.1.2.RELEASE.jar;C:\Users\R\.gradle\caches\modules-2\files-2.1\org.springframework.boot\spring-boot-starter-tomcat\3.2.7-SNAPSHOT\1431ee0976a7a452159cbc183645391a504e8862\spring-boot-starter-tomcat-3.2.7-SNAPSHOT.jar;C:\Users\R\.gradle\caches\modules-2\files-2.1\org.apache.tomcat.embed\tomcat-embed-el\10.1.25\2f030e4971e29245c10e58723fb6b364ce23933b\tomcat-embed-el-10.1.25.jar;C:\Users\R\.gradle\caches\modules-2\files-2.1\org.hibernate.validator\hibernate-validator\8.0.1.Final\e49e116b3d3928060599b176b3538bb848718e95\hibernate-validator-8.0.1.Final.jar;C:\Users\R\.gradle\caches\modules-2\files-2.1\org.springframework\spring-webmvc\6.1.10\476344c2f21ab070bc72108375d9355f2ec0ddd1\spring-webmvc-6.1.10.jar;C:\Users\R\.gradle\caches\modules-2\files-2.1\org.springframework\spring-web\6.1.10\876a856af61ef5712fb9a3013b798aa2b4a9475e\spring-web-6.1.10.jar;C:\Users\R\.gradle\caches\modules-2\files-2.1\org.mybatis.spring.boot\mybatis-spring-boot-autoconfigure\3.0.3\b73a2effa4f60a2eeca98aa12ea3437faede0f73\mybatis-spring-boot-autoconfigure-3.0.3.jar;C:\Users\R\.gradle\caches\modules-2\files-2.1\org.mybatis\mybatis\3.5.14\d94d2267d1caf1c31748123e671dcea5ad1a6f8\mybatis-3.5.14.jar;C:\Users\R\.gradle\caches\modules-2\files-2.1\org.mybatis\mybatis-spring\3.0.3\5a4ab31bfb62bca615b39ade93de2a607e9b9403\mybatis-spring-3.0.3.jar;C:\Users\R\.gradle\caches\modules-2\files-2.1\org.springframework.boot\spring-boot-autoconfigure\3.2.7-SNAPSHOT\5518d1b3cae2ff7efbafbf132545e68470921358\spring-boot-autoconfigure-3.2.7-SNAPSHOT.jar;C:\Users\R\.gradle\caches\modules-2\files-2.1\org.springframework.boot\spring-boot\3.2.7-SNAPSHOT\c6c068b34e05514291d81469152a6c51bbf88cce\spring-boot-3.2.7-SNAPSHOT.jar;C:\Users\R\.gradle\caches\modules-2\files-2.1\org.springframework.boot\spring-boot-starter-logging\3.2.7-SNAPSHOT\52d8e2512095142817683969a788f30fd22e8be2\spring-boot-starter-logging-3.2.7-SNAPSHOT.jar;C:\Users\R\.gradle\caches\modules-2\files-2.1\jakarta.annotation\jakarta.annotation-api\2.1.1\48b9bda22b091b1f48b13af03fe36db3be6e1ae3\jakarta.annotation-api-2.1.1.jar;C:\Users\R\.gradle\caches\modules-2\files-2.1\org.springframework\spring-context\6.1.10\6f869ea35a26028f3bfbfb52c72ef2b077fbb6e5\spring-context-6.1.10.jar;C:\Users\R\.gradle\caches\modules-2\files-2.1\org.springframework\spring-aop\6.1.10\aa6a147eb08820fb503a992a8fe2c9fee3439129\spring-aop-6.1.10.jar;C:\Users\R\.gradle\caches\modules-2\files-2.1\org.springframework\spring-jdbc\6.1.10\bba7d7de1d944443bd9e45d0ebcbbb6ec6864be0\spring-jdbc-6.1.10.jar;C:\Users\R\.gradle\caches\modules-2\files-2.1\org.springframework\spring-tx\6.1.10\1a2361bc1881ed1a0dc2e09561e8f560e1949c8e\spring-tx-6.1.10.jar;C:\Users\R\.gradle\caches\modules-2\files-2.1\org.springframework\spring-beans\6.1.10\a49252929fb2918f73eb7659ef98dff7306a7c2c\spring-beans-6.1.10.jar;C:\Users\R\.gradle\caches\modules-2\files-2.1\org.springframework\spring-expression\6.1.10\a17d61f1388d0e13d6e7a740304e9d648fffc7c\spring-expression-6.1.10.jar;C:\Users\R\.gradle\caches\modules-2\files-2.1\org.springframework\spring-core\6.1.10\eaf5b1f3e3bb5aa8b45ab255cf3270c1c4578f1d\spring-core-6.1.10.jar;C:\Users\R\.gradle\caches\modules-2\files-2.1\org.yaml\snakeyaml\2.2\3af797a25458550a16bf89acc8e4ab2b7f2bfce0\snakeyaml-2.2.jar;C:\Users\R\.gradle\caches\modules-2\files-2.1\org.thymeleaf\thymeleaf\3.1.2.RELEASE\273997509a4c7aef86cee0521750140c587d9be2\thymeleaf-3.1.2.RELEASE.jar;C:\Users\R\.gradle\caches\modules-2\files-2.1\com.zaxxer\HikariCP\5.0.1\a74c7f0a37046846e88d54f7cb6ea6d565c65f9c\HikariCP-5.0.1.jar;C:\Users\R\.gradle\caches\modules-2\files-2.1\ch.qos.logback\logback-classic\1.4.14\d98bc162275134cdf1518774da4a2a17ef6fb94d\logback-classic-1.4.14.jar;C:\Users\R\.gradle\caches\modules-2\files-2.1\org.apache.logging.log4j\log4j-to-slf4j\2.21.1\d77b2ba81711ed596cd797cc2b5b5bd7409d841c\log4j-to-slf4j-2.21.1.jar;C:\Users\R\.gradle\caches\modules-2\files-2.1\org.slf4j\jul-to-slf4j\2.0.13\a3bcd9d9dd50c71ce69f06b1fd05e40fdeff6ba5\jul-to-slf4j-2.0.13.jar;C:\Users\R\.gradle\caches\modules-2\files-2.1\org.slf4j\slf4j-api\2.0.13\80229737f704b121a318bba5d5deacbcf395bc77\slf4j-api-2.0.13.jar;C:\Users\R\.gradle\caches\modules-2\files-2.1\jakarta.validation\jakarta.validation-api\3.0.2\92b6631659ba35ca09e44874d3eb936edfeee532\jakarta.validation-api-3.0.2.jar;C:\Users\R\.gradle\caches\modules-2\files-2.1\org.jboss.logging\jboss-logging\3.5.3.Final\c88fc1d8a96d4c3491f55d4317458ccad53ca663\jboss-logging-3.5.3.Final.jar;C:\Users\R\.gradle\caches\modules-2\files-2.1\com.fasterxml\classmate\1.6.0\91affab6f84a2182fce5dd72a8d01bc14346dddd\classmate-1.6.0.jar;C:\Users\R\.gradle\caches\modules-2\files-2.1\com.fasterxml.jackson.datatype\jackson-datatype-jsr310\2.15.4\7de629770a4559db57128d35ccae7d2fddd35db3\jackson-datatype-jsr310-2.15.4.jar;C:\Users\R\.gradle\caches\modules-2\files-2.1\com.fasterxml.jackson.module\jackson-module-parameter-names\2.15.4\e654497a08359db2521b69b5f710e00836915d8c\jackson-module-parameter-names-2.15.4.jar;C:\Users\R\.gradle\caches\modules-2\files-2.1\com.fasterxml.jackson.core\jackson-annotations\2.15.4\5223ea5a9bf52cdc9c5e537a0e52f2432eaf208b\jackson-annotations-2.15.4.jar;C:\Users\R\.gradle\caches\modules-2\files-2.1\com.fasterxml.jackson.core\jackson-core\2.15.4\aebe84b45360debad94f692a4074c6aceb535fa0\jackson-core-2.15.4.jar;C:\Users\R\.gradle\caches\modules-2\files-2.1\com.fasterxml.jackson.datatype\jackson-datatype-jdk8\2.15.4\694777f182334a21bf1aeab1b04cc4398c801f3f\jackson-datatype-jdk8-2.15.4.jar;C:\Users\R\.gradle\caches\modules-2\files-2.1\com.fasterxml.jackson.core\jackson-databind\2.15.4\560309fc381f77d4d15c4a4cdaa0db5025c4fd13\jackson-databind-2.15.4.jar;C:\Users\R\.gradle\caches\modules-2\files-2.1\org.apache.tomcat.embed\tomcat-embed-websocket\10.1.25\efd7848a9677e9a7cf8367b43213805eca70805\tomcat-embed-websocket-10.1.25.jar;C:\Users\R\.gradle\caches\modules-2\files-2.1\org.apache.tomcat.embed\tomcat-embed-core\10.1.25\c1e5ee12f537e6b4fea2b98a7160dcf0db610561\tomcat-embed-core-10.1.25.jar;C:\Users\R\.gradle\caches\modules-2\files-2.1\io.micrometer\micrometer-observation\1.12.7\41cf5c9848d65c1559b9e78809fb22b7d85ba337\micrometer-observation-1.12.7.jar;C:\Users\R\.gradle\caches\modules-2\files-2.1\org.springframework\spring-jcl\6.1.10\c22c18cf6ed7d768676816347f020a6868663224\spring-jcl-6.1.10.jar;C:\Users\R\.gradle\caches\modules-2\files-2.1\org.attoparser\attoparser\2.0.7.RELEASE\e5d0e988d9124139d645bb5872b24dfa23e283cc\attoparser-2.0.7.RELEASE.jar;C:\Users\R\.gradle\caches\modules-2\files-2.1\org.unbescape\unbescape\1.1.6.RELEASE\7b90360afb2b860e09e8347112800d12c12b2a13\unbescape-1.1.6.RELEASE.jar;C:\Users\R\.gradle\caches\modules-2\files-2.1\io.micrometer\micrometer-commons\1.12.7\c35759a840f3e5a0ceda8fbf42874a0e6c730c45\micrometer-commons-1.12.7.jar;C:\Users\R\.gradle\caches\modules-2\files-2.1\ch.qos.logback\logback-core\1.4.14\4d3c2248219ac0effeb380ed4c5280a80bf395e8\logback-core-1.4.14.jar;C:\Users\R\.gradle\caches\modules-2\files-2.1\org.apache.logging.log4j\log4j-api\2.21.1\74c65e87b9ce1694a01524e192d7be989ba70486\log4j-api-2.21.1.jar;C:\Users\R\.gradle\caches\modules-2\files-2.1\org.springframework.boot\spring-boot-devtools\3.2.7-SNAPSHOT\ec3742ed04077f1e11389b44df3f6c7041662d0c\spring-boot-devtools-3.2.7-SNAPSHOT.jar;C:\Users\R\.gradle\caches\modules-2\files-2.1\org.postgresql\postgresql\42.6.2\18c33c28326b2f81480833291b81f5eca080ab3c\postgresql-42.6.2.jar;C:\Users\R\.gradle\caches\modules-2\files-2.1\org.checkerframework\checker-qual\3.31.0\eeefd4af42e2f4221d145c1791582f91868f99ab\checker-qual-3.31.0.jar
Launcher Type: SUN_STANDARD

[Global flags]
     intx CICompilerCount                          = 4                                         {product} {ergonomic}
     uint ConcGCThreads                            = 2                                         {product} {ergonomic}
     uint G1ConcRefinementThreads                  = 8                                         {product} {ergonomic}
   size_t G1HeapRegionSize                         = 1048576                                   {product} {ergonomic}
    uintx GCDrainStackTargetSize                   = 64                                        {product} {ergonomic}
   size_t InitialHeapSize                          = 127926272                                 {product} {ergonomic}
     bool ManagementServer                         = true                                      {product} {command line}
   size_t MarkStackSize                            = 4194304                                   {product} {ergonomic}
   size_t MaxHeapSize                              = 2040528896                                {product} {ergonomic}
   size_t MaxNewSize                               = 1223688192                                {product} {ergonomic}
   size_t MinHeapDeltaBytes                        = 1048576                                   {product} {ergonomic}
   size_t MinHeapSize                              = 8388608                                   {product} {ergonomic}
    uintx NonNMethodCodeHeapSize                   = 4096                                   {pd product} {ergonomic}
    uintx NonProfiledCodeHeapSize                  = 0                                      {pd product} {ergonomic}
     bool ProfileInterpreter                       = false                                  {pd product} {command line}
    uintx ProfiledCodeHeapSize                     = 0                                      {pd product} {ergonomic}
     bool ShowCodeDetailsInExceptionMessages       = true                                   {manageable} {command line}
   size_t SoftMaxHeapSize                          = 2040528896                             {manageable} {ergonomic}
     intx TieredStopAtLevel                        = 1                                         {product} {command line}
     bool UseCompressedOops                        = true                           {product lp64_product} {ergonomic}
     bool UseG1GC                                  = true                                      {product} {ergonomic}
     bool UseLargePagesIndividualAllocation        = false                                  {pd product} {ergonomic}

Logging:
Log output configuration:
 #0: stdout all=warning uptime,level,tags foldmultilines=false
 #1: stderr all=off uptime,level,tags foldmultilines=false

Environment Variables:
JAVA_HOME=C:\Program Files\Java\jdk-21
JAVA_TOOL_OPTIONS=-Dfile.encoding=UTF-8 -Dsun.jnu.encoding=UTF-8
PATH=C:/pleiades/2024-03/java/21/bin/server;C:/pleiades/2024-03/java/21/bin;C:\Program Files\Java\jdk-21\bin;C:\Program Files\Common Files\Oracle\Java\javapath;C:\WINDOWS\system32;C:\WINDOWS;C:\WINDOWS\System32\Wbem;C:\WINDOWS\System32\WindowsPowerShell\v1.0\;C:\WINDOWS\System32\OpenSSH\;C:\Program Files\GitHub CLI\;C:\Program Files\Git\cmd;c:\Program Files\Mysql\mysql server 5.7\bin\;C:\Users\R\AppData\Local\Microsoft\WindowsApps;C:\Users\R\AppData\Local\Programs\Microsoft VS Code\bin;C:\tools\apache-maven-3.9.6\bin;C:\pleiades\2024-03\eclipse;
USERNAME=R
OS=Windows_NT
PROCESSOR_IDENTIFIER=Intel64 Family 6 Model 126 Stepping 5, GenuineIntel
TMP=C:\Users\R\AppData\Local\Temp
TEMP=C:\Users\R\AppData\Local\Temp




Periodic native trim disabled

---------------  S Y S T E M  ---------------

OS:
 Windows 11 , 64 bit Build 22621 (10.0.22621.3672)
OS uptime: 8 days 10:06 hours

CPU: total 8 (initial active 8) (4 cores per cpu, 2 threads per core) family 6 model 126 stepping 5 microcode 0xbc, cx8, cmov, fxsr, ht, mmx, 3dnowpref, sse, sse2, sse3, ssse3, sse4.1, sse4.2, popcnt, lzcnt, tsc, tscinvbit, avx, avx2, aes, erms, clmul, bmi1, bmi2, adx, avx512f, avx512dq, avx512cd, avx512bw, avx512vl, sha, fma, vzeroupper, avx512_vpopcntdq, avx512_vpclmulqdq, avx512_vaes, avx512_vnni, clflush, clflushopt, avx512_vbmi2, avx512_vbmi, rdtscp, rdpid, fsrm, gfni, avx512_bitalg, f16c, pku, avx512_ifma
Processor Information for all 8 processors :
  Max Mhz: 1498, Current Mhz: 1098, Mhz Limit: 1093

Memory: 4k page, system-wide physical 7778M (985M free)
TotalPageFile size 15202M (AvailPageFile size 3329M)
current process WorkingSet (physical memory assigned to process): 192M, peak: 206M
current process commit charge ("private bytes"): 248M, peak: 274M

vm_info: OpenJDK 64-Bit Server VM (21.0.2+13-LTS) for windows-amd64 JRE (21.0.2+13-LTS), built on 2024-01-16T00:00:00Z by "admin" with unknown MS VC++:1937

END.
