#
# A fatal error has been detected by the Java Runtime Environment:
#
#  EXCEPTION_ACCESS_VIOLATION (0xc0000005) at pc=0x0000020df9429384, pid=15380, tid=5524
#
# JRE version: OpenJDK Runtime Environment Temurin-21.0.2+13 (21.0.2+13) (build 21.0.2+13-LTS)
# Java VM: OpenJDK 64-Bit Server VM Temurin-21.0.2+13 (21.0.2+13-LTS, mixed mode, emulated-client, sharing, tiered, compressed oops, compressed class ptrs, g1 gc, windows-amd64)
# Problematic frame:
# v  ~BufferBlob::MethodHandles adapters 0x0000020df9429384
#
# No core dump will be written. Minidumps are not enabled by default on client versions of Windows
#
# If you would like to submit a bug report, please visit:
#   https://github.com/adoptium/adoptium-support/issues
#

---------------  S U M M A R Y ------------

Command Line: -Dfile.encoding=UTF-8 -Dsun.jnu.encoding=UTF-8 -XX:+ShowCodeDetailsInExceptionMessages -agentlib:jdwp=transport=dt_socket,suspend=y,address=localhost:58081 -Dcom.sun.management.jmxremote -Dcom.sun.management.jmxremote.port=58080 -Dcom.sun.management.jmxremote.authenticate=false -Dcom.sun.management.jmxremote.ssl=false -Djava.rmi.server.hostname=localhost -Dspring.jmx.enabled=true -Dmanagement.endpoints.jmx.exposure.include=* -Dspring.application.admin.enabled=true -XX:TieredStopAtLevel=1 -Dspring.boot.project.name=MyEnglishServer -javaagent:C:\pleiades\2024-03\eclipse\configuration\org.eclipse.osgi\251\0\.cp\lib\javaagent-shaded.jar -Dfile.encoding=UTF-8 -Dstdout.encoding=UTF-8 -Dstderr.encoding=UTF-8 myenglish.MyEnglishServerApplication --spring.output.ansi.enabled=always

Host: Intel(R) Core(TM) i5-1035G4 CPU @ 1.10GHz, 8 cores, 7G,  Windows 11 , 64 bit Build 22621 (10.0.22621.3672)
Time: Mon Jun 24 23:41:42 2024  Windows 11 , 64 bit Build 22621 (10.0.22621.3672) elapsed time: 95267.557039 seconds (1d 2h 27m 47s)

---------------  T H R E A D  ---------------

Current thread (0x0000020dc90231c0):  JavaThread "http-nio-8080-exec-2" daemon [_thread_in_Java, id=5524, stack(0x0000009c7ab00000,0x0000009c7ac00000) (1024K)]

Stack: [0x0000009c7ab00000,0x0000009c7ac00000],  sp=0x0000009c7abfd228,  free space=1012k
Native frames: (J=compiled Java code, j=interpreted, Vv=VM code, C=native code)
C  0x0000020df9429384

The last pc belongs to _linkToVirtual (printed below).

siginfo: EXCEPTION_ACCESS_VIOLATION (0xc0000005), reading address 0x0000020e45aa8c3b


Registers:
RAX=0x0000020df93d958b, RBX=0x000000008ab07680, RCX=0x0000009c7abfd238, RDX=0x0000000000000003
RSP=0x0000009c7abfd228, RBP=0x0000009c7abfd280, RSI=0x0000020dc72bf7d8, RDI=0x0000020dc96d5fb0
R8 =0x0000000000000004, R9 =0x0000000000000004, R10=0x0000020e45aa8a73, R11=0x0000000000000000
R12=0x0000000000000000, R13=0x0000009c7abfd228, R14=0x0000009c7abfd2a8, R15=0x0000020dc90231c0
RIP=0x0000020df9429384, EFLAGS=0x0000000000010202


Register to memory mapping:

RAX=0x0000020df93d958b is at code_begin+4363 in an Interpreter codelet
return entry points  [0x0000020df93d8480, 0x0000020df93da298]  7704 bytes
RBX=0x000000008ab07680 is an oop: org.springframework.validation.support.BindingAwareModelMap 
{0x000000008ab07680} - klass: 'org/springframework/validation/support/BindingAwareModelMap'
 - ---- fields (total size 8 words):
 - transient 'keySet' 'Ljava/util/Set;' @12  null (0x00000000)
 - transient 'values' 'Ljava/util/Collection;' @16  null (0x00000000)
 - transient 'size' 'I' @20  0 (0x00000000)
 - transient 'modCount' 'I' @24  0 (0x00000000)
 - 'threshold' 'I' @28  0 (0x00000000)
 - final 'loadFactor' 'F' @32  0.750000 (0x3f400000)
 - transient 'table' '[Ljava/util/HashMap$Node;' @36  null (0x00000000)
 - transient 'entrySet' 'Ljava/util/Set;' @40  null (0x00000000)
 - transient 'putMode' 'I' @44  0 (0x00000000)
 - final 'accessOrder' 'Z' @48  false (0x00)
 - transient 'head' 'Ljava/util/LinkedHashMap$Entry;' @52  null (0x00000000)
 - transient 'tail' 'Ljava/util/LinkedHashMap$Entry;' @56  null (0x00000000)
RCX=0x0000009c7abfd238 is pointing into the stack for thread: 0x0000020dc90231c0
RDX=0x0000000000000003 is an unknown value
RSP=0x0000009c7abfd228 is pointing into the stack for thread: 0x0000020dc90231c0
RBP=0x0000009c7abfd280 is pointing into the stack for thread: 0x0000020dc90231c0
RSI=0x0000020dc72bf7d8 points into unknown readable memory: 0x88000be96bd3ff64 | 64 ff d3 6b e9 0b 00 88
RDI=0x0000020dc96d5fb0 points into unknown readable memory: 0x0000002000000070 | 70 00 00 00 20 00 00 00
R8 =0x0000000000000004 is an unknown value
R9 =0x0000000000000004 is an unknown value
R10=0x0000020e45aa8a73 is an unknown value
R11=0x0 is null
R12=0x0 is null
R13=0x0000009c7abfd228 is pointing into the stack for thread: 0x0000020dc90231c0
R14=0x0000009c7abfd2a8 is pointing into the stack for thread: 0x0000020dc90231c0
R15=0x0000020dc90231c0 is a thread

Top of Stack: (sp=0x0000009c7abfd228)
0x0000009c7abfd228:   0000020df93d958b 0000000088a7a720
0x0000009c7abfd238:   0000009c7abfd238 0000020dc3aa8a73
0x0000009c7abfd248:   0000000000000005 0000020dc3aa8bc0
0x0000009c7abfd258:   0000020df9a8e074 0000000086c02b28
0x0000009c7abfd268:   0000020dc3aa8a80 0000009c7abfd228
0x0000009c7abfd278:   0000009c7abfd2b0 0000009c7abfd318
0x0000009c7abfd288:   0000020df93d958b 000000008ab081b8
0x0000009c7abfd298:   000000008ab07680 0000000088a7a720
0x0000009c7abfd2a8:   000000008ab08320 0000020df93d958b
0x0000009c7abfd2b8:   000000008ab07680 0000000088a7a720
0x0000009c7abfd2c8:   000000008ab08320 0000009c7abfd2d0
0x0000009c7abfd2d8:   0000020dc3706ad4 0000000000000009
0x0000009c7abfd2e8:   0000020dc4871820 0000000000000000
0x0000009c7abfd2f8:   0000000087acdb30 0000020dc3706ae0
0x0000009c7abfd308:   0000009c7abfd2b8 0000009c7abfd370
0x0000009c7abfd318:   0000009c7abfd620 0000020df9e7ecca
0x0000009c7abfd328:   000000008ab08320 000000008ab07680
0x0000009c7abfd338:   000000008ab084e8 0000000088a7a720
0x0000009c7abfd348:   000000008ab085e0 000000008ab07680
0x0000009c7abfd358:   0000000088a7a720 000000008ab08630
0x0000009c7abfd368:   0000020df9e7e41c 0000000000000000
0x0000009c7abfd378:   0000000088a4c148 0000000088013b68
0x0000009c7abfd388:   000000008ab08660 000000008ab08630
0x0000009c7abfd398:   00000000ffffffff 0000009c7abfd3d8
0x0000009c7abfd3a8:   0000000000000000 0000000088a174e0
0x0000009c7abfd3b8:   0000000086900f90 0000009c7abfd3e8
0x0000009c7abfd3c8:   0000000000000000 0000000000000000
0x0000009c7abfd3d8:   0000009c7abfd620 0000009c7abfd620
0x0000009c7abfd3e8:   0000020df97a366c 0000000088a174e0
0x0000009c7abfd3f8:   0000000000000000 0000000000000001
0x0000009c7abfd408:   000000008ab08078 0000000088013b68
0x0000009c7abfd418:   0000000000000021 000000008ab08660 

Instructions: (pc=0x0000020df9429384)
0x0000020df9429284:   00 00 00 00 01 00 00 00 00 00 00 00 20 f6 13 ab
0x0000020df9429294:   ff 7f 00 00 00 93 42 f9 0d 02 00 00 80 a3 42 f9
0x0000020df94292a4:   0d 02 00 00 00 93 42 f9 0d 02 00 00 80 a3 42 f9
0x0000020df94292b4:   0d 02 00 00 f0 92 42 f9 0d 02 00 00 f0 92 42 f9
0x0000020df94292c4:   0d 02 00 00 00 00 00 00 00 00 00 00 b8 f6 13 ab
0x0000020df94292d4:   ff 7f 00 00 f0 10 00 00 60 00 00 00 ff ff ff ff
0x0000020df94292e4:   f0 10 00 00 00 00 00 00 00 00 00 00 00 00 00 00
0x0000020df94292f4:   00 00 00 00 00 00 00 00 00 00 00 00 f4 66 66 66
0x0000020df9429304:   0f 1f 84 00 00 00 00 00 66 66 66 90 66 66 66 0f
0x0000020df9429314:   1f 84 00 00 00 00 00 66 66 66 90 90 48 8b 53 08
0x0000020df9429324:   0f b7 52 2e 48 8b 0c d4 8b 59 14 8b 5b 28 8b 5b
0x0000020df9429334:   24 48 8b 5b 10 48 85 db 0f 84 10 00 00 00 41 80
0x0000020df9429344:   bf e0 05 00 00 00 74 03 ff 63 38 ff 63 50 e9 a9
0x0000020df9429354:   f6 ff ff 66 0f 1f 84 00 00 00 00 00 48 8b 53 08
0x0000020df9429364:   0f b7 52 2e 48 8b 0c d4 58 5b 50 44 8b 51 08 49
0x0000020df9429374:   bb 00 00 00 82 0d 02 00 00 4d 03 d3 4c 8b 5b 10
0x0000020df9429384:   4b 8b 9c da c8 01 00 00 48 85 db 0f 84 10 00 00
0x0000020df9429394:   00 41 80 bf e0 05 00 00 00 74 03 ff 63 38 ff 63
0x0000020df94293a4:   50 e9 56 f6 ff ff 66 66 66 0f 1f 84 00 00 00 00
0x0000020df94293b4:   00 66 66 66 90 0f 1f 80 00 00 00 00 58 5b 50 8b
0x0000020df94293c4:   5b 24 48 8b 5b 10 48 85 db 0f 84 10 00 00 00 41
0x0000020df94293d4:   80 bf e0 05 00 00 00 74 03 ff 63 38 ff 63 50 e9
0x0000020df94293e4:   18 f6 ff ff 66 66 66 0f 1f 84 00 00 00 00 00 66
0x0000020df94293f4:   66 66 90 66 0f 1f 84 00 00 00 00 00 48 8b 53 08
0x0000020df9429404:   0f b7 52 2e 48 8b 0c d4 58 5b 50 48 3b 01 8b 5b
0x0000020df9429414:   24 48 8b 5b 10 48 85 db 0f 84 10 00 00 00 41 80
0x0000020df9429424:   bf e0 05 00 00 00 74 03 ff 63 38 ff 63 50 e9 c9
0x0000020df9429434:   f5 ff ff 66 0f 1f 84 00 00 00 00 00 48 8b 53 08
0x0000020df9429444:   0f b7 52 2e 48 8b 0c d4 58 5b 50 44 8b 51 08 49
0x0000020df9429454:   bb 00 00 00 82 0d 02 00 00 4d 03 d3 8b 43 18 48
0x0000020df9429464:   8b 40 10 48 8b 5b 10 45 8b 9a a0 00 00 00 4f 8d
0x0000020df9429474:   9c da c8 01 00 00 4d 8d 14 da 49 8b 1b 48 3b c3 


Stack slot to memory mapping:

stack at sp + 0 slots: 0x0000020df93d958b is at code_begin+4363 in an Interpreter codelet
return entry points  [0x0000020df93d8480, 0x0000020df93da298]  7704 bytes
stack at sp + 1 slots: 0x0000000088a7a720 is an oop: myenglish.web.quiz.MyEnglishQuizController 
{0x0000000088a7a720} - klass: 'myenglish/web/quiz/MyEnglishQuizController'
 - ---- fields (total size 2 words):
 - private final 'quizService' 'Lmyenglish/service/quiz/QuizServiceImpl;' @12  a 'myenglish/service/quiz/QuizServiceImpl$$SpringCGLIB$$0'{0x0000000088a7a730} (0x88a7a730)
stack at sp + 2 slots: 0x0000009c7abfd238 is pointing into the stack for thread: 0x0000020dc90231c0
stack at sp + 3 slots: 0x0000020dc3aa8a73 is pointing into metadata
stack at sp + 4 slots: 0x0000000000000005 is an unknown value
stack at sp + 5 slots: 0x0000020dc3aa8bc0 is pointing into metadata
stack at sp + 6 slots: 0x0000020df9a8e074 is at entry_point+180 in (nmethod*)0x0000020df9a8de10
Compiled method (c1) 95267664 2285       1       java.lang.invoke.LambdaForm$MH/0x0000020d83001400::invoke (25 bytes)
 total in heap  [0x0000020df9a8de10,0x0000020df9a8e230] = 1056
 relocation     [0x0000020df9a8df70,0x0000020df9a8dfb8] = 72
 main code      [0x0000020df9a8dfc0,0x0000020df9a8e0e8] = 296
 stub code      [0x0000020df9a8e0e8,0x0000020df9a8e140] = 88
 oops           [0x0000020df9a8e140,0x0000020df9a8e148] = 8
 metadata       [0x0000020df9a8e148,0x0000020df9a8e150] = 8
 scopes data    [0x0000020df9a8e150,0x0000020df9a8e1a0] = 80
 scopes pcs     [0x0000020df9a8e1a0,0x0000020df9a8e210] = 112
 dependencies   [0x0000020df9a8e210,0x0000020df9a8e218] = 8
 nul chk table  [0x0000020df9a8e218,0x0000020df9a8e230] = 24
stack at sp + 7 slots: 0x0000000086c02b28 is an oop: java.lang.Class 
{0x0000000086c02b28} - klass: 'java/lang/Class'
 - ---- fields (total size 15 words):
 - private volatile transient 'classRedefinedCount' 'I' @12  0 (0x00000000)
 - injected 'klass' 'J' @16  2257057355776 (0x0000020d831a1800)
 - injected 'array_klass' 'J' @24  0 (0x0000000000000000)
 - injected 'oop_size' 'I' @32  15 (0x0000000f)
 - injected 'static_oop_field_count' 'I' @36  1 (0x00000001)
 - private volatile transient 'cachedConstructor' 'Ljava/lang/reflect/Constructor;' @40  null (0x00000000)
 - private transient 'name' 'Ljava/lang/String;' @44  null (0x00000000)
 - private transient 'module' 'Ljava/lang/Module;' @48  a 'java/lang/Module'{0x00000000868c3e50} (0x868c3e50)
 - private final 'classLoader' 'Ljava/lang/ClassLoader;' @52  null (0x00000000)
 - private transient 'classData' 'Ljava/lang/Object;' @56  a 'java/lang/invoke/LambdaForm'{0x0000000086d2e080} => a 'java/lang/invoke/MemberName'{0x0000000086d2e1b0} = {method} {0x0000020dc3aa8a88} 'invokeVirtual' '(Ljava/lang/Object;Ljava/lang/Object;Ljava/lang/Object;)Ljava/lang/Object;' in 'java/lang/invoke/LambdaForm$DMH+0x0000020d831a1800' (0x86d2e080)
 - private transient 'packageName' 'Ljava/lang/String;' @60  null (0x00000000)
 - private final 'componentType' 'Ljava/lang/Class;' @64  null (0x00000000)
 - private volatile transient 'reflectionData' 'Ljava/lang/ref/SoftReference;' @68  null (0x00000000)
 - private volatile transient 'genericInfo' 'Lsun/reflect/generics/repository/ClassRepository;' @72  null (0x00000000)
 - private volatile transient 'enumConstants' '[Ljava/lang/Object;' @76  null (0x00000000)
 - private volatile transient 'enumConstantDirectory' 'Ljava/util/Map;' @80  null (0x00000000)
 - private volatile transient 'annotationData' 'Ljava/lang/Class$AnnotationData;' @84  null (0x00000000)
 - private volatile transient 'annotationType' 'Lsun/reflect/annotation/AnnotationType;' @88  null (0x00000000)
 - transient 'classValueMap' 'Ljava/lang/ClassValue$ClassValueMap;' @92  null (0x00000000)
 - injected 'protection_domain' 'Ljava/lang/Object;' @96  null (0x00000000)
 - injected 'signers_name' 'Ljava/lang/Object;' @100  null (0x00000000)
 - injected 'source_file' 'Ljava/lang/Object;' @104  null (0x00000000)
 - signature: Ljava/lang/invoke/LambdaForm$DMH+0x0000020d831a1800;
 - ---- static fields (1):
 - static final '_D_0' 'Ljava/lang/invoke/LambdaForm;' @112  a 'java/lang/invoke/LambdaForm'{0x0000000086d2e080} => a 'java/lang/invoke/MemberName'{0x0000000086d2e1b0} = {method} {0x0000020dc3aa8a88} 'invokeVirtual' '(Ljava/lang/Object;Ljava/lang/Object;Ljava/lang/Object;)Ljava/lang/Object;' in 'java/lang/invoke/LambdaForm$DMH+0x0000020d831a1800' (0x86d2e080)

MethodHandle::interpreter_entry::_linkToVirtual [0x0000020df9429357, 0x0000020df94293aa] (83 bytes)
[MachCode]
  0x0000020df9429357: 660f 1f84 | 0000 0000 | 0048 8b53 | 080f b752 | 2e48 8b0c | d458 5b50 | 448b 5108 | 49bb 0000 
  0x0000020df9429377: 0082 0d02 | 0000 4d03 | d34c 8b5b | 104b 8b9c | dac8 0100 | 0048 85db | 0f84 1000 | 0000 4180 
  0x0000020df9429397: bfe0 0500 | 0000 7403 | ff63 38ff | 6350 e956 | 
[/MachCode]

---------------  P R O C E S S  ---------------

Threads class SMR info:
_java_thread_list=0x0000020dc913bd60, length=39, elements={
0x0000020dff5994b0, 0x0000020dff59c1e0, 0x0000020dff59eaa0, 0x0000020dff59fa80,
0x0000020dff5ab840, 0x0000020dff5af3d0, 0x0000020dff5bd1f0, 0x0000020dff5afa60,
0x0000020dff7c6760, 0x0000020dff7cd160, 0x0000020dff7cd7e0, 0x0000020dff5b14a0,
0x0000020dff5b2850, 0x0000020dff5b1b30, 0x0000020dff5b21c0, 0x0000020dc79499b0,
0x0000020dc7946530, 0x0000020dc901d5e0, 0x0000020dc901dc70, 0x0000020dc901f6b0,
0x0000020dc7947f70, 0x0000020dc794c7a0, 0x0000020dc9022b30, 0x0000020dc9024570,
0x0000020dc901e300, 0x0000020dc9024c00, 0x0000020dc90224a0, 0x0000020dc9020a60,
0x0000020dc90231c0, 0x0000020dc9023850, 0x0000020dc901f020, 0x0000020dc794ce30,
0x0000020dc794a040, 0x0000020dc794a6d0, 0x0000020dc7948600, 0x0000020dc7949320,
0x0000020dc794ad60, 0x0000020dc794b3f0, 0x0000020dc7946bc0
}

Java Threads: ( => current thread )
  0x0000020dff5994b0 JavaThread "Reference Handler"          daemon [_thread_blocked, id=15496, stack(0x0000009c78500000,0x0000009c78600000) (1024K)]
  0x0000020dff59c1e0 JavaThread "Finalizer"                  daemon [_thread_blocked, id=21732, stack(0x0000009c78600000,0x0000009c78700000) (1024K)]
  0x0000020dff59eaa0 JavaThread "Signal Dispatcher"          daemon [_thread_blocked, id=13920, stack(0x0000009c78700000,0x0000009c78800000) (1024K)]
  0x0000020dff59fa80 JavaThread "Attach Listener"            daemon [_thread_blocked, id=13328, stack(0x0000009c78800000,0x0000009c78900000) (1024K)]
  0x0000020dff5ab840 JavaThread "Service Thread"             daemon [_thread_blocked, id=7392, stack(0x0000009c78900000,0x0000009c78a00000) (1024K)]
  0x0000020dff5af3d0 JavaThread "Monitor Deflation Thread"   daemon [_thread_blocked, id=7112, stack(0x0000009c78a00000,0x0000009c78b00000) (1024K)]
  0x0000020dff5bd1f0 JavaThread "C1 CompilerThread0"         daemon [_thread_blocked, id=15476, stack(0x0000009c78b00000,0x0000009c78c00000) (1024K)]
  0x0000020dff5afa60 JavaThread "Common-Cleaner"             daemon [_thread_blocked, id=12604, stack(0x0000009c78c00000,0x0000009c78d00000) (1024K)]
  0x0000020dff7c6760 JavaThread "JDWP Transport Listener: dt_socket" daemon [_thread_blocked, id=17468, stack(0x0000009c78f00000,0x0000009c79000000) (1024K)]
  0x0000020dff7cd160 JavaThread "JDWP Event Helper Thread"   daemon [_thread_blocked, id=900, stack(0x0000009c79000000,0x0000009c79100000) (1024K)]
  0x0000020dff7cd7e0 JavaThread "JDWP Command Reader"        daemon [_thread_in_native, id=10412, stack(0x0000009c79100000,0x0000009c79200000) (1024K)]
  0x0000020dff5b14a0 JavaThread "Notification Thread"        daemon [_thread_blocked, id=11632, stack(0x0000009c79200000,0x0000009c79300000) (1024K)]
  0x0000020dff5b2850 JavaThread "RMI TCP Accept-0"           daemon [_thread_in_native, id=22264, stack(0x0000009c79400000,0x0000009c79500000) (1024K)]
  0x0000020dff5b1b30 JavaThread "RMI TCP Accept-58080"       daemon [_thread_in_native, id=2792, stack(0x0000009c79c00000,0x0000009c79d00000) (1024K)]
  0x0000020dff5b21c0 JavaThread "RMI TCP Accept-0"           daemon [_thread_in_native, id=15224, stack(0x0000009c79d00000,0x0000009c79e00000) (1024K)]
  0x0000020dc79499b0 JavaThread "RMI Scheduler(0)"           daemon [_thread_blocked, id=2728, stack(0x0000009c7a100000,0x0000009c7a200000) (1024K)]
  0x0000020dc7946530 JavaThread "Live Reload Server"         daemon [_thread_in_native, id=12780, stack(0x0000009c7ae00000,0x0000009c7af00000) (1024K)]
  0x0000020dc901d5e0 JavaThread "DestroyJavaVM"                     [_thread_blocked, id=23024, stack(0x0000009c77d00000,0x0000009c77e00000) (1024K)]
  0x0000020dc901dc70 JavaThread "File Watcher"               daemon [_thread_blocked, id=22928, stack(0x0000009c77c00000,0x0000009c77d00000) (1024K)]
  0x0000020dc901f6b0 JavaThread "PostgreSQL-JDBC-Cleaner"    daemon [_thread_blocked, id=1928, stack(0x0000009c79f00000,0x0000009c7a000000) (1024K)]
  0x0000020dc7947f70 JavaThread "RMI TCP Connection(idle)"   daemon [_thread_blocked, id=18288, stack(0x0000009c77b00000,0x0000009c77c00000) (1024K)]
  0x0000020dc794c7a0 JavaThread "JMX server connection timeout 734" daemon [_thread_blocked, id=19888, stack(0x0000009c7a200000,0x0000009c7a300000) (1024K)]
  0x0000020dc9022b30 JavaThread "Catalina-utility-1"                [_thread_blocked, id=9544, stack(0x0000009c78d00000,0x0000009c78e00000) (1024K)]
  0x0000020dc9024570 JavaThread "Catalina-utility-2"                [_thread_blocked, id=4596, stack(0x0000009c7a300000,0x0000009c7a400000) (1024K)]
  0x0000020dc901e300 JavaThread "container-1"                       [_thread_blocked, id=248, stack(0x0000009c7a400000,0x0000009c7a500000) (1024K)]
  0x0000020dc9024c00 JavaThread "HikariPool-31 housekeeper"  daemon [_thread_blocked, id=1864, stack(0x0000009c7a600000,0x0000009c7a700000) (1024K)]
  0x0000020dc90224a0 JavaThread "File Watcher"               daemon [_thread_blocked, id=12028, stack(0x0000009c7a900000,0x0000009c7aa00000) (1024K)]
  0x0000020dc9020a60 JavaThread "http-nio-8080-exec-1"       daemon [_thread_blocked, id=12724, stack(0x0000009c7aa00000,0x0000009c7ab00000) (1024K)]
=>0x0000020dc90231c0 JavaThread "http-nio-8080-exec-2"       daemon [_thread_in_Java, id=5524, stack(0x0000009c7ab00000,0x0000009c7ac00000) (1024K)]
  0x0000020dc9023850 JavaThread "http-nio-8080-exec-3"       daemon [_thread_blocked, id=21972, stack(0x0000009c7ac00000,0x0000009c7ad00000) (1024K)]
  0x0000020dc901f020 JavaThread "http-nio-8080-exec-4"       daemon [_thread_blocked, id=2876, stack(0x0000009c7ad00000,0x0000009c7ae00000) (1024K)]
  0x0000020dc794ce30 JavaThread "http-nio-8080-exec-5"       daemon [_thread_blocked, id=19188, stack(0x0000009c7af00000,0x0000009c7b000000) (1024K)]
  0x0000020dc794a040 JavaThread "http-nio-8080-exec-6"       daemon [_thread_blocked, id=11584, stack(0x0000009c7b200000,0x0000009c7b300000) (1024K)]
  0x0000020dc794a6d0 JavaThread "http-nio-8080-exec-7"       daemon [_thread_blocked, id=15700, stack(0x0000009c7b300000,0x0000009c7b400000) (1024K)]
  0x0000020dc7948600 JavaThread "http-nio-8080-exec-8"       daemon [_thread_blocked, id=8608, stack(0x0000009c7b400000,0x0000009c7b500000) (1024K)]
  0x0000020dc7949320 JavaThread "http-nio-8080-exec-9"       daemon [_thread_blocked, id=6692, stack(0x0000009c7b500000,0x0000009c7b600000) (1024K)]
  0x0000020dc794ad60 JavaThread "http-nio-8080-exec-10"      daemon [_thread_blocked, id=10452, stack(0x0000009c7b600000,0x0000009c7b700000) (1024K)]
  0x0000020dc794b3f0 JavaThread "http-nio-8080-Poller"       daemon [_thread_in_native, id=14888, stack(0x0000009c7b700000,0x0000009c7b800000) (1024K)]
  0x0000020dc7946bc0 JavaThread "http-nio-8080-Acceptor"     daemon [_thread_in_native, id=896, stack(0x0000009c7b800000,0x0000009c7b900000) (1024K)]
Total: 39

Other Threads:
  0x0000020dff5754d0 VMThread "VM Thread"                           [id=22556, stack(0x0000009c78400000,0x0000009c78500000) (1024K)] _threads_hazard_ptr=0x0000020dc913bd60
  0x0000020dff560d50 WatcherThread "VM Periodic Task Thread"        [id=14700, stack(0x0000009c78300000,0x0000009c78400000) (1024K)]
  0x0000020df0d5eed0 WorkerThread "GC Thread#0"                     [id=5484, stack(0x0000009c77e00000,0x0000009c77f00000) (1024K)]
  0x0000020dc7369c10 WorkerThread "GC Thread#1"                     [id=1860, stack(0x0000009c79500000,0x0000009c79600000) (1024K)]
  0x0000020dc7376fd0 WorkerThread "GC Thread#2"                     [id=14232, stack(0x0000009c79600000,0x0000009c79700000) (1024K)]
  0x0000020dc738e7f0 WorkerThread "GC Thread#3"                     [id=10916, stack(0x0000009c79700000,0x0000009c79800000) (1024K)]
  0x0000020dc738eb90 WorkerThread "GC Thread#4"                     [id=6956, stack(0x0000009c79800000,0x0000009c79900000) (1024K)]
  0x0000020dc738f340 WorkerThread "GC Thread#5"                     [id=8124, stack(0x0000009c79900000,0x0000009c79a00000) (1024K)]
  0x0000020dc73905b0 WorkerThread "GC Thread#6"                     [id=13196, stack(0x0000009c79a00000,0x0000009c79b00000) (1024K)]
  0x0000020dc738f730 WorkerThread "GC Thread#7"                     [id=9776, stack(0x0000009c79b00000,0x0000009c79c00000) (1024K)]
  0x0000020df0d6f1f0 ConcurrentGCThread "G1 Main Marker"            [id=22748, stack(0x0000009c77f00000,0x0000009c78000000) (1024K)]
  0x0000020df0d70e50 WorkerThread "G1 Conc#0"                       [id=21172, stack(0x0000009c78000000,0x0000009c78100000) (1024K)]
  0x0000020dc738fe70 WorkerThread "G1 Conc#1"                       [id=17500, stack(0x0000009c7a500000,0x0000009c7a600000) (1024K)]
  0x0000020dff436510 ConcurrentGCThread "G1 Refine#0"               [id=19040, stack(0x0000009c78100000,0x0000009c78200000) (1024K)]
  0x0000020dff437080 ConcurrentGCThread "G1 Service"                [id=19296, stack(0x0000009c78200000,0x0000009c78300000) (1024K)]
Total: 15

Threads with active compile tasks:
Total: 0

VM state: not at safepoint (normal execution)

VM Mutex/Monitor currently owned by a thread: None

Heap address: 0x0000000086600000, size: 1946 MB, Compressed Oops mode: 32-bit

CDS archive(s) mapped at: [0x0000020d82000000-0x0000020d82c90000-0x0000020d82c90000), size 13172736, SharedBaseAddress: 0x0000020d82000000, ArchiveRelocationMode: 1.
Compressed class space mapped at: 0x0000020d83000000-0x0000020dc3000000, reserved size: 1073741824
Narrow klass base: 0x0000020d82000000, Narrow klass shift: 0, Narrow klass range: 0x100000000

GC Precious Log:
 CardTable entry size: 512
 Card Set container configuration: InlinePtr #cards 5 size 8 Array Of Cards #cards 12 size 40 Howl #buckets 4 coarsen threshold 1843 Howl Bitmap #cards 512 size 80 coarsen threshold 460 Card regions per heap region 1 cards per card region 2048
 CPUs: 8 total, 8 available
 Memory: 7778M
 Large Page Support: Disabled
 NUMA Support: Disabled
 Compressed Oops: Enabled (32-bit)
 Heap Region Size: 1M
 Heap Min Capacity: 8M
 Heap Initial Capacity: 122M
 Heap Max Capacity: 1946M
 Pre-touch: Disabled
 Parallel Workers: 8
 Concurrent Workers: 2
 Concurrent Refinement Workers: 8
 Periodic GC: Disabled

Heap:
 garbage-first heap   total 73728K, used 33802K [0x0000000086600000, 0x0000000100000000)
  region size 1024K, 8 young (8192K), 2 survivors (2048K)
 Metaspace       used 51312K, committed 52224K, reserved 1114112K
  class space    used 6729K, committed 7168K, reserved 1048576K

Heap Regions: E=young(eden), S=young(survivor), O=old, HS=humongous(starts), HC=humongous(continues), CS=collection set, F=free, TAMS=top-at-mark-start, PB=parsable bottom
|   0|0x0000000086600000, 0x00000000866fffb8, 0x0000000086700000| 99%| O|  |TAMS 0x0000000086600000| PB 0x0000000086600000| Untracked 
|   1|0x0000000086700000, 0x00000000867fffe8, 0x0000000086800000| 99%| O|  |TAMS 0x0000000086700000| PB 0x0000000086700000| Untracked 
|   2|0x0000000086800000, 0x00000000868fffc8, 0x0000000086900000| 99%| O|  |TAMS 0x0000000086800000| PB 0x0000000086800000| Untracked 
|   3|0x0000000086900000, 0x0000000086a00000, 0x0000000086a00000|100%| O|  |TAMS 0x0000000086900000| PB 0x0000000086900000| Untracked 
|   4|0x0000000086a00000, 0x0000000086afffe0, 0x0000000086b00000| 99%| O|  |TAMS 0x0000000086a00000| PB 0x0000000086a00000| Untracked 
|   5|0x0000000086b00000, 0x0000000086bffff8, 0x0000000086c00000| 99%| O|  |TAMS 0x0000000086b00000| PB 0x0000000086b00000| Untracked 
|   6|0x0000000086c00000, 0x0000000086cfffd0, 0x0000000086d00000| 99%| O|  |TAMS 0x0000000086c00000| PB 0x0000000086c00000| Untracked 
|   7|0x0000000086d00000, 0x0000000086dfffa8, 0x0000000086e00000| 99%| O|  |TAMS 0x0000000086d00000| PB 0x0000000086d00000| Untracked 
|   8|0x0000000086e00000, 0x0000000086effff8, 0x0000000086f00000| 99%| O|  |TAMS 0x0000000086e00000| PB 0x0000000086e00000| Untracked 
|   9|0x0000000086f00000, 0x0000000087000000, 0x0000000087000000|100%| O|  |TAMS 0x0000000086f00000| PB 0x0000000086f00000| Untracked 
|  10|0x0000000087000000, 0x00000000870fffc0, 0x0000000087100000| 99%| O|  |TAMS 0x0000000087000000| PB 0x0000000087000000| Untracked 
|  11|0x0000000087100000, 0x0000000087200000, 0x0000000087200000|100%| O|  |TAMS 0x0000000087100000| PB 0x0000000087100000| Untracked 
|  12|0x0000000087200000, 0x00000000872ffff8, 0x0000000087300000| 99%| O|  |TAMS 0x0000000087200000| PB 0x0000000087200000| Untracked 
|  13|0x0000000087300000, 0x00000000873fea28, 0x0000000087400000| 99%| O|  |TAMS 0x0000000087300000| PB 0x0000000087300000| Untracked 
|  14|0x0000000087400000, 0x00000000874ffff8, 0x0000000087500000| 99%| O|  |TAMS 0x0000000087400000| PB 0x0000000087400000| Untracked 
|  15|0x0000000087500000, 0x00000000875fffe0, 0x0000000087600000| 99%| O|  |TAMS 0x0000000087500000| PB 0x0000000087500000| Untracked 
|  16|0x0000000087600000, 0x00000000876ff3c8, 0x0000000087700000| 99%| O|  |TAMS 0x0000000087600000| PB 0x0000000087600000| Untracked 
|  17|0x0000000087700000, 0x00000000877ffff8, 0x0000000087800000| 99%| O|  |TAMS 0x0000000087700000| PB 0x0000000087700000| Untracked 
|  18|0x0000000087800000, 0x00000000878fffc0, 0x0000000087900000| 99%| O|  |TAMS 0x0000000087800000| PB 0x0000000087800000| Untracked 
|  19|0x0000000087900000, 0x00000000879fffc0, 0x0000000087a00000| 99%| O|  |TAMS 0x0000000087900000| PB 0x0000000087900000| Untracked 
|  20|0x0000000087a00000, 0x0000000087affff8, 0x0000000087b00000| 99%| O|  |TAMS 0x0000000087a00000| PB 0x0000000087a00000| Untracked 
|  21|0x0000000087b00000, 0x0000000087bf0180, 0x0000000087c00000| 93%| O|  |TAMS 0x0000000087b00000| PB 0x0000000087b00000| Untracked 
|  22|0x0000000087c00000, 0x0000000087cb4850, 0x0000000087d00000| 70%| O|  |TAMS 0x0000000087c00000| PB 0x0000000087c00000| Untracked 
|  23|0x0000000087d00000, 0x0000000087da20f0, 0x0000000087e00000| 63%| O|  |TAMS 0x0000000087d00000| PB 0x0000000087d00000| Untracked 
|  24|0x0000000087e00000, 0x0000000087e1b8e0, 0x0000000087f00000| 10%| O|Cm|TAMS 0x0000000087e00000| PB 0x0000000087e00000| Complete 
|  25|0x0000000087f00000, 0x0000000087f9c398, 0x0000000088000000| 61%| O|  |TAMS 0x0000000087f00000| PB 0x0000000087f00000| Untracked 
|  26|0x0000000088000000, 0x0000000088100000, 0x0000000088100000|100%| O|  |TAMS 0x0000000088000000| PB 0x0000000088000000| Untracked 
|  27|0x0000000088100000, 0x0000000088200000, 0x0000000088200000|100%| O|  |TAMS 0x0000000088100000| PB 0x0000000088100000| Untracked 
|  28|0x0000000088200000, 0x000000008823a740, 0x0000000088300000| 22%| O|  |TAMS 0x0000000088200000| PB 0x0000000088200000| Untracked 
|  29|0x0000000088300000, 0x0000000088300000, 0x0000000088400000|  0%| F|  |TAMS 0x0000000088300000| PB 0x0000000088300000| Untracked 
|  30|0x0000000088400000, 0x0000000088400000, 0x0000000088500000|  0%| F|  |TAMS 0x0000000088400000| PB 0x0000000088400000| Untracked 
|  31|0x0000000088500000, 0x0000000088500000, 0x0000000088600000|  0%| F|  |TAMS 0x0000000088500000| PB 0x0000000088500000| Untracked 
|  32|0x0000000088600000, 0x0000000088600000, 0x0000000088700000|  0%| F|  |TAMS 0x0000000088600000| PB 0x0000000088600000| Untracked 
|  33|0x0000000088700000, 0x0000000088700000, 0x0000000088800000|  0%| F|  |TAMS 0x0000000088700000| PB 0x0000000088700000| Untracked 
|  34|0x0000000088800000, 0x0000000088800000, 0x0000000088900000|  0%| F|  |TAMS 0x0000000088800000| PB 0x0000000088800000| Untracked 
|  35|0x0000000088900000, 0x00000000889cc178, 0x0000000088a00000| 79%| S|CS|TAMS 0x0000000088900000| PB 0x0000000088900000| Complete 
|  36|0x0000000088a00000, 0x0000000088b00000, 0x0000000088b00000|100%| S|CS|TAMS 0x0000000088a00000| PB 0x0000000088a00000| Complete 
|  37|0x0000000088b00000, 0x0000000088b00000, 0x0000000088c00000|  0%| F|  |TAMS 0x0000000088b00000| PB 0x0000000088b00000| Untracked 
|  38|0x0000000088c00000, 0x0000000088c00000, 0x0000000088d00000|  0%| F|  |TAMS 0x0000000088c00000| PB 0x0000000088c00000| Untracked 
|  39|0x0000000088d00000, 0x0000000088d00000, 0x0000000088e00000|  0%| F|  |TAMS 0x0000000088d00000| PB 0x0000000088d00000| Untracked 
|  40|0x0000000088e00000, 0x0000000088e00000, 0x0000000088f00000|  0%| F|  |TAMS 0x0000000088e00000| PB 0x0000000088e00000| Untracked 
|  41|0x0000000088f00000, 0x0000000088f00000, 0x0000000089000000|  0%| F|  |TAMS 0x0000000088f00000| PB 0x0000000088f00000| Untracked 
|  42|0x0000000089000000, 0x0000000089000000, 0x0000000089100000|  0%| F|  |TAMS 0x0000000089000000| PB 0x0000000089000000| Untracked 
|  43|0x0000000089100000, 0x0000000089100000, 0x0000000089200000|  0%| F|  |TAMS 0x0000000089100000| PB 0x0000000089100000| Untracked 
|  44|0x0000000089200000, 0x0000000089200000, 0x0000000089300000|  0%| F|  |TAMS 0x0000000089200000| PB 0x0000000089200000| Untracked 
|  45|0x0000000089300000, 0x0000000089300000, 0x0000000089400000|  0%| F|  |TAMS 0x0000000089300000| PB 0x0000000089300000| Untracked 
|  46|0x0000000089400000, 0x0000000089400000, 0x0000000089500000|  0%| F|  |TAMS 0x0000000089400000| PB 0x0000000089400000| Untracked 
|  47|0x0000000089500000, 0x0000000089500000, 0x0000000089600000|  0%| F|  |TAMS 0x0000000089500000| PB 0x0000000089500000| Untracked 
|  48|0x0000000089600000, 0x0000000089600000, 0x0000000089700000|  0%| F|  |TAMS 0x0000000089600000| PB 0x0000000089600000| Untracked 
|  49|0x0000000089700000, 0x0000000089700000, 0x0000000089800000|  0%| F|  |TAMS 0x0000000089700000| PB 0x0000000089700000| Untracked 
|  50|0x0000000089800000, 0x0000000089800000, 0x0000000089900000|  0%| F|  |TAMS 0x0000000089800000| PB 0x0000000089800000| Untracked 
|  51|0x0000000089900000, 0x0000000089900000, 0x0000000089a00000|  0%| F|  |TAMS 0x0000000089900000| PB 0x0000000089900000| Untracked 
|  52|0x0000000089a00000, 0x0000000089a00000, 0x0000000089b00000|  0%| F|  |TAMS 0x0000000089a00000| PB 0x0000000089a00000| Untracked 
|  53|0x0000000089b00000, 0x0000000089b00000, 0x0000000089c00000|  0%| F|  |TAMS 0x0000000089b00000| PB 0x0000000089b00000| Untracked 
|  54|0x0000000089c00000, 0x0000000089c00000, 0x0000000089d00000|  0%| F|  |TAMS 0x0000000089c00000| PB 0x0000000089c00000| Untracked 
|  55|0x0000000089d00000, 0x0000000089d00000, 0x0000000089e00000|  0%| F|  |TAMS 0x0000000089d00000| PB 0x0000000089d00000| Untracked 
|  56|0x0000000089e00000, 0x0000000089e00000, 0x0000000089f00000|  0%| F|  |TAMS 0x0000000089e00000| PB 0x0000000089e00000| Untracked 
|  57|0x0000000089f00000, 0x0000000089f00000, 0x000000008a000000|  0%| F|  |TAMS 0x0000000089f00000| PB 0x0000000089f00000| Untracked 
|  58|0x000000008a000000, 0x000000008a000000, 0x000000008a100000|  0%| F|  |TAMS 0x000000008a000000| PB 0x000000008a000000| Untracked 
|  59|0x000000008a100000, 0x000000008a100000, 0x000000008a200000|  0%| F|  |TAMS 0x000000008a100000| PB 0x000000008a100000| Untracked 
|  60|0x000000008a200000, 0x000000008a200000, 0x000000008a300000|  0%| F|  |TAMS 0x000000008a200000| PB 0x000000008a200000| Untracked 
|  61|0x000000008a300000, 0x000000008a300000, 0x000000008a400000|  0%| F|  |TAMS 0x000000008a300000| PB 0x000000008a300000| Untracked 
|  62|0x000000008a400000, 0x000000008a400000, 0x000000008a500000|  0%| F|  |TAMS 0x000000008a400000| PB 0x000000008a400000| Untracked 
|  63|0x000000008a500000, 0x000000008a500000, 0x000000008a600000|  0%| F|  |TAMS 0x000000008a500000| PB 0x000000008a500000| Untracked 
|  64|0x000000008a600000, 0x000000008a600000, 0x000000008a700000|  0%| F|  |TAMS 0x000000008a600000| PB 0x000000008a600000| Untracked 
|  65|0x000000008a700000, 0x000000008a700000, 0x000000008a800000|  0%| F|  |TAMS 0x000000008a700000| PB 0x000000008a700000| Untracked 
|  66|0x000000008a800000, 0x000000008a8c6110, 0x000000008a900000| 77%| E|  |TAMS 0x000000008a800000| PB 0x000000008a800000| Complete 
|  67|0x000000008a900000, 0x000000008aa00000, 0x000000008aa00000|100%| E|CS|TAMS 0x000000008a900000| PB 0x000000008a900000| Complete 
|  68|0x000000008aa00000, 0x000000008ab00000, 0x000000008ab00000|100%| E|CS|TAMS 0x000000008aa00000| PB 0x000000008aa00000| Complete 
|  69|0x000000008ab00000, 0x000000008ac00000, 0x000000008ac00000|100%| E|CS|TAMS 0x000000008ab00000| PB 0x000000008ab00000| Complete 
| 120|0x000000008de00000, 0x000000008df00000, 0x000000008df00000|100%| E|CS|TAMS 0x000000008de00000| PB 0x000000008de00000| Complete 
| 121|0x000000008df00000, 0x000000008e000000, 0x000000008e000000|100%| E|CS|TAMS 0x000000008df00000| PB 0x000000008df00000| Complete 

Card table byte_map: [0x0000020dfc8b0000,0x0000020dfcc80000] _byte_map_base: 0x0000020dfc47d000

Marking Bits: (CMBitMap*) 0x0000020df0d5f5d0
 Bits: [0x0000020dfcc80000, 0x0000020dfeae8000)

Polling page: 0x0000020deec90000

Metaspace:

Usage:
  Non-class:     43.54 MB used.
      Class:      6.57 MB used.
       Both:     50.11 MB used.

Virtual space:
  Non-class space:       64.00 MB reserved,      44.00 MB ( 69%) committed,  1 nodes.
      Class space:        1.00 GB reserved,       7.00 MB ( <1%) committed,  1 nodes.
             Both:        1.06 GB reserved,      51.00 MB (  5%) committed. 

Chunk freelists:
   Non-Class:  3.97 MB
       Class:  9.04 MB
        Both:  13.00 MB

MaxMetaspaceSize: unlimited
CompressedClassSpaceSize: 1.00 GB
Initial GC threshold: 21.00 MB
Current GC threshold: 84.94 MB
CDS: on
 - commit_granule_bytes: 65536.
 - commit_granule_words: 8192.
 - virtual_space_node_default_size: 8388608.
 - enlarge_chunks_in_place: 1.
 - use_allocation_guard: 0.


Internal statistics:

num_allocs_failed_limit: 6.
num_arena_births: 3556.
num_arena_deaths: 2572.
num_vsnodes_births: 2.
num_vsnodes_deaths: 0.
num_space_committed: 824.
num_space_uncommitted: 8.
num_chunks_returned_to_freelist: 3767.
num_chunks_taken_from_freelist: 6863.
num_chunk_merges: 585.
num_chunk_splits: 2842.
num_chunks_enlarged: 1692.
num_inconsistent_stats: 0.

CodeCache: size=49152Kb used=15566Kb max_used=21937Kb free=33585Kb
 bounds [0x0000020df93d0000, 0x0000020dfa9b0000, 0x0000020dfc3d0000]
 total_blobs=7722 nmethods=7068 adapters=577
 compilation: enabled
              stopped_count=0, restarted_count=0
 full_count=0

Compilation events (20 events):
Event: 95254.284 Thread 0x0000020dc9176920 16381       1       java.lang.System::lineSeparator (4 bytes)
Event: 95254.284 Thread 0x0000020dff5bd1f0 16370       1       ch.qos.logback.classic.spi.PackagingDataCalculator::computeBySTEP (81 bytes)
Event: 95254.284 Thread 0x0000020dc9176920 nmethod 16381 0x0000020df9c9d610 code [0x0000020df9c9d7a0, 0x0000020df9c9d858]
Event: 95254.284 Thread 0x0000020dc9176920 16371       1       ch.qos.logback.classic.spi.StackTraceElementProxy::setClassPackagingData (23 bytes)
Event: 95254.285 Thread 0x0000020dc9176920 nmethod 16371 0x0000020df9c9d190 code [0x0000020df9c9d340, 0x0000020df9c9d518]
Event: 95254.285 Thread 0x0000020dc9176920 16372       1       java.lang.ClassLoader::definePackage (29 bytes)
Event: 95254.285 Thread 0x0000020dff5bd1f0 nmethod 16370 0x0000020df9c9c890 code [0x0000020df9c9caa0, 0x0000020df9c9cea8]
Event: 95254.286 Thread 0x0000020dc9176920 nmethod 16372 0x0000020df9c9c410 code [0x0000020df9c9c5e0, 0x0000020df9c9c788]
Event: 95254.290 Thread 0x0000020dff5bd1f0 16382       1       java.text.DontCareFieldPosition::getFieldDelegate (5 bytes)
Event: 95254.290 Thread 0x0000020dff5bd1f0 nmethod 16382 0x0000020df9c9c110 code [0x0000020df9c9c2a0, 0x0000020df9c9c368]
Event: 95254.290 Thread 0x0000020dc9176920 16383       1       java.text.SimpleDateFormat::format (171 bytes)
Event: 95254.292 Thread 0x0000020dc9176920 nmethod 16383 0x0000020df9d0d510 code [0x0000020df9d0d740, 0x0000020df9d0de88]
Event: 95254.294 Thread 0x0000020dff5bd1f0 16384       1       java.util.Calendar::get (10 bytes)
Event: 95254.294 Thread 0x0000020dff5bd1f0 nmethod 16384 0x0000020df9c9bd10 code [0x0000020df9c9bec0, 0x0000020df9c9bff0]
Event: 95254.295 Thread 0x0000020dff5bd1f0 16385       1       java.util.Calendar::getFieldStrings (128 bytes)
Event: 95254.296 Thread 0x0000020dff5bd1f0 nmethod 16385 0x0000020df9d0ca10 code [0x0000020df9d0cc20, 0x0000020df9d0d108]
Event: 95254.296 Thread 0x0000020dc9176920 16386       1       org.apache.tomcat.util.buf.MessageBytes::recycle (35 bytes)
Event: 95254.297 Thread 0x0000020dc9176920 nmethod 16386 0x0000020df9c9b910 code [0x0000020df9c9baa0, 0x0000020df9c9bc00]
Event: 95254.297 Thread 0x0000020dff5bd1f0 16387       1       org.apache.tomcat.util.buf.ByteChunk::recycle (10 bytes)
Event: 95254.297 Thread 0x0000020dff5bd1f0 nmethod 16387 0x0000020df9c9b510 code [0x0000020df9c9b6a0, 0x0000020df9c9b7a8]

GC Heap History (20 events):
Event: 90588.665 GC heap before
{Heap before GC invocations=131 (full 27):
 garbage-first heap   total 73728K, used 66113K [0x0000000086600000, 0x0000000100000000)
  region size 1024K, 37 young (37888K), 1 survivors (1024K)
 Metaspace       used 50949K, committed 52160K, reserved 1114112K
  class space    used 6677K, committed 7168K, reserved 1048576K
}
Event: 90588.681 GC heap after
{Heap after GC invocations=132 (full 27):
 garbage-first heap   total 73728K, used 29276K [0x0000000086600000, 0x0000000100000000)
  region size 1024K, 1 young (1024K), 1 survivors (1024K)
 Metaspace       used 50949K, committed 52160K, reserved 1114112K
  class space    used 6677K, committed 7168K, reserved 1048576K
}
Event: 91116.861 GC heap before
{Heap before GC invocations=132 (full 27):
 garbage-first heap   total 73728K, used 66140K [0x0000000086600000, 0x0000000100000000)
  region size 1024K, 37 young (37888K), 1 survivors (1024K)
 Metaspace       used 50994K, committed 52160K, reserved 1114112K
  class space    used 6685K, committed 7168K, reserved 1048576K
}
Event: 91116.902 GC heap after
{Heap after GC invocations=133 (full 27):
 garbage-first heap   total 73728K, used 29278K [0x0000000086600000, 0x0000000100000000)
  region size 1024K, 1 young (1024K), 1 survivors (1024K)
 Metaspace       used 50994K, committed 52160K, reserved 1114112K
  class space    used 6685K, committed 7168K, reserved 1048576K
}
Event: 91652.061 GC heap before
{Heap before GC invocations=134 (full 27):
 garbage-first heap   total 73728K, used 66142K [0x0000000086600000, 0x0000000100000000)
  region size 1024K, 37 young (37888K), 1 survivors (1024K)
 Metaspace       used 50994K, committed 52160K, reserved 1114112K
  class space    used 6685K, committed 7168K, reserved 1048576K
}
Event: 91652.070 GC heap after
{Heap after GC invocations=135 (full 27):
 garbage-first heap   total 73728K, used 29195K [0x0000000086600000, 0x0000000100000000)
  region size 1024K, 1 young (1024K), 1 survivors (1024K)
 Metaspace       used 50994K, committed 52160K, reserved 1114112K
  class space    used 6685K, committed 7168K, reserved 1048576K
}
Event: 94306.382 GC heap before
{Heap before GC invocations=135 (full 27):
 garbage-first heap   total 73728K, used 66059K [0x0000000086600000, 0x0000000100000000)
  region size 1024K, 37 young (37888K), 1 survivors (1024K)
 Metaspace       used 50994K, committed 52160K, reserved 1114112K
  class space    used 6685K, committed 7168K, reserved 1048576K
}
Event: 94306.459 GC heap after
{Heap after GC invocations=136 (full 27):
 garbage-first heap   total 73728K, used 28463K [0x0000000086600000, 0x0000000100000000)
  region size 1024K, 1 young (1024K), 1 survivors (1024K)
 Metaspace       used 50994K, committed 52160K, reserved 1114112K
  class space    used 6685K, committed 7168K, reserved 1048576K
}
Event: 94724.067 GC heap before
{Heap before GC invocations=136 (full 27):
 garbage-first heap   total 73728K, used 66351K [0x0000000086600000, 0x0000000100000000)
  region size 1024K, 38 young (38912K), 1 survivors (1024K)
 Metaspace       used 51080K, committed 52160K, reserved 1114112K
  class space    used 6705K, committed 7168K, reserved 1048576K
}
Event: 94724.089 GC heap after
{Heap after GC invocations=137 (full 27):
 garbage-first heap   total 73728K, used 28952K [0x0000000086600000, 0x0000000100000000)
  region size 1024K, 2 young (2048K), 2 survivors (2048K)
 Metaspace       used 51080K, committed 52160K, reserved 1114112K
  class space    used 6705K, committed 7168K, reserved 1048576K
}
Event: 95011.251 GC heap before
{Heap before GC invocations=138 (full 27):
 garbage-first heap   total 73728K, used 49432K [0x0000000086600000, 0x0000000100000000)
  region size 1024K, 23 young (23552K), 2 survivors (2048K)
 Metaspace       used 51100K, committed 52160K, reserved 1114112K
  class space    used 6708K, committed 7168K, reserved 1048576K
}
Event: 95011.431 GC heap after
{Heap after GC invocations=139 (full 28):
 garbage-first heap   total 73728K, used 23496K [0x0000000086600000, 0x0000000100000000)
  region size 1024K, 0 young (0K), 0 survivors (0K)
 Metaspace       used 50892K, committed 52096K, reserved 1114112K
  class space    used 6667K, committed 7168K, reserved 1048576K
}
Event: 95012.953 GC heap before
{Heap before GC invocations=139 (full 28):
 garbage-first heap   total 73728K, used 64456K [0x0000000086600000, 0x0000000100000000)
  region size 1024K, 41 young (41984K), 0 survivors (0K)
 Metaspace       used 51035K, committed 52096K, reserved 1114112K
  class space    used 6702K, committed 7168K, reserved 1048576K
}
Event: 95012.960 GC heap after
{Heap after GC invocations=140 (full 28):
 garbage-first heap   total 73728K, used 27632K [0x0000000086600000, 0x0000000100000000)
  region size 1024K, 5 young (5120K), 5 survivors (5120K)
 Metaspace       used 51035K, committed 52096K, reserved 1114112K
  class space    used 6702K, committed 7168K, reserved 1048576K
}
Event: 95022.027 GC heap before
{Heap before GC invocations=141 (full 28):
 garbage-first heap   total 73728K, used 54256K [0x0000000086600000, 0x0000000100000000)
  region size 1024K, 33 young (33792K), 5 survivors (5120K)
 Metaspace       used 51216K, committed 52096K, reserved 1114112K
  class space    used 6726K, committed 7168K, reserved 1048576K
}
Event: 95022.096 GC heap after
{Heap after GC invocations=142 (full 29):
 garbage-first heap   total 73728K, used 24560K [0x0000000086600000, 0x0000000100000000)
  region size 1024K, 0 young (0K), 0 survivors (0K)
 Metaspace       used 51140K, committed 52096K, reserved 1114112K
  class space    used 6708K, committed 7168K, reserved 1048576K
}
Event: 95022.914 GC heap before
{Heap before GC invocations=142 (full 29):
 garbage-first heap   total 73728K, used 64496K [0x0000000086600000, 0x0000000100000000)
  region size 1024K, 40 young (40960K), 0 survivors (0K)
 Metaspace       used 51194K, committed 52096K, reserved 1114112K
  class space    used 6717K, committed 7168K, reserved 1048576K
}
Event: 95022.917 GC heap after
{Heap after GC invocations=143 (full 29):
 garbage-first heap   total 73728K, used 27612K [0x0000000086600000, 0x0000000100000000)
  region size 1024K, 3 young (3072K), 3 survivors (3072K)
 Metaspace       used 51194K, committed 52096K, reserved 1114112K
  class space    used 6717K, committed 7168K, reserved 1048576K
}
Event: 95217.106 GC heap before
{Heap before GC invocations=144 (full 29):
 garbage-first heap   total 73728K, used 62428K [0x0000000086600000, 0x0000000100000000)
  region size 1024K, 38 young (38912K), 3 survivors (3072K)
 Metaspace       used 51248K, committed 52160K, reserved 1114112K
  class space    used 6722K, committed 7168K, reserved 1048576K
}
Event: 95217.114 GC heap after
{Heap after GC invocations=145 (full 29):
 garbage-first heap   total 73728K, used 28682K [0x0000000086600000, 0x0000000100000000)
  region size 1024K, 2 young (2048K), 2 survivors (2048K)
 Metaspace       used 51248K, committed 52160K, reserved 1114112K
  class space    used 6722K, committed 7168K, reserved 1048576K
}

Dll operation events (12 events):
Event: 0.031 Loaded shared library C:\pleiades\2024-03\java\21\bin\java.dll
Event: 0.287 Loaded shared library C:\pleiades\2024-03\java\21\bin\zip.dll
Event: 0.292 Loaded shared library C:\pleiades\2024-03\java\21\bin\instrument.dll
Event: 0.298 Loaded shared library C:\pleiades\2024-03\java\21\bin\net.dll
Event: 0.300 Loaded shared library C:\pleiades\2024-03\java\21\bin\nio.dll
Event: 0.304 Loaded shared library C:\pleiades\2024-03\java\21\bin\zip.dll
Event: 0.441 Loaded shared library C:\pleiades\2024-03\java\21\bin\jimage.dll
Event: 0.499 Loaded shared library C:\pleiades\2024-03\java\21\bin\management.dll
Event: 0.509 Loaded shared library C:\pleiades\2024-03\java\21\bin\management_ext.dll
Event: 0.714 Loaded shared library C:\pleiades\2024-03\java\21\bin\verify.dll
Event: 0.896 Loaded shared library C:\pleiades\2024-03\java\21\bin\extnet.dll
Event: 2.270 Loaded shared library C:\pleiades\2024-03\java\21\bin\sunmscapi.dll

Deoptimization events (20 events):
Event: 95254.268 Thread 0x0000020dc901e990 DEOPT PACKING pc=0x0000020df9648c7c sp=0x0000009c7b1fc370
Event: 95254.268 Thread 0x0000020dc901e990 DEOPT UNPACKING pc=0x0000020df94288e2 sp=0x0000009c7b1fb838 mode 1
Event: 95254.268 Thread 0x0000020dc901e990 DEOPT PACKING pc=0x0000020dfa6c2344 sp=0x0000009c7b1fc490
Event: 95254.268 Thread 0x0000020dc901e990 DEOPT UNPACKING pc=0x0000020df94288e2 sp=0x0000009c7b1fba68 mode 1
Event: 95254.268 Thread 0x0000020dc901e990 DEOPT PACKING pc=0x0000020df9a8941c sp=0x0000009c7b1fc680
Event: 95254.268 Thread 0x0000020dc901e990 DEOPT UNPACKING pc=0x0000020df94288e2 sp=0x0000009c7b1fbbf0 mode 1
Event: 95254.268 Thread 0x0000020dc901e990 DEOPT PACKING pc=0x0000020df9f8bf2c sp=0x0000009c7b1fc7c0
Event: 95254.268 Thread 0x0000020dc901e990 DEOPT UNPACKING pc=0x0000020df94288e2 sp=0x0000009c7b1fbce0 mode 1
Event: 95254.268 Thread 0x0000020dc901e990 DEOPT PACKING pc=0x0000020df9a9a0a4 sp=0x0000009c7b1fc900
Event: 95254.268 Thread 0x0000020dc901e990 DEOPT UNPACKING pc=0x0000020df94288e2 sp=0x0000009c7b1fbe68 mode 1
Event: 95254.268 Thread 0x0000020dc901e990 DEOPT PACKING pc=0x0000020df9c4d26c sp=0x0000009c7b1fca70
Event: 95254.268 Thread 0x0000020dc901e990 DEOPT UNPACKING pc=0x0000020df94288e2 sp=0x0000009c7b1fc148 mode 1
Event: 95254.268 Thread 0x0000020dc901e990 DEOPT PACKING pc=0x0000020df9e7e464 sp=0x0000009c7b1fd610
Event: 95254.268 Thread 0x0000020dc901e990 DEOPT UNPACKING pc=0x0000020df94288e2 sp=0x0000009c7b1fcb18 mode 1
Event: 95254.268 Thread 0x0000020dc901e990 DEOPT PACKING pc=0x0000020df9e8a3f4 sp=0x0000009c7b1fd7c0
Event: 95254.268 Thread 0x0000020dc901e990 DEOPT UNPACKING pc=0x0000020df94288e2 sp=0x0000009c7b1fccb0 mode 1
Event: 95254.297 Thread 0x0000020dc901e990 DEOPT PACKING pc=0x0000020dfa079d54 sp=0x0000009c7b1ff340
Event: 95254.297 Thread 0x0000020dc901e990 DEOPT UNPACKING pc=0x0000020df94288e2 sp=0x0000009c7b1fe790 mode 0
Event: 95267.209 Thread 0x0000020dc90231c0 DEOPT PACKING pc=0x0000020df9b7fabc sp=0x0000009c7abfd240
Event: 95267.209 Thread 0x0000020dc90231c0 DEOPT UNPACKING pc=0x0000020df94288e2 sp=0x0000009c7abfc6e8 mode 0

Classes loaded (20 events):
Event: 3227.800 Loading class java/io/WriteAbortedException
Event: 3227.800 Loading class java/io/WriteAbortedException done
Event: 3227.801 Loading class sun/security/provider/SecureRandom
Event: 3227.801 Loading class sun/security/provider/SecureRandom done
Event: 3227.805 Loading class sun/security/provider/SecureRandom$SeederHolder
Event: 3227.805 Loading class sun/security/provider/SecureRandom$SeederHolder done
Event: 3383.251 Loading class java/io/FileOutputStream$1
Event: 3383.251 Loading class java/io/FileOutputStream$1 done
Event: 3383.731 Loading class java/io/InvalidClassException
Event: 3383.731 Loading class java/io/InvalidClassException done
Event: 3484.188 Loading class java/time/DurationEditor
Event: 3484.188 Loading class java/time/DurationEditor done
Event: 3494.017 Loading class java/lang/StringEditor
Event: 3494.017 Loading class java/lang/StringEditor done
Event: 40627.908 Loading class java/rmi/server/UnicastRemoteObject
Event: 40627.955 Loading class java/rmi/server/UnicastRemoteObject done
Event: 94420.755 Loading class java/lang/StringEditor
Event: 94420.758 Loading class java/lang/StringEditor done
Event: 95013.083 Loading class java/time/DurationEditor
Event: 95013.083 Loading class java/time/DurationEditor done

Classes unloaded (20 events):
Event: 95022.044 Thread 0x0000020dff5754d0 Unloading class 0x0000020d83574000 'java/lang/invoke/LambdaForm$MH+0x0000020d83574000'
Event: 95022.044 Thread 0x0000020dff5754d0 Unloading class 0x0000020d83005400 'java/lang/invoke/LambdaForm$MH+0x0000020d83005400'
Event: 95022.044 Thread 0x0000020dff5754d0 Unloading class 0x0000020d833c0c00 'java/lang/invoke/LambdaForm$MH+0x0000020d833c0c00'
Event: 95022.044 Thread 0x0000020dff5754d0 Unloading class 0x0000020d83183400 'java/lang/invoke/LambdaForm$MH+0x0000020d83183400'
Event: 95022.044 Thread 0x0000020dff5754d0 Unloading class 0x0000020d836d9c00 'java/lang/invoke/LambdaForm$MH+0x0000020d836d9c00'
Event: 95022.044 Thread 0x0000020dff5754d0 Unloading class 0x0000020d8344b000 'java/lang/invoke/LambdaForm$MH+0x0000020d8344b000'
Event: 95022.044 Thread 0x0000020dff5754d0 Unloading class 0x0000020d835e2000 'java/lang/invoke/LambdaForm$MH+0x0000020d835e2000'
Event: 95022.044 Thread 0x0000020dff5754d0 Unloading class 0x0000020d830c8c00 'java/lang/invoke/LambdaForm$MH+0x0000020d830c8c00'
Event: 95022.044 Thread 0x0000020dff5754d0 Unloading class 0x0000020d836a6400 'java/lang/invoke/LambdaForm$MH+0x0000020d836a6400'
Event: 95022.044 Thread 0x0000020dff5754d0 Unloading class 0x0000020d836ed800 'org/apache/catalina/loader/JdbcLeakPrevention'
Event: 95022.044 Thread 0x0000020dff5754d0 Unloading class 0x0000020d83004000 'java/lang/invoke/LambdaForm$MH+0x0000020d83004000'
Event: 95022.044 Thread 0x0000020dff5754d0 Unloading class 0x0000020d83465800 'java/lang/invoke/LambdaForm$MH+0x0000020d83465800'
Event: 95022.044 Thread 0x0000020dff5754d0 Unloading class 0x0000020d8344a400 'java/lang/invoke/LambdaForm$MH+0x0000020d8344a400'
Event: 95022.044 Thread 0x0000020dff5754d0 Unloading class 0x0000020d83464400 'java/lang/invoke/LambdaForm$MH+0x0000020d83464400'
Event: 95022.044 Thread 0x0000020dff5754d0 Unloading class 0x0000020d83600400 'java/lang/invoke/LambdaForm$MH+0x0000020d83600400'
Event: 95022.044 Thread 0x0000020dff5754d0 Unloading class 0x0000020d83009c00 'java/lang/invoke/LambdaForm$MH+0x0000020d83009c00'
Event: 95022.044 Thread 0x0000020dff5754d0 Unloading class 0x0000020d83409c00 'java/lang/invoke/LambdaForm$MH+0x0000020d83409c00'
Event: 95022.044 Thread 0x0000020dff5754d0 Unloading class 0x0000020d836a4400 'java/lang/invoke/LambdaForm$MH+0x0000020d836a4400'
Event: 95022.044 Thread 0x0000020dff5754d0 Unloading class 0x0000020d83565800 'java/lang/invoke/LambdaForm$MH+0x0000020d83565800'
Event: 95022.044 Thread 0x0000020dff5754d0 Unloading class 0x0000020d836ba000 'java/lang/invoke/LambdaForm$MH+0x0000020d836ba000'

Classes redefined (20 events):
Event: 95020.273 Thread 0x0000020dff5754d0 redefined class name=myenglish.web.quiz.MyEnglishQuizController, count=1
Event: 95020.273 Thread 0x0000020dff5754d0 redefined class name=myenglish.web.quiz.MyEnglishQuizController, count=1
Event: 95020.273 Thread 0x0000020dff5754d0 redefined class name=myenglish.web.quiz.MyEnglishQuizController, count=1
Event: 95020.273 Thread 0x0000020dff5754d0 redefined class name=myenglish.web.quiz.MyEnglishQuizController, count=1
Event: 95020.273 Thread 0x0000020dff5754d0 redefined class name=myenglish.web.quiz.MyEnglishQuizController, count=1
Event: 95020.273 Thread 0x0000020dff5754d0 redefined class name=myenglish.web.quiz.MyEnglishQuizController, count=1
Event: 95020.273 Thread 0x0000020dff5754d0 redefined class name=myenglish.web.quiz.MyEnglishQuizController, count=1
Event: 95020.273 Thread 0x0000020dff5754d0 redefined class name=myenglish.web.quiz.MyEnglishQuizController, count=1
Event: 95267.239 Thread 0x0000020dff5754d0 redefined class name=myenglish.web.quiz.MyEnglishQuizController, count=2
Event: 95267.239 Thread 0x0000020dff5754d0 redefined class name=myenglish.web.quiz.MyEnglishQuizController, count=2
Event: 95267.239 Thread 0x0000020dff5754d0 redefined class name=myenglish.web.quiz.MyEnglishQuizController, count=2
Event: 95267.239 Thread 0x0000020dff5754d0 redefined class name=myenglish.web.quiz.MyEnglishQuizController, count=2
Event: 95267.239 Thread 0x0000020dff5754d0 redefined class name=myenglish.web.quiz.MyEnglishQuizController, count=2
Event: 95267.239 Thread 0x0000020dff5754d0 redefined class name=myenglish.web.quiz.MyEnglishQuizController, count=2
Event: 95267.239 Thread 0x0000020dff5754d0 redefined class name=myenglish.web.quiz.MyEnglishQuizController, count=2
Event: 95267.240 Thread 0x0000020dff5754d0 redefined class name=myenglish.web.quiz.MyEnglishQuizController, count=2
Event: 95267.240 Thread 0x0000020dff5754d0 redefined class name=myenglish.web.quiz.MyEnglishQuizController, count=2
Event: 95267.240 Thread 0x0000020dff5754d0 redefined class name=myenglish.web.quiz.MyEnglishQuizController, count=2
Event: 95267.240 Thread 0x0000020dff5754d0 redefined class name=myenglish.web.quiz.MyEnglishQuizController, count=1
Event: 95267.240 Thread 0x0000020dff5754d0 redefined class name=myenglish.web.quiz.MyEnglishQuizController, count=2

Internal exceptions (20 events):
Event: 95012.430 Thread 0x0000020dc794b3f0 Exception <a 'java/lang/NoClassDefFoundError'{0x00000000896e2f70}: liquibase/integration/spring/SpringLiquibase> (0x00000000896e2f70) 
thrown [s\src\hotspot\share\oops\constantPool.cpp, line 871]
Event: 95012.437 Thread 0x0000020dc794b3f0 Exception <a 'java/lang/NoClassDefFoundError'{0x00000000896fc7f8}: org/springframework/batch/core/repository/JobRepository> (0x00000000896fc7f8) 
thrown [s\src\hotspot\share\oops\constantPool.cpp, line 871]
Event: 95012.440 Thread 0x0000020dc794b3f0 Exception <a 'java/lang/NoClassDefFoundError'{0x00000000896fce50}: org/quartz/Scheduler> (0x00000000896fce50) 
thrown [s\src\hotspot\share\oops\constantPool.cpp, line 871]
Event: 95012.441 Thread 0x0000020dc794b3f0 Exception <a 'java/lang/NoClassDefFoundError'{0x00000000896fd4f0}: org/springframework/session/jdbc/JdbcIndexedSessionRepository> (0x00000000896fd4f0) 
thrown [s\src\hotspot\share\oops\constantPool.cpp, line 871]
Event: 95012.451 Thread 0x0000020dc794b3f0 Exception <a 'java/lang/NoClassDefFoundError'{0x000000008954bfa0}: org/jooq/DSLContext> (0x000000008954bfa0) 
thrown [s\src\hotspot\share\oops\constantPool.cpp, line 871]
Event: 95012.452 Thread 0x0000020dc794b3f0 Exception <a 'java/lang/NoClassDefFoundError'{0x000000008954d880}: jakarta/persistence/EntityManagerFactory> (0x000000008954d880) 
thrown [s\src\hotspot\share\oops\constantPool.cpp, line 871]
Event: 95012.572 Thread 0x0000020dc794b3f0 Exception <a 'java/lang/NoSuchMethodError'{0x0000000088fad5a0}: 'int java.lang.invoke.DirectMethodHandle$Holder.invokeVirtual(java.lang.Object, java.lang.Object, java.lang.Object, java.lang.Object)'> (0x0000000088fad5a0) 
thrown [s\src\hotspot\share\interpreter\linkResolver.cpp, line 773]
Event: 95012.572 Thread 0x0000020dc794b3f0 Exception <a 'java/lang/NoSuchMethodError'{0x0000000088fb0b68}: 'int java.lang.invoke.DelegatingMethodHandle$Holder.reinvoke_L(java.lang.Object, java.lang.Object, java.lang.Object, java.lang.Object)'> (0x0000000088fb0b68) 
thrown [s\src\hotspot\share\interpreter\linkResolver.cpp, line 773]
Event: 95012.589 Thread 0x0000020dc794b3f0 Exception <a 'java/io/FileNotFoundException'{0x0000000088e2f010}> (0x0000000088e2f010) 
thrown [s\src\hotspot\share\prims\jni.cpp, line 520]
Event: 95022.026 Thread 0x0000020dc79478e0 Exception <a 'java/lang/InterruptedException'{0x000000008928b160}: sleep interrupted> (0x000000008928b160) 
thrown [s\src\hotspot\share\prims\jvm.cpp, line 3074]
Event: 95022.132 Thread 0x0000020dc9023ee0 Exception <a 'sun/nio/fs/WindowsException'{0x000000008df98960}> (0x000000008df98960) 
thrown [s\src\hotspot\share\prims\jni.cpp, line 520]
Event: 95022.594 Thread 0x0000020dc9023ee0 Exception <a 'java/lang/NoClassDefFoundError'{0x0000000089740b48}: org/flywaydb/core/Flyway> (0x0000000089740b48) 
thrown [s\src\hotspot\share\oops\constantPool.cpp, line 871]
Event: 95022.596 Thread 0x0000020dc9023ee0 Exception <a 'java/lang/NoClassDefFoundError'{0x00000000897411a8}: liquibase/integration/spring/SpringLiquibase> (0x00000000897411a8) 
thrown [s\src\hotspot\share\oops\constantPool.cpp, line 871]
Event: 95022.602 Thread 0x0000020dc9023ee0 Exception <a 'java/lang/NoClassDefFoundError'{0x0000000089758f88}: org/springframework/batch/core/repository/JobRepository> (0x0000000089758f88) 
thrown [s\src\hotspot\share\oops\constantPool.cpp, line 871]
Event: 95022.603 Thread 0x0000020dc9023ee0 Exception <a 'java/lang/NoClassDefFoundError'{0x00000000897595e0}: org/quartz/Scheduler> (0x00000000897595e0) 
thrown [s\src\hotspot\share\oops\constantPool.cpp, line 871]
Event: 95022.605 Thread 0x0000020dc9023ee0 Exception <a 'java/lang/NoClassDefFoundError'{0x0000000089759c60}: org/springframework/session/jdbc/JdbcIndexedSessionRepository> (0x0000000089759c60) 
thrown [s\src\hotspot\share\oops\constantPool.cpp, line 871]
Event: 95022.609 Thread 0x0000020dc9023ee0 Exception <a 'java/lang/NoClassDefFoundError'{0x0000000089798dc8}: org/jooq/DSLContext> (0x0000000089798dc8) 
thrown [s\src\hotspot\share\oops\constantPool.cpp, line 871]
Event: 95022.611 Thread 0x0000020dc9023ee0 Exception <a 'java/lang/NoClassDefFoundError'{0x000000008979a6a8}: jakarta/persistence/EntityManagerFactory> (0x000000008979a6a8) 
thrown [s\src\hotspot\share\oops\constantPool.cpp, line 871]
Event: 95022.683 Thread 0x0000020dc9023ee0 Exception <a 'java/io/FileNotFoundException'{0x00000000891722e0}> (0x00000000891722e0) 
thrown [s\src\hotspot\share\prims\jni.cpp, line 520]
Event: 95119.575 Thread 0x0000020dc7947f70 Exception <a 'java/lang/NoSuchMethodError'{0x000000008918d5c8}: static [B.<clinit>()V> (0x000000008918d5c8) 
thrown [s\src\hotspot\share\prims\jni.cpp, line 1106]

ZGC Phase Switch (0 events):
No events

VM Operations (20 events):
Event: 95267.417 Executing VM operation: ChangeBreakpoints
Event: 95267.421 Executing VM operation: ChangeBreakpoints done
Event: 95267.439 Executing VM operation: ChangeBreakpoints
Event: 95267.442 Executing VM operation: ChangeBreakpoints done
Event: 95267.455 Executing VM operation: ChangeBreakpoints
Event: 95267.458 Executing VM operation: ChangeBreakpoints done
Event: 95267.467 Executing VM operation: ChangeBreakpoints
Event: 95267.470 Executing VM operation: ChangeBreakpoints done
Event: 95267.480 Executing VM operation: ChangeBreakpoints
Event: 95267.482 Executing VM operation: ChangeBreakpoints done
Event: 95267.492 Executing VM operation: ChangeBreakpoints
Event: 95267.494 Executing VM operation: ChangeBreakpoints done
Event: 95267.502 Executing VM operation: ChangeBreakpoints
Event: 95267.506 Executing VM operation: ChangeBreakpoints done
Event: 95267.514 Executing VM operation: ChangeBreakpoints
Event: 95267.517 Executing VM operation: ChangeBreakpoints done
Event: 95267.528 Executing VM operation: ChangeBreakpoints
Event: 95267.530 Executing VM operation: ChangeBreakpoints done
Event: 95267.546 Executing VM operation: ChangeSingleStep
Event: 95267.546 Executing VM operation: ChangeSingleStep done

Events (20 events):
Event: 95023.205 Thread 0x0000020dc794ce30 Thread added: 0x0000020dc794ce30
Event: 95023.206 Thread 0x0000020dc794a040 Thread added: 0x0000020dc794a040
Event: 95023.206 Thread 0x0000020dc794a6d0 Thread added: 0x0000020dc794a6d0
Event: 95023.206 Thread 0x0000020dc7948600 Thread added: 0x0000020dc7948600
Event: 95023.206 Thread 0x0000020dc7949320 Thread added: 0x0000020dc7949320
Event: 95023.206 Thread 0x0000020dc794ad60 Thread added: 0x0000020dc794ad60
Event: 95023.213 Thread 0x0000020dc794b3f0 Thread added: 0x0000020dc794b3f0
Event: 95023.213 Thread 0x0000020dc7946bc0 Thread added: 0x0000020dc7946bc0
Event: 95023.223 Thread 0x0000020dc9023ee0 Thread exited: 0x0000020dc9023ee0
Event: 95023.223 Thread 0x0000020dc9021e10 Thread exited: 0x0000020dc9021e10
Event: 95028.589 Thread 0x0000020dc9255010 Thread exited: 0x0000020dc9255010
Event: 95028.590 Thread 0x0000020dc9176920 Thread exited: 0x0000020dc9176920
Event: 95028.591 Thread 0x0000020dc721faa0 Thread exited: 0x0000020dc721faa0
Event: 95028.828 Thread 0x0000020dc9021780 Thread exited: 0x0000020dc9021780
Event: 95238.795 Thread 0x0000020dc9176920 Thread added: 0x0000020dc9176920
Event: 95244.669 Thread 0x0000020dc9176920 Thread exited: 0x0000020dc9176920
Event: 95245.805 Thread 0x0000020dc7948c90 Thread exited: 0x0000020dc7948c90
Event: 95254.281 Thread 0x0000020dc9176920 Thread added: 0x0000020dc9176920
Event: 95254.297 Thread 0x0000020dc901e990 Thread exited: 0x0000020dc901e990
Event: 95259.306 Thread 0x0000020dc9176920 Thread exited: 0x0000020dc9176920


Dynamic libraries:
0x00007ff773060000 - 0x00007ff77306e000 	C:\pleiades\2024-03\java\21\bin\javaw.exe
0x00007ff818370000 - 0x00007ff818587000 	C:\WINDOWS\SYSTEM32\ntdll.dll
0x00007ff817510000 - 0x00007ff8175d4000 	C:\WINDOWS\System32\KERNEL32.DLL
0x00007ff815a50000 - 0x00007ff815dfc000 	C:\WINDOWS\System32\KERNELBASE.dll
0x00007ff815e00000 - 0x00007ff815f11000 	C:\WINDOWS\System32\ucrtbase.dll
0x00007ff80f3a0000 - 0x00007ff80f3bb000 	C:\pleiades\2024-03\java\21\bin\VCRUNTIME140.dll
0x00007ff808900000 - 0x00007ff808918000 	C:\pleiades\2024-03\java\21\bin\jli.dll
0x00007ff816110000 - 0x00007ff8162be000 	C:\WINDOWS\System32\USER32.dll
0x00007ff801c40000 - 0x00007ff801ed3000 	C:\WINDOWS\WinSxS\amd64_microsoft.windows.common-controls_6595b64144ccf1df_6.0.22621.3672_none_2713b9d173822955\COMCTL32.dll
0x00007ff815a20000 - 0x00007ff815a46000 	C:\WINDOWS\System32\win32u.dll
0x00007ff817b50000 - 0x00007ff817b79000 	C:\WINDOWS\System32\GDI32.dll
0x00007ff817700000 - 0x00007ff8177a7000 	C:\WINDOWS\System32\msvcrt.dll
0x00007ff8156a0000 - 0x00007ff8157b9000 	C:\WINDOWS\System32\gdi32full.dll
0x00007ff815f20000 - 0x00007ff815fba000 	C:\WINDOWS\System32\msvcp_win.dll
0x00007ff816950000 - 0x00007ff816981000 	C:\WINDOWS\System32\IMM32.DLL
0x00007ff8128b0000 - 0x00007ff8128bc000 	C:\pleiades\2024-03\java\21\bin\vcruntime140_1.dll
0x00007fffeacb0000 - 0x00007fffead3e000 	C:\pleiades\2024-03\java\21\bin\msvcp140.dll
0x00007fffaa740000 - 0x00007fffab4c3000 	C:\pleiades\2024-03\java\21\bin\server\jvm.dll
0x00007ff817b80000 - 0x00007ff817c32000 	C:\WINDOWS\System32\ADVAPI32.dll
0x00007ff817970000 - 0x00007ff817a1a000 	C:\WINDOWS\System32\sechost.dll
0x00007ff8157c0000 - 0x00007ff8157e8000 	C:\WINDOWS\System32\bcrypt.dll
0x00007ff816830000 - 0x00007ff816945000 	C:\WINDOWS\System32\RPCRT4.dll
0x00007ff817680000 - 0x00007ff8176f1000 	C:\WINDOWS\System32\WS2_32.dll
0x00007ff814fc0000 - 0x00007ff81500d000 	C:\WINDOWS\SYSTEM32\POWRPROF.dll
0x00007ff80e910000 - 0x00007ff80e944000 	C:\WINDOWS\SYSTEM32\WINMM.dll
0x00007ff80cc40000 - 0x00007ff80cc4a000 	C:\WINDOWS\SYSTEM32\VERSION.dll
0x00007ff814ef0000 - 0x00007ff814f03000 	C:\WINDOWS\SYSTEM32\UMPDC.dll
0x00007ff8146d0000 - 0x00007ff8146e8000 	C:\WINDOWS\SYSTEM32\kernel.appcore.dll
0x00007ff80f8a0000 - 0x00007ff80f8aa000 	C:\pleiades\2024-03\java\21\bin\jimage.dll
0x00007ff8120a0000 - 0x00007ff8122d2000 	C:\WINDOWS\SYSTEM32\DBGHELP.DLL
0x00007ff816420000 - 0x00007ff8167a8000 	C:\WINDOWS\System32\combase.dll
0x00007ff817a70000 - 0x00007ff817b47000 	C:\WINDOWS\System32\OLEAUT32.dll
0x00007ff80d7e0000 - 0x00007ff80d812000 	C:\WINDOWS\SYSTEM32\dbgcore.DLL
0x00007ff816030000 - 0x00007ff8160ab000 	C:\WINDOWS\System32\bcryptPrimitives.dll
0x00007ff80f230000 - 0x00007ff80f26c000 	C:\pleiades\2024-03\java\21\bin\jdwp.dll
0x00007ff80f310000 - 0x00007ff80f31f000 	C:\pleiades\2024-03\java\21\bin\instrument.dll
0x00007ff8096f0000 - 0x00007ff80970f000 	C:\pleiades\2024-03\java\21\bin\java.dll
0x00007ff816b80000 - 0x00007ff8173dc000 	C:\WINDOWS\System32\SHELL32.dll
0x00007ff8135f0000 - 0x00007ff813ee7000 	C:\WINDOWS\SYSTEM32\windows.storage.dll
0x00007ff8134b0000 - 0x00007ff8135ef000 	C:\WINDOWS\SYSTEM32\wintypes.dll
0x00007ff8173f0000 - 0x00007ff8174e4000 	C:\WINDOWS\System32\SHCORE.dll
0x00007ff817600000 - 0x00007ff81765e000 	C:\WINDOWS\System32\shlwapi.dll
0x00007ff8155d0000 - 0x00007ff8155f1000 	C:\WINDOWS\SYSTEM32\profapi.dll
0x00007ff8128d0000 - 0x00007ff8128dc000 	C:\pleiades\2024-03\java\21\bin\dt_socket.dll
0x00007ff814140000 - 0x00007ff81416d000 	C:\WINDOWS\SYSTEM32\IPHLPAPI.DLL
0x00007ff814b40000 - 0x00007ff814ba9000 	C:\WINDOWS\system32\mswsock.dll
0x00007ff814170000 - 0x00007ff814268000 	C:\WINDOWS\SYSTEM32\DNSAPI.dll
0x00007ff817960000 - 0x00007ff817969000 	C:\WINDOWS\System32\NSI.dll
0x00007ff80d7d0000 - 0x00007ff80d7da000 	C:\Windows\System32\rasadhlp.dll
0x00007ff80e060000 - 0x00007ff80e0e3000 	C:\WINDOWS\System32\fwpuclnt.dll
0x00007fffd28a0000 - 0x00007fffd28b8000 	C:\pleiades\2024-03\java\21\bin\zip.dll
0x00007ff80f2c0000 - 0x00007ff80f2d0000 	C:\pleiades\2024-03\java\21\bin\net.dll
0x00007ff810f80000 - 0x00007ff8110b6000 	C:\WINDOWS\SYSTEM32\WINHTTP.dll
0x00007fffd2880000 - 0x00007fffd2896000 	C:\pleiades\2024-03\java\21\bin\nio.dll
0x00007ff8105c0000 - 0x00007ff8105ca000 	C:\pleiades\2024-03\java\21\bin\management.dll
0x00007ff80f330000 - 0x00007ff80f33b000 	C:\pleiades\2024-03\java\21\bin\management_ext.dll
0x00007ff8173e0000 - 0x00007ff8173e8000 	C:\WINDOWS\System32\PSAPI.DLL
0x00007ff801f50000 - 0x00007ff801f67000 	C:\WINDOWS\system32\napinsp.dll
0x00007ff801f30000 - 0x00007ff801f4b000 	C:\WINDOWS\system32\pnrpnsp.dll
0x00007ff801f10000 - 0x00007ff801f21000 	C:\WINDOWS\System32\winrnr.dll
0x00007ff80d970000 - 0x00007ff80d985000 	C:\WINDOWS\system32\wshbth.dll
0x00007ff801ee0000 - 0x00007ff801f07000 	C:\WINDOWS\system32\nlansp_c.dll
0x00007ff80f8b0000 - 0x00007ff80f8c0000 	C:\pleiades\2024-03\java\21\bin\verify.dll
0x00007ff814da0000 - 0x00007ff814dbb000 	C:\WINDOWS\SYSTEM32\CRYPTSP.dll
0x00007ff814630000 - 0x00007ff814665000 	C:\WINDOWS\system32\rsaenh.dll
0x00007ff814c40000 - 0x00007ff814c68000 	C:\WINDOWS\SYSTEM32\USERENV.dll
0x00007ff814dc0000 - 0x00007ff814dcc000 	C:\WINDOWS\SYSTEM32\CRYPTBASE.dll
0x00007ff80c6c0000 - 0x00007ff80c6c9000 	C:\pleiades\2024-03\java\21\bin\extnet.dll
0x00007ff80da20000 - 0x00007ff80da2e000 	C:\pleiades\2024-03\java\21\bin\sunmscapi.dll
0x00007ff8158b0000 - 0x00007ff815a17000 	C:\WINDOWS\System32\CRYPT32.dll
0x00007ff815050000 - 0x00007ff81507e000 	C:\WINDOWS\SYSTEM32\ncrypt.dll
0x00007ff815010000 - 0x00007ff815047000 	C:\WINDOWS\SYSTEM32\NTASN1.dll
0x00007ff810600000 - 0x00007ff810608000 	C:\WINDOWS\system32\wshunix.dll

dbghelp: loaded successfully - version: 4.0.5 - missing functions: none
symbol engine: initialized successfully - sym options: 0x614 - pdb path: .;C:\pleiades\2024-03\java\21\bin;C:\WINDOWS\SYSTEM32;C:\WINDOWS\WinSxS\amd64_microsoft.windows.common-controls_6595b64144ccf1df_6.0.22621.3672_none_2713b9d173822955;C:\pleiades\2024-03\java\21\bin\server

VM Arguments:
jvm_args: -Dfile.encoding=UTF-8 -Dsun.jnu.encoding=UTF-8 -XX:+ShowCodeDetailsInExceptionMessages -agentlib:jdwp=transport=dt_socket,suspend=y,address=localhost:58081 -Dcom.sun.management.jmxremote -Dcom.sun.management.jmxremote.port=58080 -Dcom.sun.management.jmxremote.authenticate=false -Dcom.sun.management.jmxremote.ssl=false -Djava.rmi.server.hostname=localhost -Dspring.jmx.enabled=true -Dmanagement.endpoints.jmx.exposure.include=* -Dspring.application.admin.enabled=true -XX:TieredStopAtLevel=1 -Dspring.boot.project.name=MyEnglishServer -javaagent:C:\pleiades\2024-03\eclipse\configuration\org.eclipse.osgi\251\0\.cp\lib\javaagent-shaded.jar -Dfile.encoding=UTF-8 -Dstdout.encoding=UTF-8 -Dstderr.encoding=UTF-8 
java_command: myenglish.MyEnglishServerApplication --spring.output.ansi.enabled=always
java_class_path (initial): C:\pleiades\2024-03\workspace\MyEnglishServer\bin\main;C:\Users\R\.gradle\caches\modules-2\files-2.1\org.projectlombok\lombok\1.18.32\17d46b3e205515e1e8efd3ee4d57ce8018914163\lombok-1.18.32.jar;C:\Users\R\.gradle\caches\modules-2\files-2.1\org.springframework.boot\spring-boot-starter-thymeleaf\3.2.7-SNAPSHOT\87eb6f1ec9e86d2db917e6711afb1843e04536c7\spring-boot-starter-thymeleaf-3.2.7-SNAPSHOT.jar;C:\Users\R\.gradle\caches\modules-2\files-2.1\org.springframework.boot\spring-boot-starter-validation\3.2.7-SNAPSHOT\cdf716576e17c2be22ae31ed8c5bf6b8268b1d5c\spring-boot-starter-validation-3.2.7-SNAPSHOT.jar;C:\Users\R\.gradle\caches\modules-2\files-2.1\org.springframework.boot\spring-boot-starter-web\3.2.7-SNAPSHOT\407e82f7d030552978a563792eff4e841ef3b570\spring-boot-starter-web-3.2.7-SNAPSHOT.jar;C:\Users\R\.gradle\caches\modules-2\files-2.1\org.mybatis.spring.boot\mybatis-spring-boot-starter\3.0.3\19528356bf8bad2be5f8bf796dfc30bcc4996054\mybatis-spring-boot-starter-3.0.3.jar;C:\Users\R\.gradle\caches\modules-2\files-2.1\org.springframework.boot\spring-boot-starter-json\3.2.7-SNAPSHOT\35f5e13da815c2bc9026ada23fc628470a8fd252\spring-boot-starter-json-3.2.7-SNAPSHOT.jar;C:\Users\R\.gradle\caches\modules-2\files-2.1\org.springframework.boot\spring-boot-starter-jdbc\3.2.7-SNAPSHOT\9ebb171d28178727cfb1521311b2bc95d8d8855a\spring-boot-starter-jdbc-3.2.7-SNAPSHOT.jar;C:\Users\R\.gradle\caches\modules-2\files-2.1\org.springframework.boot\spring-boot-starter\3.2.7-SNAPSHOT\3820020fd4cf3e7668a5189fd0acac57562c75dc\spring-boot-starter-3.2.7-SNAPSHOT.jar;C:\Users\R\.gradle\caches\modules-2\files-2.1\org.thymeleaf\thymeleaf-spring6\3.1.2.RELEASE\6030c7b4e260c41336f378e53da6e8531263f24b\thymeleaf-spring6-3.1.2.RELEASE.jar;C:\Users\R\.gradle\caches\modules-2\files-2.1\org.springframework.boot\spring-boot-starter-tomcat\3.2.7-SNAPSHOT\1431ee0976a7a452159cbc183645391a504e8862\spring-boot-starter-tomcat-3.2.7-SNAPSHOT.jar;C:\Users\R\.gradle\caches\modules-2\files-2.1\org.apache.tomcat.embed\tomcat-embed-el\10.1.25\2f030e4971e29245c10e58723fb6b364ce23933b\tomcat-embed-el-10.1.25.jar;C:\Users\R\.gradle\caches\modules-2\files-2.1\org.hibernate.validator\hibernate-validator\8.0.1.Final\e49e116b3d3928060599b176b3538bb848718e95\hibernate-validator-8.0.1.Final.jar;C:\Users\R\.gradle\caches\modules-2\files-2.1\org.springframework\spring-webmvc\6.1.10\476344c2f21ab070bc72108375d9355f2ec0ddd1\spring-webmvc-6.1.10.jar;C:\Users\R\.gradle\caches\modules-2\files-2.1\org.springframework\spring-web\6.1.10\876a856af61ef5712fb9a3013b798aa2b4a9475e\spring-web-6.1.10.jar;C:\Users\R\.gradle\caches\modules-2\files-2.1\org.mybatis.spring.boot\mybatis-spring-boot-autoconfigure\3.0.3\b73a2effa4f60a2eeca98aa12ea3437faede0f73\mybatis-spring-boot-autoconfigure-3.0.3.jar;C:\Users\R\.gradle\caches\modules-2\files-2.1\org.mybatis\mybatis\3.5.14\d94d2267d1caf1c31748123e671dcea5ad1a6f8\mybatis-3.5.14.jar;C:\Users\R\.gradle\caches\modules-2\files-2.1\org.mybatis\mybatis-spring\3.0.3\5a4ab31bfb62bca615b39ade93de2a607e9b9403\mybatis-spring-3.0.3.jar;C:\Users\R\.gradle\caches\modules-2\files-2.1\org.springframework.boot\spring-boot-autoconfigure\3.2.7-SNAPSHOT\5518d1b3cae2ff7efbafbf132545e68470921358\spring-boot-autoconfigure-3.2.7-SNAPSHOT.jar;C:\Users\R\.gradle\caches\modules-2\files-2.1\org.springframework.boot\spring-boot\3.2.7-SNAPSHOT\c6c068b34e05514291d81469152a6c51bbf88cce\spring-boot-3.2.7-SNAPSHOT.jar;C:\Users\R\.gradle\caches\modules-2\files-2.1\org.springframework.boot\spring-boot-starter-logging\3.2.7-SNAPSHOT\52d8e2512095142817683969a788f30fd22e8be2\spring-boot-starter-logging-3.2.7-SNAPSHOT.jar;C:\Users\R\.gradle\caches\modules-2\files-2.1\jakarta.annotation\jakarta.annotation-api\2.1.1\48b9bda22b091b1f48b13af03fe36db3be6e1ae3\jakarta.annotation-api-2.1.1.jar;C:\Users\R\.gradle\caches\modules-2\files-2.1\org.springframework\spring-context\6.1.10\6f869ea35a26028f3bfbfb52c72ef2b077fbb6e5\spring-context-6.1.10.jar;C:\Users\R\.gradle\caches\modules-2\files-2.1\org.springframework\spring-aop\6.1.10\aa6a147eb08820fb503a992a8fe2c9fee3439129\spring-aop-6.1.10.jar;C:\Users\R\.gradle\caches\modules-2\files-2.1\org.springframework\spring-jdbc\6.1.10\bba7d7de1d944443bd9e45d0ebcbbb6ec6864be0\spring-jdbc-6.1.10.jar;C:\Users\R\.gradle\caches\modules-2\files-2.1\org.springframework\spring-tx\6.1.10\1a2361bc1881ed1a0dc2e09561e8f560e1949c8e\spring-tx-6.1.10.jar;C:\Users\R\.gradle\caches\modules-2\files-2.1\org.springframework\spring-beans\6.1.10\a49252929fb2918f73eb7659ef98dff7306a7c2c\spring-beans-6.1.10.jar;C:\Users\R\.gradle\caches\modules-2\files-2.1\org.springframework\spring-expression\6.1.10\a17d61f1388d0e13d6e7a740304e9d648fffc7c\spring-expression-6.1.10.jar;C:\Users\R\.gradle\caches\modules-2\files-2.1\org.springframework\spring-core\6.1.10\eaf5b1f3e3bb5aa8b45ab255cf3270c1c4578f1d\spring-core-6.1.10.jar;C:\Users\R\.gradle\caches\modules-2\files-2.1\org.yaml\snakeyaml\2.2\3af797a25458550a16bf89acc8e4ab2b7f2bfce0\snakeyaml-2.2.jar;C:\Users\R\.gradle\caches\modules-2\files-2.1\org.thymeleaf\thymeleaf\3.1.2.RELEASE\273997509a4c7aef86cee0521750140c587d9be2\thymeleaf-3.1.2.RELEASE.jar;C:\Users\R\.gradle\caches\modules-2\files-2.1\com.zaxxer\HikariCP\5.0.1\a74c7f0a37046846e88d54f7cb6ea6d565c65f9c\HikariCP-5.0.1.jar;C:\Users\R\.gradle\caches\modules-2\files-2.1\ch.qos.logback\logback-classic\1.4.14\d98bc162275134cdf1518774da4a2a17ef6fb94d\logback-classic-1.4.14.jar;C:\Users\R\.gradle\caches\modules-2\files-2.1\org.apache.logging.log4j\log4j-to-slf4j\2.21.1\d77b2ba81711ed596cd797cc2b5b5bd7409d841c\log4j-to-slf4j-2.21.1.jar;C:\Users\R\.gradle\caches\modules-2\files-2.1\org.slf4j\jul-to-slf4j\2.0.13\a3bcd9d9dd50c71ce69f06b1fd05e40fdeff6ba5\jul-to-slf4j-2.0.13.jar;C:\Users\R\.gradle\caches\modules-2\files-2.1\org.slf4j\slf4j-api\2.0.13\80229737f704b121a318bba5d5deacbcf395bc77\slf4j-api-2.0.13.jar;C:\Users\R\.gradle\caches\modules-2\files-2.1\jakarta.validation\jakarta.validation-api\3.0.2\92b6631659ba35ca09e44874d3eb936edfeee532\jakarta.validation-api-3.0.2.jar;C:\Users\R\.gradle\caches\modules-2\files-2.1\org.jboss.logging\jboss-logging\3.5.3.Final\c88fc1d8a96d4c3491f55d4317458ccad53ca663\jboss-logging-3.5.3.Final.jar;C:\Users\R\.gradle\caches\modules-2\files-2.1\com.fasterxml\classmate\1.6.0\91affab6f84a2182fce5dd72a8d01bc14346dddd\classmate-1.6.0.jar;C:\Users\R\.gradle\caches\modules-2\files-2.1\com.fasterxml.jackson.datatype\jackson-datatype-jsr310\2.15.4\7de629770a4559db57128d35ccae7d2fddd35db3\jackson-datatype-jsr310-2.15.4.jar;C:\Users\R\.gradle\caches\modules-2\files-2.1\com.fasterxml.jackson.module\jackson-module-parameter-names\2.15.4\e654497a08359db2521b69b5f710e00836915d8c\jackson-module-parameter-names-2.15.4.jar;C:\Users\R\.gradle\caches\modules-2\files-2.1\com.fasterxml.jackson.core\jackson-annotations\2.15.4\5223ea5a9bf52cdc9c5e537a0e52f2432eaf208b\jackson-annotations-2.15.4.jar;C:\Users\R\.gradle\caches\modules-2\files-2.1\com.fasterxml.jackson.core\jackson-core\2.15.4\aebe84b45360debad94f692a4074c6aceb535fa0\jackson-core-2.15.4.jar;C:\Users\R\.gradle\caches\modules-2\files-2.1\com.fasterxml.jackson.datatype\jackson-datatype-jdk8\2.15.4\694777f182334a21bf1aeab1b04cc4398c801f3f\jackson-datatype-jdk8-2.15.4.jar;C:\Users\R\.gradle\caches\modules-2\files-2.1\com.fasterxml.jackson.core\jackson-databind\2.15.4\560309fc381f77d4d15c4a4cdaa0db5025c4fd13\jackson-databind-2.15.4.jar;C:\Users\R\.gradle\caches\modules-2\files-2.1\org.apache.tomcat.embed\tomcat-embed-websocket\10.1.25\efd7848a9677e9a7cf8367b43213805eca70805\tomcat-embed-websocket-10.1.25.jar;C:\Users\R\.gradle\caches\modules-2\files-2.1\org.apache.tomcat.embed\tomcat-embed-core\10.1.25\c1e5ee12f537e6b4fea2b98a7160dcf0db610561\tomcat-embed-core-10.1.25.jar;C:\Users\R\.gradle\caches\modules-2\files-2.1\io.micrometer\micrometer-observation\1.12.7\41cf5c9848d65c1559b9e78809fb22b7d85ba337\micrometer-observation-1.12.7.jar;C:\Users\R\.gradle\caches\modules-2\files-2.1\org.springframework\spring-jcl\6.1.10\c22c18cf6ed7d768676816347f020a6868663224\spring-jcl-6.1.10.jar;C:\Users\R\.gradle\caches\modules-2\files-2.1\org.attoparser\attoparser\2.0.7.RELEASE\e5d0e988d9124139d645bb5872b24dfa23e283cc\attoparser-2.0.7.RELEASE.jar;C:\Users\R\.gradle\caches\modules-2\files-2.1\org.unbescape\unbescape\1.1.6.RELEASE\7b90360afb2b860e09e8347112800d12c12b2a13\unbescape-1.1.6.RELEASE.jar;C:\Users\R\.gradle\caches\modules-2\files-2.1\io.micrometer\micrometer-commons\1.12.7\c35759a840f3e5a0ceda8fbf42874a0e6c730c45\micrometer-commons-1.12.7.jar;C:\Users\R\.gradle\caches\modules-2\files-2.1\ch.qos.logback\logback-core\1.4.14\4d3c2248219ac0effeb380ed4c5280a80bf395e8\logback-core-1.4.14.jar;C:\Users\R\.gradle\caches\modules-2\files-2.1\org.apache.logging.log4j\log4j-api\2.21.1\74c65e87b9ce1694a01524e192d7be989ba70486\log4j-api-2.21.1.jar;C:\Users\R\.gradle\caches\modules-2\files-2.1\org.springframework.boot\spring-boot-devtools\3.2.7-SNAPSHOT\ec3742ed04077f1e11389b44df3f6c7041662d0c\spring-boot-devtools-3.2.7-SNAPSHOT.jar;C:\Users\R\.gradle\caches\modules-2\files-2.1\org.postgresql\postgresql\42.6.2\18c33c28326b2f81480833291b81f5eca080ab3c\postgresql-42.6.2.jar;C:\Users\R\.gradle\caches\modules-2\files-2.1\org.checkerframework\checker-qual\3.31.0\eeefd4af42e2f4221d145c1791582f91868f99ab\checker-qual-3.31.0.jar
Launcher Type: SUN_STANDARD

[Global flags]
     intx CICompilerCount                          = 4                                         {product} {ergonomic}
     uint ConcGCThreads                            = 2                                         {product} {ergonomic}
     uint G1ConcRefinementThreads                  = 8                                         {product} {ergonomic}
   size_t G1HeapRegionSize                         = 1048576                                   {product} {ergonomic}
    uintx GCDrainStackTargetSize                   = 64                                        {product} {ergonomic}
   size_t InitialHeapSize                          = 127926272                                 {product} {ergonomic}
     bool ManagementServer                         = true                                      {product} {command line}
   size_t MarkStackSize                            = 4194304                                   {product} {ergonomic}
   size_t MaxHeapSize                              = 2040528896                                {product} {ergonomic}
   size_t MaxNewSize                               = 1223688192                                {product} {ergonomic}
   size_t MinHeapDeltaBytes                        = 1048576                                   {product} {ergonomic}
   size_t MinHeapSize                              = 8388608                                   {product} {ergonomic}
    uintx NonNMethodCodeHeapSize                   = 4096                                   {pd product} {ergonomic}
    uintx NonProfiledCodeHeapSize                  = 0                                      {pd product} {ergonomic}
     bool ProfileInterpreter                       = false                                  {pd product} {command line}
    uintx ProfiledCodeHeapSize                     = 0                                      {pd product} {ergonomic}
     bool ShowCodeDetailsInExceptionMessages       = true                                   {manageable} {command line}
   size_t SoftMaxHeapSize                          = 2040528896                             {manageable} {ergonomic}
     intx TieredStopAtLevel                        = 1                                         {product} {command line}
     bool UseCompressedOops                        = true                           {product lp64_product} {ergonomic}
     bool UseG1GC                                  = true                                      {product} {ergonomic}
     bool UseLargePagesIndividualAllocation        = false                                  {pd product} {ergonomic}

Logging:
Log output configuration:
 #0: stdout all=warning uptime,level,tags foldmultilines=false
 #1: stderr all=off uptime,level,tags foldmultilines=false

Environment Variables:
JAVA_HOME=C:\Program Files\Java\jdk-21
JAVA_TOOL_OPTIONS=-Dfile.encoding=UTF-8 -Dsun.jnu.encoding=UTF-8
PATH=C:/pleiades/2024-03/java/21/bin/server;C:/pleiades/2024-03/java/21/bin;C:\Program Files\Java\jdk-21\bin;C:\Program Files\Common Files\Oracle\Java\javapath;C:\WINDOWS\system32;C:\WINDOWS;C:\WINDOWS\System32\Wbem;C:\WINDOWS\System32\WindowsPowerShell\v1.0\;C:\WINDOWS\System32\OpenSSH\;C:\Program Files\GitHub CLI\;C:\Program Files\Git\cmd;c:\Program Files\Mysql\mysql server 5.7\bin\;C:\Users\R\AppData\Local\Microsoft\WindowsApps;C:\Users\R\AppData\Local\Programs\Microsoft VS Code\bin;C:\tools\apache-maven-3.9.6\bin;C:\pleiades\2024-03\eclipse;
USERNAME=R
OS=Windows_NT
PROCESSOR_IDENTIFIER=Intel64 Family 6 Model 126 Stepping 5, GenuineIntel
TMP=C:\Users\R\AppData\Local\Temp
TEMP=C:\Users\R\AppData\Local\Temp




Periodic native trim disabled

---------------  S Y S T E M  ---------------

OS:
 Windows 11 , 64 bit Build 22621 (10.0.22621.3672)
OS uptime: 9 days 20:36 hours

CPU: total 8 (initial active 8) (4 cores per cpu, 2 threads per core) family 6 model 126 stepping 5 microcode 0xbc, cx8, cmov, fxsr, ht, mmx, 3dnowpref, sse, sse2, sse3, ssse3, sse4.1, sse4.2, popcnt, lzcnt, tsc, tscinvbit, avx, avx2, aes, erms, clmul, bmi1, bmi2, adx, avx512f, avx512dq, avx512cd, avx512bw, avx512vl, sha, fma, vzeroupper, avx512_vpopcntdq, avx512_vpclmulqdq, avx512_vaes, avx512_vnni, clflush, clflushopt, avx512_vbmi2, avx512_vbmi, rdtscp, rdpid, fsrm, gfni, avx512_bitalg, f16c, pku, avx512_ifma
Processor Information for processor 0
  Max Mhz: 1498, Current Mhz: 1098, Mhz Limit: 1093
Processor Information for processor 1
  Max Mhz: 1498, Current Mhz: 998, Mhz Limit: 1093
Processor Information for processor 2
  Max Mhz: 1498, Current Mhz: 1098, Mhz Limit: 1093
Processor Information for processor 3
  Max Mhz: 1498, Current Mhz: 1098, Mhz Limit: 1093
Processor Information for processor 4
  Max Mhz: 1498, Current Mhz: 998, Mhz Limit: 1093
Processor Information for processor 5
  Max Mhz: 1498, Current Mhz: 1098, Mhz Limit: 1093
Processor Information for processor 6
  Max Mhz: 1498, Current Mhz: 998, Mhz Limit: 1093
Processor Information for processor 7
  Max Mhz: 1498, Current Mhz: 998, Mhz Limit: 1093

Memory: 4k page, system-wide physical 7778M (1016M free)
TotalPageFile size 15535M (AvailPageFile size 3202M)
current process WorkingSet (physical memory assigned to process): 203M, peak: 223M
current process commit charge ("private bytes"): 262M, peak: 276M

vm_info: OpenJDK 64-Bit Server VM (21.0.2+13-LTS) for windows-amd64 JRE (21.0.2+13-LTS), built on 2024-01-16T00:00:00Z by "admin" with unknown MS VC++:1937

END.
